RMG execution initiated at Fri May  5 11:53:04 2017

#########################################################
# RMG-Py - Reaction Mechanism Generator in Python       #
# Version: 2.1.0                                        #
# Authors: RMG Developers (rmg_dev@mit.edu)             #
# P.I.s:   William H. Green (whgreen@mit.edu)           #
#          Richard H. West (r.west@neu.edu)             #
# Website: http://reactionmechanismgenerator.github.io/ #
#########################################################

The current git HEAD for RMG-Py is:
	d8efa928602cd1b3a5d122211099966a49d711d6
	Thu May 4 12:31:31 2017 -0400

The current git HEAD for RMG-database is:
	807e84095265da786177dccd931996a97d6e5c99
	Tue Apr 18 13:51:56 2017 -0400

Reading input file "/Users/nathan/Code/OOHabstraction/Biofuels/biofuelInput.py"...
# Data sources for kinetics
database(
    thermoLibraries = ['BurkeH2O2','primaryThermoLibrary','DFT_QCI_thermo','CBS_QB3_1dHR'],
    reactionLibraries = [],
    seedMechanisms = [],
    kineticsDepositories = 'default',
    #this section lists possible reaction families to find reactioons with
    kineticsFamilies = ['H_Abstraction']
    #kineticsEstimator = 'rate rules'
)

# List all species you want reactions between
species(
        label='OOH',
        reactive=True,
        structure=SMILES("[O]O"),
)

"""species(
        label='OH',
        reactive=True,
        structure=SMILES("[OH]"),
)

species(
        label='H',
        reactive=True,
        structure=SMILES("[H]"),
)


species(
        label='O',
        reactive=True,
        structure=SMILES("[O]"),
)

species(
        label='CH3',
        reactive=True,
        structure=SMILES("[CH3]"),
)

species(
        label='O2',
        reactive=True,
        structure=SMILES("OO"),
)"""

# The biofuels of interest

species(
        label='2,2,4-Trimethylpentane',
        reactive=True,
        structure=SMILES("CC(C)CC(C)(C)C"),
)

species(
        label='2,4-Dimethylhexane',
        reactive=True,
        structure=InChI("InChI=1S/C8H18/c1-5-8(4)6-7(2)3/h7-8H,5-6H2,1-4H3"),
)

species(
        label='3-Methylheptane',
        reactive=True,
        structure=SMILES("CCCCC(C)CC"),
)

species(
        label='2-methyl 2-butanol',
        reactive=True,
        structure=SMILES("CCC(C)(C)O"),
)

species(
        label='2-Methyl-1-pentanol',
        reactive=True,
        structure=SMILES("OCC(C)CCC"),
)

species(
        label='2,4-dimethyl-2-heptene',
        reactive=True,
        structure=InChI("InChI=1S/C9H18/c1-5-6-9(4)7-8(2)3/h7,9H,5-6H2,1-4H3"),
)

species(
        label='methylcyclopentane',
        reactive=True,
        structure=InChI("InChI=1S/C6H12/c1-6-4-2-3-5-6/h6H,2-5H2,1H3"),
)

species(
        label='Ocimene',
        reactive=True,
        structure=SMILES("C=C\C(=C\CCC(=C)C)C"),
)

species(
        label='Xylene',
        reactive=True,
        structure=SMILES("CC1=CC=C(C)C=C1"),
)

species(
        label='Diisobutyl ketone',
        reactive=True,
        structure=SMILES("CC(C)CC(=O)CC(C)C"),
)

species(
        label='Methyl 1,3-dimethylbutyl ketone',
        reactive=True,
        structure=SMILES("CC(C)CC(C)C(=O)C"),
)

species(
        label='2,3-di-tert-butoxypropanol',
        reactive=True,
        structure=SMILES("CC(C)(C)OCC(CO)OC(C)(C)C"),
)


species(
        label='2-(1-ethylpropoxy)-propane',
        reactive=True,
        structure=SMILES("CCC(CC)OC(C)C"),
)

# you must list reactor conditions (though this may not effect the output)
simpleReactor(
    temperature=(650,'K'),
    pressure=(10.0,'bar'),
    initialMoleFractions={
        '2,2,4-Trimethylpentane': 1,
    },
    terminationConversion={
        '2,2,4-Trimethylpentane': .99,
    },
#    terminationConversion={
#        '2,4-Dimethylhexane': .99,
#    },
    terminationTime=(120,'s'),
)

#optional module if you want to get pressure dependent kinetics.

#pressureDependence(
#     method='modified strong collision',
#     maximumGrainSize=(0.5,'kcal/mol'),
#     minimumNumberOfGrains=250,
#     temperatures=(300,2200,'K',2),
#     pressures=(0.01,100,'bar',3),
#     interpolation=('Chebyshev', 6, 4),
#     maximumAtoms=15,
#)

#optional module if you want to limit species produced in reactions.

#generatedSpeciesConstraints(
#    allowed=['input species','seed mechanisms','reaction libraries'],
#    maximumCarbonAtoms=4,
#    maximumOxygenAtoms=7,
#    maximumNitrogenAtoms=0,
#    maximumSiliconAtoms=0,
#    maximumSulfurAtoms=0,
#    maximumHeavyAtoms=20,
#    maximumRadicalElectrons=1,
#)


Loading thermodynamics library from BurkeH2O2.py in /Users/nathan/Code/RMG-database/input/thermo/libraries...
Loading thermodynamics library from primaryThermoLibrary.py in /Users/nathan/Code/RMG-database/input/thermo/libraries...
Loading thermodynamics library from DFT_QCI_thermo.py in /Users/nathan/Code/RMG-database/input/thermo/libraries...
Loading thermodynamics library from CBS_QB3_1dHR.py in /Users/nathan/Code/RMG-database/input/thermo/libraries...
Loading thermodynamics group database from /Users/nathan/Code/RMG-database/input/thermo/groups...
Loading transport library from GRI-Mech.py in /Users/nathan/Code/RMG-database/input/transport/libraries...
Loading transport library from PrimaryTransportLibrary.py in /Users/nathan/Code/RMG-database/input/transport/libraries...
Loading transport group database from /Users/nathan/Code/RMG-database/input/transport/groups...
Loading the user-specified kinetics families from /Users/nathan/Code/RMG-database/input/kinetics/families
Loading frequencies group database from /Users/nathan/Code/RMG-database/input/statmech/groups...
Loading Platts additivity group database from /Users/nathan/Code/RMG-database/input/solvation/groups...
Adding rate rules from training set in kinetics families...
Filling in rate rules in kinetics families by averaging...
NOT generating reactions for unreactive species Ar
Generating kinetics for new reactions...

Summary of Model Enlargement
---------------------------------
Added 1 new core species
    Ar
Created 0 new edge species
Added 0 new core reactions
Created 0 new edge reactions

After model enlargement:
    The model core has 1 species and 0 reactions
    The model edge has 14 species and 0 reactions


NOT generating reactions for unreactive species He
Generating kinetics for new reactions...

Summary of Model Enlargement
---------------------------------
Added 1 new core species
    He
Created 0 new edge species
Added 0 new core reactions
Created 0 new edge reactions

After model enlargement:
    The model core has 2 species and 0 reactions
    The model edge has 14 species and 0 reactions


NOT generating reactions for unreactive species Ne
Generating kinetics for new reactions...

Summary of Model Enlargement
---------------------------------
Added 1 new core species
    Ne
Created 0 new edge species
Added 0 new core reactions
Created 0 new edge reactions

After model enlargement:
    The model core has 3 species and 0 reactions
    The model edge has 14 species and 0 reactions


NOT generating reactions for unreactive species N2
Generating kinetics for new reactions...

Summary of Model Enlargement
---------------------------------
Added 1 new core species
    N2
Created 0 new edge species
Added 0 new core reactions
Created 0 new edge reactions

After model enlargement:
    The model core has 4 species and 0 reactions
    The model edge has 14 species and 0 reactions


Adding species OOH(1) to model core
Generating kinetics for new reactions...

Summary of Model Enlargement
---------------------------------
Added 1 new core species
    OOH(1)
Created 0 new edge species
Added 0 new core reactions
Created 0 new edge reactions

After model enlargement:
    The model core has 5 species and 0 reactions
    The model edge has 13 species and 0 reactions


Adding species 2,2,4-Trimethylpentane(2) to model core
Generating kinetics for new reactions...

Summary of Model Enlargement
---------------------------------
Added 1 new core species
    2,2,4-Trimethylpentane(2)
Created 0 new edge species
Added 0 new core reactions
Created 0 new edge reactions

After model enlargement:
    The model core has 6 species and 0 reactions
    The model edge has 12 species and 0 reactions


Adding species 2,4-Dimethylhexane(3) to model core
Generating kinetics for new reactions...

Summary of Model Enlargement
---------------------------------
Added 1 new core species
    2,4-Dimethylhexane(3)
Created 0 new edge species
Added 0 new core reactions
Created 0 new edge reactions

After model enlargement:
    The model core has 7 species and 0 reactions
    The model edge has 11 species and 0 reactions


Adding species 3-Methylheptane(4) to model core
Generating kinetics for new reactions...

Summary of Model Enlargement
---------------------------------
Added 1 new core species
    3-Methylheptane(4)
Created 0 new edge species
Added 0 new core reactions
Created 0 new edge reactions

After model enlargement:
    The model core has 8 species and 0 reactions
    The model edge has 10 species and 0 reactions


Adding species 2-methyl 2-butanol(5) to model core
Generating kinetics for new reactions...

Summary of Model Enlargement
---------------------------------
Added 1 new core species
    2-methyl 2-butanol(5)
Created 0 new edge species
Added 0 new core reactions
Created 0 new edge reactions

After model enlargement:
    The model core has 9 species and 0 reactions
    The model edge has 9 species and 0 reactions


Adding species 2-Methyl-1-pentanol(6) to model core
Generating kinetics for new reactions...

Summary of Model Enlargement
---------------------------------
Added 1 new core species
    2-Methyl-1-pentanol(6)
Created 0 new edge species
Added 0 new core reactions
Created 0 new edge reactions

After model enlargement:
    The model core has 10 species and 0 reactions
    The model edge has 8 species and 0 reactions


Adding species 2,4-dimethyl-2-heptene(7) to model core
Generating kinetics for new reactions...

Summary of Model Enlargement
---------------------------------
Added 1 new core species
    2,4-dimethyl-2-heptene(7)
Created 0 new edge species
Added 0 new core reactions
Created 0 new edge reactions

After model enlargement:
    The model core has 11 species and 0 reactions
    The model edge has 7 species and 0 reactions


Adding species methylcyclopentane(8) to model core
Generating kinetics for new reactions...

Summary of Model Enlargement
---------------------------------
Added 1 new core species
    methylcyclopentane(8)
Created 0 new edge species
Added 0 new core reactions
Created 0 new edge reactions

After model enlargement:
    The model core has 12 species and 0 reactions
    The model edge has 6 species and 0 reactions


Adding species Ocimene(9) to model core
Generating kinetics for new reactions...

Summary of Model Enlargement
---------------------------------
Added 1 new core species
    Ocimene(9)
Created 0 new edge species
Added 0 new core reactions
Created 0 new edge reactions

After model enlargement:
    The model core has 13 species and 0 reactions
    The model edge has 5 species and 0 reactions


Adding species Xylene(10) to model core
Generating kinetics for new reactions...

Summary of Model Enlargement
---------------------------------
Added 1 new core species
    Xylene(10)
Created 0 new edge species
Added 0 new core reactions
Created 0 new edge reactions

After model enlargement:
    The model core has 14 species and 0 reactions
    The model edge has 4 species and 0 reactions


Adding species Diisobutyl ketone(11) to model core
Generating kinetics for new reactions...

Summary of Model Enlargement
---------------------------------
Added 1 new core species
    Diisobutyl ketone(11)
Created 0 new edge species
Added 0 new core reactions
Created 0 new edge reactions

After model enlargement:
    The model core has 15 species and 0 reactions
    The model edge has 3 species and 0 reactions


Adding species Methyl 1,3-dimethylbutyl ketone(12) to model core
Generating kinetics for new reactions...

Summary of Model Enlargement
---------------------------------
Added 1 new core species
    Methyl 1,3-dimethylbutyl ketone(12)
Created 0 new edge species
Added 0 new core reactions
Created 0 new edge reactions

After model enlargement:
    The model core has 16 species and 0 reactions
    The model edge has 2 species and 0 reactions


Adding species 2,3-di-tert-butoxypropanol(13) to model core
Generating kinetics for new reactions...

Summary of Model Enlargement
---------------------------------
Added 1 new core species
    2,3-di-tert-butoxypropanol(13)
Created 0 new edge species
Added 0 new core reactions
Created 0 new edge reactions

After model enlargement:
    The model core has 17 species and 0 reactions
    The model edge has 1 species and 0 reactions


Adding species 2-(1-ethylpropoxy)-propane(14) to model core
Generating kinetics for new reactions...

Summary of Model Enlargement
---------------------------------
Added 1 new core species
    2-(1-ethylpropoxy)-propane(14)
Created 0 new edge species
Added 0 new core reactions
Created 0 new edge reactions

After model enlargement:
    The model core has 18 species and 0 reactions
    The model edge has 0 species and 0 reactions


Generating kinetics for new reactions...

Summary of Secondary Model Edge Enlargement
---------------------------------
Added 0 new core species
Created 73 new edge species
    [O][O](16)
    OO(15)
    C[C](C)CC(C)(C)C(17)
    CC(C)[CH]C(C)(C)C(18)
    [CH2]C(C)(C)CC(C)C(19)
    [CH2]C(C)CC(C)(C)C(20)
    CC[C](C)CC(C)C(21)
    CCC(C)C[C](C)C(22)
    CCC(C)[CH]C(C)C(23)
    C[CH]C(C)CC(C)C(24)
    [CH2]C(C)CC(C)CC(25)
    [CH2]C(CC)CC(C)C(26)
    [CH2]CC(C)CC(C)C(27)
    CCCC[C](C)CC(28)
    CCC[CH]C(C)CC(29)
    CC[CH]CC(C)CC(30)
    C[CH]C(C)CCCC(31)
    C[CH]CCC(C)CC(32)
    [CH2]C(CC)CCCC(33)
    [CH2]CCCC(C)CC(34)
    [CH2]CC(C)CCCC(35)
    C[CH]C(C)(C)O(36)
    [CH2]C(C)(O)CC(37)
    [CH2]CC(C)(C)O(38)
    CCC(C)(C)[O](39)
    CCC[C](C)CO(40)
    CC[CH]C(C)CO(41)
    C[CH]CC(C)CO(42)
    CCCC(C)[CH]O(43)
    [CH2]C(CO)CCC(44)
    [CH2]CCC(C)CO(45)
    CCCC(C)C[O](46)
    CCC[C](C)C=C(C)C(47)
    CC[CH]C(C)C=C(C)C(48)
    C[CH]CC(C)C=C(C)C(49)
    [CH2]C(C=C(C)C)CCC(50)
    [CH2]CCC(C)C=C(C)C(51)
    [CH2]C(C)=CC(C)CCC(52)
    CCCC(C)[C]=C(C)C(53)
    C[C]1CCCC1(54)
    CC1[CH]CCC1(55)
    CC1C[CH]CC1(56)
    [CH2]C1CCCC1(57)
    C=CC(C)=CC[CH]C(=C)C(58)
    C=CC(C)=C[CH]CC(=C)C(59)
    [CH2]C(=C)CCC=C(C)C=C(60)
    [CH2]C(C=C)=CCCC(=C)C(61)
    C=CC(C)=[C]CCC(=C)C(62)
    C=[C]C(C)=CCCC(=C)C(63)
    [CH]=C(C)CCC=C(C)C=C(64)
    [CH]=CC(C)=CCCC(=C)C(65)
    [CH2]c1ccc(C)cc1(66)
    Cc1[c]cc(C)cc1(67)
    C[C](C)CC(=O)CC(C)C(68)
    CC(C)[CH]C(=O)CC(C)C(69)
    [CH2]C(C)CC(=O)CC(C)C(70)
    C[C](C)CC(C)C(C)=O(71)
    C[C](CC(C)C)C(C)=O(72)
    CC(=O)C(C)[CH]C(C)C(73)
    [CH2]C(C)CC(C)C(C)=O(74)
    [CH2]C(CC(C)C)C(C)=O(75)
    [CH2]C(=O)C(C)CC(C)C(76)
    CC(C)(C)OC[C](CO)OC(C)(C)C(77)
    CC(C)(C)O[CH]C(CO)OC(C)(C)C(78)
    CC(C)(C)OCC([CH]O)OC(C)(C)C(79)
    [CH2]C(C)(C)OCC(CO)OC(C)(C)C(80)
    [CH2]C(C)(C)OC(CO)COC(C)(C)C(81)
    CC(C)(C)OCC(C[O])OC(C)(C)C(82)
    CC[C](CC)OC(C)C(83)
    CCC(CC)O[C](C)C(84)
    C[CH]C(CC)OC(C)C(85)
    [CH2]C(C)OC(CC)CC(86)
    [CH2]CC(CC)OC(C)C(87)
Added 0 new core reactions
Created 72 new edge reactions
    OOH(1) + OOH(1) <=> [O][O](16) + OO(15)
    2,2,4-Trimethylpentane(2) + OOH(1) <=> OO(15) + C[C](C)CC(C)(C)C(17)
    OO(15) + CC(C)[CH]C(C)(C)C(18) <=> 2,2,4-Trimethylpentane(2) + OOH(1)
    OO(15) + [CH2]C(C)(C)CC(C)C(19) <=> 2,2,4-Trimethylpentane(2) + OOH(1)
    OO(15) + [CH2]C(C)CC(C)(C)C(20) <=> 2,2,4-Trimethylpentane(2) + OOH(1)
    2,4-Dimethylhexane(3) + OOH(1) <=> OO(15) + CC[C](C)CC(C)C(21)
    2,4-Dimethylhexane(3) + OOH(1) <=> OO(15) + CCC(C)C[C](C)C(22)
    OO(15) + CCC(C)[CH]C(C)C(23) <=> 2,4-Dimethylhexane(3) + OOH(1)
    OO(15) + C[CH]C(C)CC(C)C(24) <=> 2,4-Dimethylhexane(3) + OOH(1)
    OO(15) + [CH2]C(C)CC(C)CC(25) <=> 2,4-Dimethylhexane(3) + OOH(1)
    OO(15) + [CH2]C(CC)CC(C)C(26) <=> 2,4-Dimethylhexane(3) + OOH(1)
    OO(15) + [CH2]CC(C)CC(C)C(27) <=> 2,4-Dimethylhexane(3) + OOH(1)
    3-Methylheptane(4) + OOH(1) <=> OO(15) + CCCC[C](C)CC(28)
    OO(15) + CCC[CH]C(C)CC(29) <=> 3-Methylheptane(4) + OOH(1)
    OO(15) + CC[CH]CC(C)CC(30) <=> 3-Methylheptane(4) + OOH(1)
    OO(15) + C[CH]C(C)CCCC(31) <=> 3-Methylheptane(4) + OOH(1)
    OO(15) + C[CH]CCC(C)CC(32) <=> 3-Methylheptane(4) + OOH(1)
    OO(15) + [CH2]C(CC)CCCC(33) <=> 3-Methylheptane(4) + OOH(1)
    OO(15) + [CH2]CCCC(C)CC(34) <=> 3-Methylheptane(4) + OOH(1)
    OO(15) + [CH2]CC(C)CCCC(35) <=> 3-Methylheptane(4) + OOH(1)
    OO(15) + C[CH]C(C)(C)O(36) <=> 2-methyl 2-butanol(5) + OOH(1)
    OO(15) + [CH2]C(C)(O)CC(37) <=> 2-methyl 2-butanol(5) + OOH(1)
    OO(15) + [CH2]CC(C)(C)O(38) <=> 2-methyl 2-butanol(5) + OOH(1)
    OO(15) + CCC(C)(C)[O](39) <=> 2-methyl 2-butanol(5) + OOH(1)
    OO(15) + CCC[C](C)CO(40) <=> 2-Methyl-1-pentanol(6) + OOH(1)
    OO(15) + CC[CH]C(C)CO(41) <=> 2-Methyl-1-pentanol(6) + OOH(1)
    OO(15) + C[CH]CC(C)CO(42) <=> 2-Methyl-1-pentanol(6) + OOH(1)
    OO(15) + CCCC(C)[CH]O(43) <=> 2-Methyl-1-pentanol(6) + OOH(1)
    OO(15) + [CH2]C(CO)CCC(44) <=> 2-Methyl-1-pentanol(6) + OOH(1)
    OO(15) + [CH2]CCC(C)CO(45) <=> 2-Methyl-1-pentanol(6) + OOH(1)
    OO(15) + CCCC(C)C[O](46) <=> 2-Methyl-1-pentanol(6) + OOH(1)
    2,4-dimethyl-2-heptene(7) + OOH(1) <=> OO(15) + CCC[C](C)C=C(C)C(47)
    OO(15) + CC[CH]C(C)C=C(C)C(48) <=> 2,4-dimethyl-2-heptene(7) + OOH(1)
    OO(15) + C[CH]CC(C)C=C(C)C(49) <=> 2,4-dimethyl-2-heptene(7) + OOH(1)
    OO(15) + [CH2]C(C=C(C)C)CCC(50) <=> 2,4-dimethyl-2-heptene(7) + OOH(1)
    OO(15) + [CH2]CCC(C)C=C(C)C(51) <=> 2,4-dimethyl-2-heptene(7) + OOH(1)
    2,4-dimethyl-2-heptene(7) + OOH(1) <=> OO(15) + [CH2]C(C)=CC(C)CCC(52)
    OO(15) + CCCC(C)[C]=C(C)C(53) <=> 2,4-dimethyl-2-heptene(7) + OOH(1)
    OO(15) + C[C]1CCCC1(54) <=> methylcyclopentane(8) + OOH(1)
    OO(15) + CC1[CH]CCC1(55) <=> methylcyclopentane(8) + OOH(1)
    OO(15) + CC1C[CH]CC1(56) <=> methylcyclopentane(8) + OOH(1)
    OO(15) + [CH2]C1CCCC1(57) <=> methylcyclopentane(8) + OOH(1)
    Ocimene(9) + OOH(1) <=> OO(15) + C=CC(C)=CC[CH]C(=C)C(58)
    Ocimene(9) + OOH(1) <=> OO(15) + C=CC(C)=C[CH]CC(=C)C(59)
    OO(15) + [CH2]C(=C)CCC=C(C)C=C(60) <=> Ocimene(9) + OOH(1)
    Ocimene(9) + OOH(1) <=> OO(15) + [CH2]C(C=C)=CCCC(=C)C(61)
    OO(15) + C=CC(C)=[C]CCC(=C)C(62) <=> Ocimene(9) + OOH(1)
    OO(15) + C=[C]C(C)=CCCC(=C)C(63) <=> Ocimene(9) + OOH(1)
    OO(15) + [CH]=C(C)CCC=C(C)C=C(64) <=> Ocimene(9) + OOH(1)
    OO(15) + [CH]=CC(C)=CCCC(=C)C(65) <=> Ocimene(9) + OOH(1)
    Xylene(10) + OOH(1) <=> OO(15) + [CH2]c1ccc(C)cc1(66)
    OO(15) + Cc1[c]cc(C)cc1(67) <=> Xylene(10) + OOH(1)
    Diisobutyl ketone(11) + OOH(1) <=> OO(15) + C[C](C)CC(=O)CC(C)C(68)
    OO(15) + CC(C)[CH]C(=O)CC(C)C(69) <=> Diisobutyl ketone(11) + OOH(1)
    OO(15) + [CH2]C(C)CC(=O)CC(C)C(70) <=> Diisobutyl ketone(11) + OOH(1)
    OOH(1) + Methyl 1,3-dimethylbutyl ketone(12) <=> OO(15) + C[C](C)CC(C)C(C)=O(71)
    OOH(1) + Methyl 1,3-dimethylbutyl ketone(12) <=> OO(15) + C[C](CC(C)C)C(C)=O(72)
    OO(15) + CC(=O)C(C)[CH]C(C)C(73) <=> OOH(1) + Methyl 1,3-dimethylbutyl ketone(12)
    OO(15) + [CH2]C(C)CC(C)C(C)=O(74) <=> OOH(1) + Methyl 1,3-dimethylbutyl ketone(12)
    OO(15) + [CH2]C(CC(C)C)C(C)=O(75) <=> OOH(1) + Methyl 1,3-dimethylbutyl ketone(12)
    OO(15) + [CH2]C(=O)C(C)CC(C)C(76) <=> OOH(1) + Methyl 1,3-dimethylbutyl ketone(12)
    OO(15) + CC(C)(C)OC[C](CO)OC(C)(C)C(77) <=> OOH(1) + 2,3-di-tert-butoxypropanol(13)
    OO(15) + CC(C)(C)O[CH]C(CO)OC(C)(C)C(78) <=> OOH(1) + 2,3-di-tert-butoxypropanol(13)
    OO(15) + CC(C)(C)OCC([CH]O)OC(C)(C)C(79) <=> OOH(1) + 2,3-di-tert-butoxypropanol(13)
    OO(15) + [CH2]C(C)(C)OCC(CO)OC(C)(C)C(80) <=> OOH(1) + 2,3-di-tert-butoxypropanol(13)
    OO(15) + [CH2]C(C)(C)OC(CO)COC(C)(C)C(81) <=> OOH(1) + 2,3-di-tert-butoxypropanol(13)
    OO(15) + CC(C)(C)OCC(C[O])OC(C)(C)C(82) <=> OOH(1) + 2,3-di-tert-butoxypropanol(13)
    OO(15) + CC[C](CC)OC(C)C(83) <=> OOH(1) + 2-(1-ethylpropoxy)-propane(14)
    OO(15) + CCC(CC)O[C](C)C(84) <=> OOH(1) + 2-(1-ethylpropoxy)-propane(14)
    OO(15) + C[CH]C(CC)OC(C)C(85) <=> OOH(1) + 2-(1-ethylpropoxy)-propane(14)
    OO(15) + [CH2]C(C)OC(CC)CC(86) <=> OOH(1) + 2-(1-ethylpropoxy)-propane(14)
    OO(15) + [CH2]CC(CC)OC(C)C(87) <=> OOH(1) + 2-(1-ethylpropoxy)-propane(14)

After model enlargement:
    The model core has 18 species and 0 reactions
    The model edge has 73 species and 72 reactions


Saving current model core to Chemkin file...
Chemkin file contains 72 reactions.
Saving current model to verbose Chemkin file...
Chemkin file contains 72 reactions.
Saving current model core to HTML file...

RMG execution terminated at Fri May  5 11:53:14 2017
