RMG execution initiated at Tue Apr 25 13:06:49 2017

#########################################################
# RMG-Py - Reaction Mechanism Generator in Python       #
# Version: 1.0.4                                        #
# Authors: RMG Developers (rmg_dev@mit.edu)             #
# P.I.s:   William H. Green (whgreen@mit.edu)           #
#          Richard H. West (r.west@neu.edu)             #
# Website: http://reactionmechanismgenerator.github.io/ #
#########################################################

The current git HEAD for RMG-Py is:
	d9dea6c20756a5a3dca33564e7c354e43a3bb261
	Tue Mar 7 14:43:24 2017 -0500

The current git HEAD for RMG-database is:
	0a55c918d345ae5ef17fe5494817b857854dbf8e
	Sat Jul 16 15:36:37 2016 -0400

Reading input file "/Users/nathan/Code/OOHabstraction/biofuelInput.py"...
# Data sources for kinetics
database(
    thermoLibraries = ['KlippensteinH2O2','primaryThermoLibrary','DFT_QCI_thermo','CBS_QB3_1dHR'],
    reactionLibraries = [],
    seedMechanisms = [],
    kineticsDepositories = 'default',
    #this section lists possible reaction families to find reactioons with
    kineticsFamilies = ['H_Abstraction']
    #kineticsEstimator = 'rate rules'
)

# List all species you want reactions between
species(
        label='OH',
        reactive=True,
        structure=SMILES("[OH]"),
)

species(
        label='H',
        reactive=True,
        structure=SMILES("[H]"),
)

species(
        label='OOH',
        reactive=True,
        structure=SMILES("[O]O"),
)

species(
        label='O',
        reactive=True,
        structure=SMILES("[O]"),
)

species(
        label='CH3',
        reactive=True,
        structure=SMILES("[CH3]"),
)

species(
        label='O2',
        reactive=True,
        structure=SMILES("OO"),
)

# The biofuels of interest

species(
        label='2,2,4-Trimethylpentane',
        reactive=True,
        structure=SMILES("CC(C)CC(C)(C)C"),
)
"""
species(
        label='2,4-Dimethylhexane',
        reactive=True,
        structure=InChI("InChI=1S/C8H18/c1-5-8(4)6-7(2)3/h7-8H,5-6H2,1-4H3"),
)"""

# you must list reactor conditions (though this may not effect the output)
simpleReactor(
    temperature=(650,'K'),
    pressure=(10.0,'bar'),
    initialMoleFractions={
        '2,2,4-Trimethylpentane: 1',
    },
    terminationConversion={
        '2,2,4-Trimethylpentane': .99,
    },
    terminationTime=(40,'s'),
)

#optional module if you want to get pressure dependent kinetics.

#pressureDependence(
#     method='modified strong collision',
#     maximumGrainSize=(0.5,'kcal/mol'),
#     minimumNumberOfGrains=250,
#     temperatures=(300,2200,'K',2),
#     pressures=(0.01,100,'bar',3),
#     interpolation=('Chebyshev', 6, 4),
#     maximumAtoms=15,
#)

#optional module if you want to limit species produced in reactions.

#generatedSpeciesConstraints(
#    allowed=['input species','seed mechanisms','reaction libraries'],
#    maximumCarbonAtoms=4,
#    maximumOxygenAtoms=7,
#    maximumNitrogenAtoms=0,
#    maximumSiliconAtoms=0,
#    maximumSulfurAtoms=0,
#    maximumHeavyAtoms=20,
#    maximumRadicalElectrons=1,
#)

