biofuelsTST.py:40 <module> INFO RUNNING WITH JOB NUMBER i = 2
biofuelsTST.py:44 <module> INFO Loading RMG Database ...
biofuelsTST.py:47 <module> INFO /home/harms.n/Code/RMG-database/input
thermo.py:760 loadLibraries INFO Loading thermodynamics library from thermo_DFT_CCSDTF12_BAC.py in /home/harms.n/Code/RMG-database/input/thermo/libraries...
thermo.py:760 loadLibraries INFO Loading thermodynamics library from CBS_QB3_1dHR.py in /home/harms.n/Code/RMG-database/input/thermo/libraries...
thermo.py:760 loadLibraries INFO Loading thermodynamics library from primaryThermoLibrary.py in /home/harms.n/Code/RMG-database/input/thermo/libraries...
thermo.py:760 loadLibraries INFO Loading thermodynamics library from KlippensteinH2O2.py in /home/harms.n/Code/RMG-database/input/thermo/libraries...
thermo.py:774 loadGroups INFO Loading thermodynamics group database from /home/harms.n/Code/RMG-database/input/thermo/groups...
transport.py:294 loadGroups INFO Loading transport group database from /home/harms.n/Code/RMG-database/input/transport/groups...
database.py:165 loadFamilies INFO Loading the user-specified kinetics families from /home/harms.n/Code/RMG-database/input/kinetics/families
statmech.py:526 loadGroups INFO Loading frequencies group database from /home/harms.n/Code/RMG-database/input/statmech/groups...
biofuelsTST.py:56 <module> INFO RMG Database Loaded
biofuelsTST.py:61 <module> INFO Species Dictionary loaded
{'C6H11(54)': Species(label="C6H11(54)", molecule=[Molecule(SMILES="C[C]1CCCC1")]), 'C8H9(66)': Species(label="C8H9(66)", molecule=[Molecule(SMILES="[CH2]c1ccc(C)cc1"), Molecule(SMILES="[CH2]C1C=CC(C)=CC=1"), Molecule(SMILES="C=C1[CH]C=C(C)C=C1"), Molecule(SMILES="C=C1C=C[C](C)C=C1")]), 'C9H17O(70)': Species(label="C9H17O(70)", molecule=[Molecule(SMILES="[CH2]C(C)CC(=O)CC(C)C")]), 'C8H18O(14)': Species(label="C8H18O(14)", molecule=[Molecule(SMILES="CCC(CC)OC(C)C")]), 'C8H17(27)': Species(label="C8H17(27)", molecule=[Molecule(SMILES="[CH2]CC(C)CC(C)C")]), 'C8H15O(75)': Species(label="C8H15O(75)", molecule=[Molecule(SMILES="[CH2]C(CC(C)C)C(C)=O")]), 'C8H17(20)': Species(label="C8H17(20)", molecule=[Molecule(SMILES="[CH2]C(C)CC(C)(C)C")]), 'C8H15O(72)': Species(label="C8H15O(72)", molecule=[Molecule(SMILES="CC([O])=C(C)CC(C)C"), Molecule(SMILES="C[C](CC(C)C)C(C)=O")]), 'C9H17(52)': Species(label="C9H17(52)", molecule=[Molecule(SMILES="[CH2]C(C)=CC(C)CCC"), Molecule(SMILES="C=C(C)[CH]C(C)CCC")]), 'C10H15(64)': Species(label="C10H15(64)", molecule=[Molecule(SMILES="[CH]=C(C)CCC=C(C)C=C")]), 'C5H11O(36)': Species(label="C5H11O(36)", molecule=[Molecule(SMILES="C[CH]C(C)(C)O")]), 'OO(15)': Species(label="OO(15)", molecule=[Molecule(SMILES="OO")]), 'C8H17O(86)': Species(label="C8H17O(86)", molecule=[Molecule(SMILES="[CH2]C(C)OC(CC)CC")]), 'C6H11(55)': Species(label="C6H11(55)", molecule=[Molecule(SMILES="CC1[CH]CCC1")]), 'C8H9(67)': Species(label="C8H9(67)", molecule=[Molecule(SMILES="Cc1[c]cc(C)cc1"), Molecule(SMILES="CC1=[C]C=C(C)C=C1"), Molecule(SMILES="C[C]1C=C=C(C)C=C1"), Molecule(SMILES="CC1=C=CC(C)=C[CH]1"), Molecule(SMILES="CC1[C]=CC(C)=CC=1")]), 'S(82)': Species(label="S(82)", molecule=[Molecule(SMILES="CC(C)(C)OCC(C[O])OC(C)(C)C")]), 'C8H15O(74)': Species(label="C8H15O(74)", molecule=[Molecule(SMILES="[CH2]C(C)CC(C)C(C)=O")]), 'C8H17(26)': Species(label="C8H17(26)", molecule=[Molecule(SMILES="[CH2]C(CC)CC(C)C")]), 'C8H18(4)': Species(label="C8H18(4)", molecule=[Molecule(SMILES="CCCCC(C)CC")]), 'C6H13O(40)': Species(label="C6H13O(40)", molecule=[Molecule(SMILES="CCC[C](C)CO")]), 'C9H18(7)': Species(label="C9H18(7)", molecule=[Molecule(SMILES="CCCC(C)C=C(C)C")]), 'C10H15(65)': Species(label="C10H15(65)", molecule=[Molecule(SMILES="[CH]=CC(C)=CCCC(=C)C")]), 'C9H17(51)': Species(label="C9H17(51)", molecule=[Molecule(SMILES="[CH2]CCC(C)C=C(C)C")]), 'C5H11O(37)': Species(label="C5H11O(37)", molecule=[Molecule(SMILES="[CH2]C(C)(O)CC")]), 'C8H17O(87)': Species(label="C8H17O(87)", molecule=[Molecule(SMILES="[CH2]CC(CC)OC(C)C")]), 'C8H18(3)': Species(label="C8H18(3)", molecule=[Molecule(SMILES="CCC(C)CC(C)C")]), 'Xylene(10)': Species(label="Xylene(10)", molecule=[Molecule(SMILES="Cc1ccc(C)cc1"), Molecule(SMILES="CC1C=CC(C)=CC=1")]), 'C8H17(25)': Species(label="C8H17(25)", molecule=[Molecule(SMILES="[CH2]C(C)CC(C)CC")]), 'C8H17(30)': Species(label="C8H17(30)", molecule=[Molecule(SMILES="CC[CH]CC(C)CC")]), 'C6H13O(41)': Species(label="C6H13O(41)", molecule=[Molecule(SMILES="CC[CH]C(C)CO")]), 'S(13)': Species(label="S(13)", molecule=[Molecule(SMILES="CC(C)(C)OCC(CO)OC(C)(C)C")]), 'C9H17(50)': Species(label="C9H17(50)", molecule=[Molecule(SMILES="[CH2]C(C=C(C)C)CCC")]), 'He': Species(label="He", molecule=[Molecule(SMILES="[He]")]), 'C9H17(47)': Species(label="C9H17(47)", molecule=[Molecule(SMILES="CCC[C](C)C=C(C)C"), Molecule(SMILES="CCCC(C)=C[C](C)C")]), 'C8H17O(84)': Species(label="C8H17O(84)", molecule=[Molecule(SMILES="CCC(CC)O[C](C)C")]), 'C6H14O(6)': Species(label="C6H14O(6)", molecule=[Molecule(SMILES="CCCC(C)CO")]), 'Ocimene(9)': Species(label="Ocimene(9)", molecule=[Molecule(SMILES="C=CC(C)=CCCC(=C)C")]), 'C8H17(31)': Species(label="C8H17(31)", molecule=[Molecule(SMILES="C[CH]C(C)CCCC")]), 'C6H13O(42)': Species(label="C6H13O(42)", molecule=[Molecule(SMILES="C[CH]CC(C)CO")]), 'C9H17(48)': Species(label="C9H17(48)", molecule=[Molecule(SMILES="CC[CH]C(C)C=C(C)C")]), 'Ne': Species(label="Ne", molecule=[Molecule(SMILES="[Ne]")]), 'C8H17O(85)': Species(label="C8H17O(85)", molecule=[Molecule(SMILES="C[CH]C(CC)OC(C)C")]), 'C8H17(24)': Species(label="C8H17(24)", molecule=[Molecule(SMILES="C[CH]C(C)CC(C)C")]), 'C8H15O(76)': Species(label="C8H15O(76)", molecule=[Molecule(SMILES="C=C([O])C(C)CC(C)C"), Molecule(SMILES="[CH2]C(=O)C(C)CC(C)C")]), 'C8H17(32)': Species(label="C8H17(32)", molecule=[Molecule(SMILES="C[CH]CCC(C)CC")]), 'C10H15(60)': Species(label="C10H15(60)", molecule=[Molecule(SMILES="[CH2]C(=C)CCC=C(C)C=C")]), 'C6H13O(43)': Species(label="C6H13O(43)", molecule=[Molecule(SMILES="CCCC(C)[CH]O")]), 'S(79)': Species(label="S(79)", molecule=[Molecule(SMILES="CC(C)(C)OCC([CH]O)OC(C)(C)C")]), 'C10H15(59)': Species(label="C10H15(59)", molecule=[Molecule(SMILES="[CH2]C=C(C)C=CCC(=C)C"), Molecule(SMILES="C=C[C](C)C=CCC(=C)C"), Molecule(SMILES="C=CC(C)=C[CH]CC(=C)C")]), 'C9H17(49)': Species(label="C9H17(49)", molecule=[Molecule(SMILES="C[CH]CC(C)C=C(C)C")]), 'C8H16O(12)': Species(label="C8H16O(12)", molecule=[Molecule(SMILES="CC(=O)C(C)CC(C)C")]), 'C8H17(34)': Species(label="C8H17(34)", molecule=[Molecule(SMILES="[CH2]CCCC(C)CC")]), 'N2': Species(label="N2", molecule=[Molecule(SMILES="N#N")]), 'O2(16)': Species(label="O2(16)", molecule=[Molecule(SMILES="[O][O]")]), 'C8H17(23)': Species(label="C8H17(23)", molecule=[Molecule(SMILES="CCC(C)[CH]C(C)C")]), 'C8H15O(71)': Species(label="C8H15O(71)", molecule=[Molecule(SMILES="C[C](C)CC(C)C(C)=O")]), 'C10H15(61)': Species(label="C10H15(61)", molecule=[Molecule(SMILES="[CH2]C(C=C)=CCCC(=C)C"), Molecule(SMILES="C=CC(=C)[CH]CCC(=C)C")]), 'C8H17(33)': Species(label="C8H17(33)", molecule=[Molecule(SMILES="[CH2]C(CC)CCCC")]), 'C8H17(18)': Species(label="C8H17(18)", molecule=[Molecule(SMILES="CC(C)[CH]C(C)(C)C")]), 'C6H13O(44)': Species(label="C6H13O(44)", molecule=[Molecule(SMILES="[CH2]C(CO)CCC")]), 'C10H15(58)': Species(label="C10H15(58)", molecule=[Molecule(SMILES="[CH2]C(C)=CCC=C(C)C=C"), Molecule(SMILES="C=CC(C)=CC[CH]C(=C)C")]), 'C5H12O(5)': Species(label="C5H12O(5)", molecule=[Molecule(SMILES="CCC(C)(C)O")]), 'C6H11(56)': Species(label="C6H11(56)", molecule=[Molecule(SMILES="CC1C[CH]CC1")]), 'C5H11O(38)': Species(label="C5H11O(38)", molecule=[Molecule(SMILES="[CH2]CC(C)(C)O")]), 'C8H17(29)': Species(label="C8H17(29)", molecule=[Molecule(SMILES="CCC[CH]C(C)CC")]), 'C8H17O(83)': Species(label="C8H17O(83)", molecule=[Molecule(SMILES="CC[C](CC)OC(C)C")]), 'C9H18O(11)': Species(label="C9H18O(11)", molecule=[Molecule(SMILES="CC(C)CC(=O)CC(C)C")]), 'C8H17(35)': Species(label="C8H17(35)", molecule=[Molecule(SMILES="[CH2]CC(C)CCCC")]), 'S(81)': Species(label="S(81)", molecule=[Molecule(SMILES="[CH2]C(C)(C)OC(CO)COC(C)(C)C")]), 'S(77)': Species(label="S(77)", molecule=[Molecule(SMILES="CC(C)(C)OC[C](CO)OC(C)(C)C")]), 'C9H17(53)': Species(label="C9H17(53)", molecule=[Molecule(SMILES="CCCC(C)[C]=C(C)C")]), 'C8H17(22)': Species(label="C8H17(22)", molecule=[Molecule(SMILES="CCC(C)C[C](C)C")]), 'C9H17O(69)': Species(label="C9H17O(69)", molecule=[Molecule(SMILES="CC(C)C=C([O])CC(C)C"), Molecule(SMILES="CC(C)[CH]C(=O)CC(C)C")]), 'OOH(1)': Species(label="OOH(1)", molecule=[Molecule(SMILES="[O]O")]), 'C10H15(62)': Species(label="C10H15(62)", molecule=[Molecule(SMILES="C=CC(C)=[C]CCC(=C)C")]), 'C8H17(19)': Species(label="C8H17(19)", molecule=[Molecule(SMILES="[CH2]C(C)(C)CC(C)C")]), 'C6H13O(45)': Species(label="C6H13O(45)", molecule=[Molecule(SMILES="[CH2]CCC(C)CO")]), 'C8H17(17)': Species(label="C8H17(17)", molecule=[Molecule(SMILES="C[C](C)CC(C)(C)C")]), 'C6H11(57)': Species(label="C6H11(57)", molecule=[Molecule(SMILES="[CH2]C1CCCC1")]), 'C6H12(8)': Species(label="C6H12(8)", molecule=[Molecule(SMILES="CC1CCCC1")]), 'C5H11O(39)': Species(label="C5H11O(39)", molecule=[Molecule(SMILES="CCC(C)(C)[O]")]), 'C8H17(28)': Species(label="C8H17(28)", molecule=[Molecule(SMILES="CCCC[C](C)CC")]), 'C8H18(2)': Species(label="C8H18(2)", molecule=[Molecule(SMILES="CC(C)CC(C)(C)C")]), 'S(80)': Species(label="S(80)", molecule=[Molecule(SMILES="[CH2]C(C)(C)OCC(CO)OC(C)(C)C")]), 'C8H15O(73)': Species(label="C8H15O(73)", molecule=[Molecule(SMILES="CC(=O)C(C)[CH]C(C)C")]), 'C8H17(21)': Species(label="C8H17(21)", molecule=[Molecule(SMILES="CC[C](C)CC(C)C")]), 'C9H17O(68)': Species(label="C9H17O(68)", molecule=[Molecule(SMILES="C[C](C)CC(=O)CC(C)C")]), 'S(78)': Species(label="S(78)", molecule=[Molecule(SMILES="CC(C)(C)O[CH]C(CO)OC(C)(C)C")]), 'C10H15(63)': Species(label="C10H15(63)", molecule=[Molecule(SMILES="C=[C]C(C)=CCCC(=C)C"), Molecule(SMILES="C=C=C(C)[CH]CCC(=C)C")]), 'Ar': Species(label="Ar", molecule=[Molecule(SMILES="[Ar]")]), 'C6H13O(46)': Species(label="C6H13O(46)", molecule=[Molecule(SMILES="CCCC(C)C[O]")])}
biofuelsTST.py:66 <module> INFO Chemkin loaded
biofuelsTST.py:82 <module> INFO [('H_Abstraction', 'OOH(1)+OOH(1)=O2(16)+OO(15)                         3.500e+10 0.000     -3.275   \n'), ('H_Abstraction', 'C8H18(2)+OOH(1)=OO(15)+C8H17(17)                    2.800e+12 0.000     16.013   \n'), ('H_Abstraction', 'OO(15)+C8H17(18)=C8H18(2)+OOH(1)                    1.660e-07 5.407     0.040    \n'), ('H_Abstraction', 'OO(15)+C8H17(19)=C8H18(2)+OOH(1)                    3.000e+00 3.280     1.050    \n'), ('H_Abstraction', 'OO(15)+C8H17(20)=C8H18(2)+OOH(1)                    3.000e+00 3.280     1.050    \n'), ('H_Abstraction', 'C8H18(3)+OOH(1)=OO(15)+C8H17(21)                    2.800e+12 0.000     16.013   \n'), ('H_Abstraction', 'C8H18(3)+OOH(1)=OO(15)+C8H17(22)                    2.800e+12 0.000     16.013   \n'), ('H_Abstraction', 'OO(15)+C8H17(23)=C8H18(3)+OOH(1)                    1.660e-07 5.407     0.040    \n'), ('H_Abstraction', 'OO(15)+C8H17(24)=C8H18(3)+OOH(1)                    1.660e-07 5.407     0.040    \n'), ('H_Abstraction', 'OO(15)+C8H17(25)=C8H18(3)+OOH(1)                    3.000e+00 3.280     1.050    \n'), ('H_Abstraction', 'OO(15)+C8H17(26)=C8H18(3)+OOH(1)                    3.000e+00 3.280     1.050    \n'), ('H_Abstraction', 'OO(15)+C8H17(27)=C8H18(3)+OOH(1)                    3.000e+00 3.280     1.050    \n'), ('H_Abstraction', 'C8H18(4)+OOH(1)=OO(15)+C8H17(28)                    2.800e+12 0.000     16.013   \n'), ('H_Abstraction', 'OO(15)+C8H17(29)=C8H18(4)+OOH(1)                    1.660e-07 5.407     0.040    \n'), ('H_Abstraction', 'OO(15)+C8H17(30)=C8H18(4)+OOH(1)                    1.660e-07 5.407     0.040    \n'), ('H_Abstraction', 'OO(15)+C8H17(31)=C8H18(4)+OOH(1)                    1.660e-07 5.407     0.040    \n'), ('H_Abstraction', 'OO(15)+C8H17(32)=C8H18(4)+OOH(1)                    1.660e-07 5.407     0.040    \n'), ('H_Abstraction', 'OO(15)+C8H17(33)=C8H18(4)+OOH(1)                    3.000e+00 3.280     1.050    \n'), ('H_Abstraction', 'OO(15)+C8H17(34)=C8H18(4)+OOH(1)                    3.000e+00 3.280     1.050    \n'), ('H_Abstraction', 'OO(15)+C8H17(35)=C8H18(4)+OOH(1)                    3.000e+00 3.280     1.050    \n'), ('H_Abstraction', 'OO(15)+C5H11O(36)=C5H12O(5)+OOH(1)                  1.660e-07 5.407     0.040    \n'), ('H_Abstraction', 'OO(15)+C5H11O(37)=C5H12O(5)+OOH(1)                  4.200e-01 3.530     1.560    \n'), ('H_Abstraction', 'OO(15)+C5H11O(38)=C5H12O(5)+OOH(1)                  1.150e+01 2.940     0.460    \n'), ('H_Abstraction', 'OO(15)+C5H11O(39)=C5H12O(5)+OOH(1)                  1.134e-01 3.855     8.760    \n'), ('H_Abstraction', 'OO(15)+C6H13O(40)=C6H14O(6)+OOH(1)                  2.910e+00 3.310     1.410    \n'), ('H_Abstraction', 'OO(15)+C6H13O(41)=C6H14O(6)+OOH(1)                  1.660e-07 5.407     0.040    \n'), ('H_Abstraction', 'OO(15)+C6H13O(42)=C6H14O(6)+OOH(1)                  1.660e-07 5.407     0.040    \n'), ('H_Abstraction', 'OO(15)+C6H13O(43)=C6H14O(6)+OOH(1)                  5.700e+01 3.040     1.210    \n'), ('H_Abstraction', 'OO(15)+C6H13O(44)=C6H14O(6)+OOH(1)                  6.110e-01 3.530     1.520    \n'), ('H_Abstraction', 'OO(15)+C6H13O(45)=C6H14O(6)+OOH(1)                  3.000e+00 3.280     1.050    \n'), ('H_Abstraction', 'OO(15)+C6H13O(46)=C6H14O(6)+OOH(1)                  1.134e-01 3.855     8.760    \n'), ('H_Abstraction', 'C9H18(7)+OOH(1)=OO(15)+C9H17(47)                    1.330e+11 0.000     11.300   \n'), ('H_Abstraction', 'OO(15)+C9H17(48)=C9H18(7)+OOH(1)                    1.660e-07 5.407     0.040    \n'), ('H_Abstraction', 'OO(15)+C9H17(49)=C9H18(7)+OOH(1)                    1.660e-07 5.407     0.040    \n'), ('H_Abstraction', 'OO(15)+C9H17(50)=C9H18(7)+OOH(1)                    3.000e+00 3.280     1.050    \n'), ('H_Abstraction', 'OO(15)+C9H17(51)=C9H18(7)+OOH(1)                    3.000e+00 3.280     1.050    \n'), ('H_Abstraction', 'C9H18(7)+OOH(1)=OO(15)+C9H17(52)                    3.470e-03 4.650     9.780    \n'), ('H_Abstraction', 'OO(15)+C9H17(53)=C9H18(7)+OOH(1)                    8.750e-01 3.590     -4.030   \n'), ('H_Abstraction', 'OO(15)+C6H11(54)=C6H12(8)+OOH(1)                    2.910e+00 3.310     1.410    \n'), ('H_Abstraction', 'OO(15)+C6H11(55)=C6H12(8)+OOH(1)                    1.660e-07 5.407     0.040    \n'), ('H_Abstraction', 'OO(15)+C6H11(56)=C6H12(8)+OOH(1)                    1.660e-07 5.407     0.040    \n'), ('H_Abstraction', 'OO(15)+C6H11(57)=C6H12(8)+OOH(1)                    3.000e+00 3.280     1.050    \n'), ('H_Abstraction', 'Ocimene(9)+OOH(1)=OO(15)+C10H15(58)                 2.744e-03 4.451     7.588    \n'), ('H_Abstraction', 'Ocimene(9)+OOH(1)=OO(15)+C10H15(59)                 2.744e-03 4.451     7.588    \n'), ('H_Abstraction', 'OO(15)+C10H15(60)=Ocimene(9)+OOH(1)                 3.510e-02 4.220     9.860    \n'), ('H_Abstraction', 'Ocimene(9)+OOH(1)=OO(15)+C10H15(61)                 1.735e-03 4.650     9.780    \n'), ('H_Abstraction', 'OO(15)+C10H15(62)=Ocimene(9)+OOH(1)                 8.750e-01 3.590     -4.030   \n'), ('H_Abstraction', 'OO(15)+C10H15(63)=Ocimene(9)+OOH(1)                 8.750e-01 3.590     -4.030   \n'), ('H_Abstraction', 'OO(15)+C10H15(64)=Ocimene(9)+OOH(1)                 2.000e+00 3.520     -7.480   \n'), ('H_Abstraction', 'OO(15)+C10H15(65)=Ocimene(9)+OOH(1)                 2.000e+00 3.520     -7.480   \n'), ('H_Abstraction', 'Xylene(10)+OOH(1)=OO(15)+C8H9(66)                   7.920e+11 0.000     14.080   \n'), ('H_Abstraction', 'OO(15)+C8H9(67)=Xylene(10)+OOH(1)                   1.381e-02 4.118     1.722    \n'), ('H_Abstraction', 'C9H18O(11)+OOH(1)=OO(15)+C9H17O(68)                 5.600e+12 0.000     16.013   \n'), ('H_Abstraction', 'OO(15)+C9H17O(69)=C9H18O(11)+OOH(1)                 3.240e-11 6.525     2.900    \n'), ('H_Abstraction', 'OO(15)+C9H17O(70)=C9H18O(11)+OOH(1)                 3.000e+00 3.280     1.050    \n'), ('H_Abstraction', 'OOH(1)+C8H16O(12)=OO(15)+C8H15O(71)                 2.800e+12 0.000     16.013   \n'), ('H_Abstraction', 'OOH(1)+C8H16O(12)=OO(15)+C8H15O(72)                 1.330e+11 0.000     11.300   \n'), ('H_Abstraction', 'OO(15)+C8H15O(73)=OOH(1)+C8H16O(12)                 1.660e-07 5.407     0.040    \n'), ('H_Abstraction', 'OO(15)+C8H15O(74)=OOH(1)+C8H16O(12)                 3.000e+00 3.280     1.050    \n'), ('H_Abstraction', 'OO(15)+C8H15O(75)=OOH(1)+C8H16O(12)                 3.000e+00 3.280     1.050    \n'), ('H_Abstraction', 'OO(15)+C8H15O(76)=OOH(1)+C8H16O(12)                 1.060e-05 5.025     1.657    \n'), ('H_Abstraction', 'OO(15)+S(77)=OOH(1)+S(13)                           3.460e+01 3.050     1.020    \n'), ('H_Abstraction', 'OO(15)+S(78)=OOH(1)+S(13)                           5.700e+01 3.040     1.210    \n'), ('H_Abstraction', 'OO(15)+S(79)=OOH(1)+S(13)                           5.700e+01 3.040     1.210    \n'), ('H_Abstraction', 'OO(15)+S(80)=OOH(1)+S(13)                           4.200e-01 3.530     1.560    \n'), ('H_Abstraction', 'OO(15)+S(81)=OOH(1)+S(13)                           4.200e-01 3.530     1.560    \n'), ('H_Abstraction', 'OO(15)+S(82)=OOH(1)+S(13)                           1.134e-01 3.855     8.760    \n'), ('H_Abstraction', 'OO(15)+C8H17O(83)=OOH(1)+C8H18O(14)                 3.460e+01 3.050     1.020    \n'), ('H_Abstraction', 'OO(15)+C8H17O(84)=OOH(1)+C8H18O(14)                 3.460e+01 3.050     1.020    \n'), ('H_Abstraction', 'OO(15)+C8H17O(85)=OOH(1)+C8H18O(14)                 1.660e-07 5.407     0.040    \n'), ('H_Abstraction', 'OO(15)+C8H17O(86)=OOH(1)+C8H18O(14)                 3.000e+00 3.280     1.050    \n'), ('H_Abstraction', 'OO(15)+C8H17O(87)=OOH(1)+C8H18O(14)                 1.150e+01 2.940     0.460    \n')]
biofuelsTST.py:83 <module> INFO <type 'list'>
biofuelsTST.py:99 <module> INFO Reaction list generated
biofuelsTST.py:104 <module> INFO This reaction:
biofuelsTST.py:105 <module> INFO C8H18(2)+OOH(1)=OO(15)+C8H17(17)
biofuelsTST.py:106 <module> INFO 'C8H18(2)+OOH(1)=OO(15)+C8H17(17)'
biofuelsTST.py:107 <module> INFO C8H18(2)+OOH(1)
biofuelsTST.py:108 <module> INFO OO(15)+C8H17(17)
biofuelsTST.py:125 <module> INFO generateReactionsFromFamilies successfuly performed
biofuelsTST.py:198 performCalcs INFO chemkinRxn: Reaction(reactants=[Molecule(SMILES="CC(C)CC(C)(C)C"), Molecule(SMILES="[O]O")], products=[Molecule(SMILES="OO"), Molecule(SMILES="C[C](C)CC(C)(C)C")], pairs=[[Molecule(SMILES="CC(C)CC(C)(C)C"), Molecule(SMILES="C[C](C)CC(C)(C)C")], [Molecule(SMILES="[O]O"), Molecule(SMILES="OO")]])
biofuelsTST.py:200 performCalcs INFO Ensuring resonance isomers have been generated
<type 'rmgpy.molecule.molecule.Molecule'>
<type 'rmgpy.molecule.molecule.Molecule'>
<type 'rmgpy.molecule.molecule.Molecule'>
<type 'rmgpy.molecule.molecule.Molecule'>
[Molecule(SMILES="CC(C)CC(C)(C)C"), Molecule(SMILES="[O]O")]
[Molecule(SMILES="OO"), Molecule(SMILES="C[C](C)CC(C)(C)C")]
biofuelsTST.py:219 performCalcs INFO Generated one reaction:
biofuelsTST.py:220 performCalcs INFO [Reaction(reactants=[Molecule(SMILES="CC(C)CC(C)(C)C"), Molecule(SMILES="[O]O")], products=[Molecule(SMILES="OO"), Molecule(SMILES="C[C](C)CC(C)(C)C")], pairs=[[Molecule(SMILES="CC(C)CC(C)(C)C"), Molecule(SMILES="C[C](C)CC(C)(C)C")], [Molecule(SMILES="[O]O"), Molecule(SMILES="OO")]])]
biofuelsTST.py:229 performCalcs INFO The reaction of interest is as follows: 
biofuelsTST.py:230 performCalcs INFO <Molecule "CC(C)CC(C)(C)C"> + <Molecule "[O]O"> <=> <Molecule "OO"> + <Molecule "C[C](C)CC(C)(C)C">
biofuelsTST.py:232 performCalcs INFO asserting that the testReaction is Isomorphic
biofuelsTST.py:234 performCalcs INFO reaction: Reaction(reactants=[Molecule(SMILES="CC(C)CC(C)(C)C"), Molecule(SMILES="[O]O")], products=[Molecule(SMILES="OO"), Molecule(SMILES="C[C](C)CC(C)(C)C")], pairs=[[Molecule(SMILES="CC(C)CC(C)(C)C"), Molecule(SMILES="C[C](C)CC(C)(C)C")], [Molecule(SMILES="[O]O"), Molecule(SMILES="OO")]])
biofuelsTST.py:240 performCalcs INFO Labeling reactant atoms
biofuelsTST.py:250 performCalcs INFO Labeling product atoms
biofuelsTST.py:266 performCalcs INFO We have generated a H_Abstraction reaction that matches, and used it to label the atoms.
biofuelsTST.py:268 performCalcs INFO Calculating reaction kinetics
biofuelsTST.py:175 calculate INFO Calculating reaction rate for <Molecule "CC(C)CC(C)(C)C"> + <Molecule "[O]O"> <=> <Molecule "OO"> + <Molecule "C[C](C)CC(C)(C)C">
biofuelsTST.py:177 calculate INFO Selecting the appropriate TS distance database for family 'H_Abstraction'
biofuelsTST.py:179 calculate INFO Calculating kinetic data by calling qmCalc.getKineticData
reaction.py:619 loadKineticsData INFO Kinetics results file /gss_gpfs_scratch/harms.n/QMfiles/CC(C)CC(C)(C)C+[O]O_C[C](C)CC(C)(C)C+OO.kinetics does not exist or is invalid
reaction.py:520 generateTSGeometryDirectGuess INFO Generating a TS geometry via the direct guess method
reaction.py:300 generateBoundsMatrix INFO Generating bounds matrix for CC(C)CC(C)(C)C.[O]O
reaction.py:338 bmPreEdit INFO Changing lower limit 2.9 to 2.441688
reaction.py:338 bmPreEdit INFO Changing lower limit 2.512458 to 2.449531
reaction.py:338 bmPreEdit INFO Changing lower limit 3.65 to 3.31075459416
reaction.py:338 bmPreEdit INFO Changing lower limit 3.65 to 3.31075459416
reaction.py:338 bmPreEdit INFO Changing lower limit 3.65 to 3.31075459416
reaction.py:561 generateTSGeometryDirectGuess INFO TS estimate made. About to try the search...
reaction.py:426 optimizeTS INFO Starting optimization steps of the TS search.
gaussian.py:535 optEstimate INFO Running loose optimization of TS with frozen center
gaussian.py:189 writeInputFile INFO Writing gaussian input file /gss_gpfs_scratch/harms.n/QMscratch/CC(C)CC(C)(C)C+[O]O_C[C](C)CC(C)(C)C+OOEst.gjf
Error: segmentation violation
   rax 0000000000000000, rbx ffffffffffffffff, rcx ffffffffffffffff
   rdx 0000000000008fc3, rsp 00007fff3b4b88d8, rbp 00007fff3b4b8eb0
   rsi 000000000000000b, rdi 0000000000008fc3, r8  00002b044d1506c0
   r9  0000000000000000, r10 00007fff3b4b8660, r11 0000000000000206
   r12 0000000000000000, r13 0000000000000000, r14 00007fff3b4b8ef8
   r15 0000000000000000
  --- traceback not available
gaussian.py:680 runAlt WARNING Gaussian finished with return code 1
gaussian.py:590 optRxnCenter INFO Optimization of TS reaction center distances
gaussian.py:189 writeInputFile INFO Writing gaussian input file /gss_gpfs_scratch/harms.n/QMscratch/CC(C)CC(C)(C)C+[O]O_C[C](C)CC(C)(C)C+OORxnC.gjf
reaction.py:443 optimizeTS INFO Optimizing TS attempt 1
gaussian.py:485 createInputFile INFO Creating input file
gaussian.py:189 writeInputFile INFO Writing gaussian input file None
gaussian.py:748 verifyOutputFile INFO Verifying output file /gss_gpfs_scratch/harms.n/QMscratch/CC(C)CC(C)(C)C+[O]O_C[C](C)CC(C)(C)C+OO.log
gaussian.py:516 createIRCFile INFO Creating IRC file
gaussian.py:189 writeInputFile INFO Writing gaussian input file /gss_gpfs_scratch/harms.n/QMscratch/CC(C)CC(C)(C)C+[O]O_C[C](C)CC(C)(C)C+OOIRC.gjf
gaussian.py:685 runIRC INFO Running IRC
gaussian.py:843 verifyIRCOutputFile INFO Verifying the IRC output file /gss_gpfs_scratch/harms.n/QMscratch/CC(C)CC(C)(C)C+[O]O_C[C](C)CC(C)(C)C+OOIRC.log
gaussian.py:878 verifyIRCOutputFile INFO Checking if all the success keywords are found in the file.
gaussian.py:702 checkComplete INFO Checking file /gss_gpfs_scratch/harms.n/QMscratch/CC(C)CC(C)(C)C+[O]O_C[C](C)CC(C)(C)C+OOIRC.log is complete
gaussian.py:729 checkComplete INFO IRC file /gss_gpfs_scratch/harms.n/QMscratch/CC(C)CC(C)(C)C+[O]O_C[C](C)CC(C)(C)C+OOIRC.log is complete
reaction.py:842 generateKineticData WARNING Couldn't find transition state. Not using TST
biofuelsTST.py:181 calculate INFO Removing 'core*' files
biofuelsTST.py:192 calculate INFO Boo, reaction kinetics not calculated!!!
biofuelsTST.py:271 performCalcs INFO For reaction Reaction(reactants=[Molecule(SMILES="CC(C)CC(C)(C)C"), Molecule(SMILES="[O]O")], products=[Molecule(SMILES="OO"), Molecule(SMILES="C[C](C)CC(C)(C)C")], pairs=[[Molecule(SMILES="CC(C)CC(C)(C)C"), Molecule(SMILES="C[C](C)CC(C)(C)C")], [Molecule(SMILES="[O]O"), Molecule(SMILES="OO")]])
biofuelsTST.py:276 performCalcs WARNING Couldn't calculate kinetics.
