biofuelsSymmetryReRun.py:32 <module> INFO RUNNING WITH JOB NUMBER i = 10
biofuelsSymmetryReRun.py:36 <module> INFO Previous .combined.log file loaded
biofuelsSymmetryReRun.py:49 <module> INFO A symmetry issue exists. Continuing calculations on it.
biofuelsSymmetryReRun.py:53 <module> INFO Loading RMG Database ...
biofuelsSymmetryReRun.py:56 <module> INFO /home/harms.n/Code/RMG-database/input
thermo.py:760 loadLibraries INFO Loading thermodynamics library from thermo_DFT_CCSDTF12_BAC.py in /home/harms.n/Code/RMG-database/input/thermo/libraries...
thermo.py:760 loadLibraries INFO Loading thermodynamics library from CBS_QB3_1dHR.py in /home/harms.n/Code/RMG-database/input/thermo/libraries...
thermo.py:760 loadLibraries INFO Loading thermodynamics library from primaryThermoLibrary.py in /home/harms.n/Code/RMG-database/input/thermo/libraries...
thermo.py:760 loadLibraries INFO Loading thermodynamics library from KlippensteinH2O2.py in /home/harms.n/Code/RMG-database/input/thermo/libraries...
thermo.py:774 loadGroups INFO Loading thermodynamics group database from /home/harms.n/Code/RMG-database/input/thermo/groups...
transport.py:294 loadGroups INFO Loading transport group database from /home/harms.n/Code/RMG-database/input/transport/groups...
database.py:165 loadFamilies INFO Loading the user-specified kinetics families from /home/harms.n/Code/RMG-database/input/kinetics/families
statmech.py:526 loadGroups INFO Loading frequencies group database from /home/harms.n/Code/RMG-database/input/statmech/groups...
biofuelsSymmetryReRun.py:65 <module> INFO RMG Database Loaded
biofuelsSymmetryReRun.py:70 <module> INFO Species Dictionary loaded
biofuelsSymmetryReRun.py:74 <module> INFO Chemkin loaded
biofuelsSymmetryReRun.py:88 <module> INFO [('H_Abstraction', 'OOH(1)+OOH(1)=O2(16)+OO(15)                         3.500e+10 0.000     -3.275   \n'), ('H_Abstraction', 'C8H18(2)+OOH(1)=OO(15)+C8H17(17)                    2.800e+12 0.000     16.013   \n'), ('H_Abstraction', 'OO(15)+C8H17(18)=C8H18(2)+OOH(1)                    1.660e-07 5.407     0.040    \n'), ('H_Abstraction', 'OO(15)+C8H17(19)=C8H18(2)+OOH(1)                    3.000e+00 3.280     1.050    \n'), ('H_Abstraction', 'OO(15)+C8H17(20)=C8H18(2)+OOH(1)                    3.000e+00 3.280     1.050    \n'), ('H_Abstraction', 'C8H18(3)+OOH(1)=OO(15)+C8H17(21)                    2.800e+12 0.000     16.013   \n'), ('H_Abstraction', 'C8H18(3)+OOH(1)=OO(15)+C8H17(22)                    2.800e+12 0.000     16.013   \n'), ('H_Abstraction', 'OO(15)+C8H17(23)=C8H18(3)+OOH(1)                    1.660e-07 5.407     0.040    \n'), ('H_Abstraction', 'OO(15)+C8H17(24)=C8H18(3)+OOH(1)                    1.660e-07 5.407     0.040    \n'), ('H_Abstraction', 'OO(15)+C8H17(25)=C8H18(3)+OOH(1)                    3.000e+00 3.280     1.050    \n'), ('H_Abstraction', 'OO(15)+C8H17(26)=C8H18(3)+OOH(1)                    3.000e+00 3.280     1.050    \n'), ('H_Abstraction', 'OO(15)+C8H17(27)=C8H18(3)+OOH(1)                    3.000e+00 3.280     1.050    \n'), ('H_Abstraction', 'C8H18(4)+OOH(1)=OO(15)+C8H17(28)                    2.800e+12 0.000     16.013   \n'), ('H_Abstraction', 'OO(15)+C8H17(29)=C8H18(4)+OOH(1)                    1.660e-07 5.407     0.040    \n'), ('H_Abstraction', 'OO(15)+C8H17(30)=C8H18(4)+OOH(1)                    1.660e-07 5.407     0.040    \n'), ('H_Abstraction', 'OO(15)+C8H17(31)=C8H18(4)+OOH(1)                    1.660e-07 5.407     0.040    \n'), ('H_Abstraction', 'OO(15)+C8H17(32)=C8H18(4)+OOH(1)                    1.660e-07 5.407     0.040    \n'), ('H_Abstraction', 'OO(15)+C8H17(33)=C8H18(4)+OOH(1)                    3.000e+00 3.280     1.050    \n'), ('H_Abstraction', 'OO(15)+C8H17(34)=C8H18(4)+OOH(1)                    3.000e+00 3.280     1.050    \n'), ('H_Abstraction', 'OO(15)+C8H17(35)=C8H18(4)+OOH(1)                    3.000e+00 3.280     1.050    \n'), ('H_Abstraction', 'OO(15)+C5H11O(36)=C5H12O(5)+OOH(1)                  1.660e-07 5.407     0.040    \n'), ('H_Abstraction', 'OO(15)+C5H11O(37)=C5H12O(5)+OOH(1)                  4.200e-01 3.530     1.560    \n'), ('H_Abstraction', 'OO(15)+C5H11O(38)=C5H12O(5)+OOH(1)                  1.150e+01 2.940     0.460    \n'), ('H_Abstraction', 'OO(15)+C5H11O(39)=C5H12O(5)+OOH(1)                  1.134e-01 3.855     8.760    \n'), ('H_Abstraction', 'OO(15)+C6H13O(40)=C6H14O(6)+OOH(1)                  2.910e+00 3.310     1.410    \n'), ('H_Abstraction', 'OO(15)+C6H13O(41)=C6H14O(6)+OOH(1)                  1.660e-07 5.407     0.040    \n'), ('H_Abstraction', 'OO(15)+C6H13O(42)=C6H14O(6)+OOH(1)                  1.660e-07 5.407     0.040    \n'), ('H_Abstraction', 'OO(15)+C6H13O(43)=C6H14O(6)+OOH(1)                  5.700e+01 3.040     1.210    \n'), ('H_Abstraction', 'OO(15)+C6H13O(44)=C6H14O(6)+OOH(1)                  6.110e-01 3.530     1.520    \n'), ('H_Abstraction', 'OO(15)+C6H13O(45)=C6H14O(6)+OOH(1)                  3.000e+00 3.280     1.050    \n'), ('H_Abstraction', 'OO(15)+C6H13O(46)=C6H14O(6)+OOH(1)                  1.134e-01 3.855     8.760    \n'), ('H_Abstraction', 'C9H18(7)+OOH(1)=OO(15)+C9H17(47)                    1.330e+11 0.000     11.300   \n'), ('H_Abstraction', 'OO(15)+C9H17(48)=C9H18(7)+OOH(1)                    1.660e-07 5.407     0.040    \n'), ('H_Abstraction', 'OO(15)+C9H17(49)=C9H18(7)+OOH(1)                    1.660e-07 5.407     0.040    \n'), ('H_Abstraction', 'OO(15)+C9H17(50)=C9H18(7)+OOH(1)                    3.000e+00 3.280     1.050    \n'), ('H_Abstraction', 'OO(15)+C9H17(51)=C9H18(7)+OOH(1)                    3.000e+00 3.280     1.050    \n'), ('H_Abstraction', 'C9H18(7)+OOH(1)=OO(15)+C9H17(52)                    3.470e-03 4.650     9.780    \n'), ('H_Abstraction', 'OO(15)+C9H17(53)=C9H18(7)+OOH(1)                    8.750e-01 3.590     -4.030   \n'), ('H_Abstraction', 'OO(15)+C6H11(54)=C6H12(8)+OOH(1)                    2.910e+00 3.310     1.410    \n'), ('H_Abstraction', 'OO(15)+C6H11(55)=C6H12(8)+OOH(1)                    1.660e-07 5.407     0.040    \n'), ('H_Abstraction', 'OO(15)+C6H11(56)=C6H12(8)+OOH(1)                    1.660e-07 5.407     0.040    \n'), ('H_Abstraction', 'OO(15)+C6H11(57)=C6H12(8)+OOH(1)                    3.000e+00 3.280     1.050    \n'), ('H_Abstraction', 'Ocimene(9)+OOH(1)=OO(15)+C10H15(58)                 2.744e-03 4.451     7.588    \n'), ('H_Abstraction', 'Ocimene(9)+OOH(1)=OO(15)+C10H15(59)                 2.744e-03 4.451     7.588    \n'), ('H_Abstraction', 'OO(15)+C10H15(60)=Ocimene(9)+OOH(1)                 3.510e-02 4.220     9.860    \n'), ('H_Abstraction', 'Ocimene(9)+OOH(1)=OO(15)+C10H15(61)                 1.735e-03 4.650     9.780    \n'), ('H_Abstraction', 'OO(15)+C10H15(62)=Ocimene(9)+OOH(1)                 8.750e-01 3.590     -4.030   \n'), ('H_Abstraction', 'OO(15)+C10H15(63)=Ocimene(9)+OOH(1)                 8.750e-01 3.590     -4.030   \n'), ('H_Abstraction', 'OO(15)+C10H15(64)=Ocimene(9)+OOH(1)                 2.000e+00 3.520     -7.480   \n'), ('H_Abstraction', 'OO(15)+C10H15(65)=Ocimene(9)+OOH(1)                 2.000e+00 3.520     -7.480   \n'), ('H_Abstraction', 'Xylene(10)+OOH(1)=OO(15)+C8H9(66)                   7.920e+11 0.000     14.080   \n'), ('H_Abstraction', 'OO(15)+C8H9(67)=Xylene(10)+OOH(1)                   1.381e-02 4.118     1.722    \n'), ('H_Abstraction', 'C9H18O(11)+OOH(1)=OO(15)+C9H17O(68)                 5.600e+12 0.000     16.013   \n'), ('H_Abstraction', 'OO(15)+C9H17O(69)=C9H18O(11)+OOH(1)                 3.240e-11 6.525     2.900    \n'), ('H_Abstraction', 'OO(15)+C9H17O(70)=C9H18O(11)+OOH(1)                 3.000e+00 3.280     1.050    \n'), ('H_Abstraction', 'OOH(1)+C8H16O(12)=OO(15)+C8H15O(71)                 2.800e+12 0.000     16.013   \n'), ('H_Abstraction', 'OOH(1)+C8H16O(12)=OO(15)+C8H15O(72)                 1.330e+11 0.000     11.300   \n'), ('H_Abstraction', 'OO(15)+C8H15O(73)=OOH(1)+C8H16O(12)                 1.660e-07 5.407     0.040    \n'), ('H_Abstraction', 'OO(15)+C8H15O(74)=OOH(1)+C8H16O(12)                 3.000e+00 3.280     1.050    \n'), ('H_Abstraction', 'OO(15)+C8H15O(75)=OOH(1)+C8H16O(12)                 3.000e+00 3.280     1.050    \n'), ('H_Abstraction', 'OO(15)+C8H15O(76)=OOH(1)+C8H16O(12)                 1.060e-05 5.025     1.657    \n'), ('H_Abstraction', 'OO(15)+S(77)=OOH(1)+S(13)                           3.460e+01 3.050     1.020    \n'), ('H_Abstraction', 'OO(15)+S(78)=OOH(1)+S(13)                           5.700e+01 3.040     1.210    \n'), ('H_Abstraction', 'OO(15)+S(79)=OOH(1)+S(13)                           5.700e+01 3.040     1.210    \n'), ('H_Abstraction', 'OO(15)+S(80)=OOH(1)+S(13)                           4.200e-01 3.530     1.560    \n'), ('H_Abstraction', 'OO(15)+S(81)=OOH(1)+S(13)                           4.200e-01 3.530     1.560    \n'), ('H_Abstraction', 'OO(15)+S(82)=OOH(1)+S(13)                           1.134e-01 3.855     8.760    \n'), ('H_Abstraction', 'OO(15)+C8H17O(83)=OOH(1)+C8H18O(14)                 3.460e+01 3.050     1.020    \n'), ('H_Abstraction', 'OO(15)+C8H17O(84)=OOH(1)+C8H18O(14)                 3.460e+01 3.050     1.020    \n'), ('H_Abstraction', 'OO(15)+C8H17O(85)=OOH(1)+C8H18O(14)                 1.660e-07 5.407     0.040    \n'), ('H_Abstraction', 'OO(15)+C8H17O(86)=OOH(1)+C8H18O(14)                 3.000e+00 3.280     1.050    \n'), ('H_Abstraction', 'OO(15)+C8H17O(87)=OOH(1)+C8H18O(14)                 1.150e+01 2.940     0.460    \n')]
biofuelsSymmetryReRun.py:89 <module> INFO <type 'list'>
biofuelsSymmetryReRun.py:91 <module> INFO Reaction list generated
biofuelsSymmetryReRun.py:96 <module> INFO This reaction:
biofuelsSymmetryReRun.py:97 <module> INFO OO(15)+C8H17(25)=C8H18(3)+OOH(1)
biofuelsSymmetryReRun.py:98 <module> INFO 'OO(15)+C8H17(25)=C8H18(3)+OOH(1)'
biofuelsSymmetryReRun.py:99 <module> INFO OO(15)+C8H17(25)
biofuelsSymmetryReRun.py:100 <module> INFO C8H18(3)+OOH(1)
biofuelsSymmetryReRun.py:117 <module> INFO generateReactionsFromFamilies successfuly performed
biofuelsSymmetryReRun.py:190 performCalcs INFO chemkinRxn: Reaction(reactants=[Molecule(SMILES="OO"), Molecule(SMILES="[CH2]C(C)CC(C)CC")], products=[Molecule(SMILES="CCC(C)CC(C)C"), Molecule(SMILES="[O]O")], degeneracy=2, pairs=[[Molecule(SMILES="OO"), Molecule(SMILES="[O]O")], [Molecule(SMILES="[CH2]C(C)CC(C)CC"), Molecule(SMILES="CCC(C)CC(C)C")]])
biofuelsSymmetryReRun.py:192 performCalcs INFO Ensuring resonance isomers have been generated
biofuelsSymmetryReRun.py:211 performCalcs INFO Generated one reaction:
biofuelsSymmetryReRun.py:212 performCalcs INFO [Reaction(reactants=[Molecule(SMILES="OO"), Molecule(SMILES="[CH2]C(C)CC(C)CC")], products=[Molecule(SMILES="CCC(C)CC(C)C"), Molecule(SMILES="[O]O")], degeneracy=2, pairs=[[Molecule(SMILES="OO"), Molecule(SMILES="[O]O")], [Molecule(SMILES="[CH2]C(C)CC(C)CC"), Molecule(SMILES="CCC(C)CC(C)C")]])]
biofuelsSymmetryReRun.py:221 performCalcs INFO The reaction of interest is as follows: 
biofuelsSymmetryReRun.py:222 performCalcs INFO <Molecule "OO"> + <Molecule "[CH2]C(C)CC(C)CC"> <=> <Molecule "CCC(C)CC(C)C"> + <Molecule "[O]O">
biofuelsSymmetryReRun.py:224 performCalcs INFO asserting that the testReaction is Isomorphic
biofuelsSymmetryReRun.py:226 performCalcs INFO reaction: Reaction(reactants=[Molecule(SMILES="OO"), Molecule(SMILES="[CH2]C(C)CC(C)CC")], products=[Molecule(SMILES="CCC(C)CC(C)C"), Molecule(SMILES="[O]O")], degeneracy=2, pairs=[[Molecule(SMILES="OO"), Molecule(SMILES="[O]O")], [Molecule(SMILES="[CH2]C(C)CC(C)CC"), Molecule(SMILES="CCC(C)CC(C)C")]])
biofuelsSymmetryReRun.py:232 performCalcs INFO Labeling reactant atoms
biofuelsSymmetryReRun.py:242 performCalcs INFO Labeling product atoms
biofuelsSymmetryReRun.py:258 performCalcs INFO We have generated a H_Abstraction reaction that matches, and used it to label the atoms.
biofuelsSymmetryReRun.py:260 performCalcs INFO Calculating reaction kinetics
biofuelsSymmetryReRun.py:167 calculate INFO Calculating reaction rate for <Molecule "OO"> + <Molecule "[CH2]C(C)CC(C)CC"> <=> <Molecule "CCC(C)CC(C)C"> + <Molecule "[O]O">
biofuelsSymmetryReRun.py:169 calculate INFO Selecting the appropriate TS distance database for family 'H_Abstraction'
biofuelsSymmetryReRun.py:171 calculate INFO Calculating kinetic data by calling qmCalc.getKineticData
reaction.py:619 loadKineticsData INFO Kinetics results file /gss_gpfs_scratch/harms.n/QMfiles/OO+[CH2]C(C)CC(C)CC_CCC(C)CC(C)C+[O]O.kinetics does not exist or is invalid
reaction.py:520 generateTSGeometryDirectGuess INFO Generating a TS geometry via the direct guess method
reaction.py:300 generateBoundsMatrix INFO Generating bounds matrix for OO.[CH2]C(C)CC(C)CC
reaction.py:537 generateTSGeometryDirectGuess INFO TS file /gss_gpfs_scratch/harms.n/QMfiles/OO+[CH2]C(C)CC(C)CC_CCC(C)CC(C)C+[O]O.ts exists. Loading it to save time.
reaction.py:54 loadTSDataFile INFO Reading existing ts file /gss_gpfs_scratch/harms.n/QMfiles/OO+[CH2]C(C)CC(C)CC_CCC(C)CC(C)C+[O]O.ts
gaussian.py:168 verifyOutputFile INFO Successful GaussianMolM062X quantum result in /gss_gpfs_scratch/harms.n/QMscratch/MHAJPDPJQMAIIY-UHFFFAOYSA.log
gaussian.py:268 generateQMData INFO Found a successful output file; using that.
symmetry.py:221 writeInputFile INFO Symmetry input file written to /gss_gpfs_scratch/harms.n/QMscratch/MHAJPDPJQMAIIY-UHFFFAOYSA.symm
symmetry.py:188 parse INFO Point group: C2
gaussian.py:111 verifyOutputFile INFO Output file /gss_gpfs_scratch/harms.n/QMscratch/OGNNWTOVZJRBIB-UHFFFAOYSA-u2.log does not exist.
gaussian.py:189 writeInputFile INFO Writing gaussian input file None
gaussian.py:275 generateQMData INFO Trying GaussianMolM062X attempt 1 of 36 on molecule [CH2]C(C)CC(C)CC.
gaussian.py:168 verifyOutputFile INFO Successful GaussianMolM062X quantum result in /gss_gpfs_scratch/harms.n/QMscratch/OGNNWTOVZJRBIB-UHFFFAOYSA-u2.log
gaussian.py:278 generateQMData INFO Attempt 1 of 36 on species InChI=1S/C8H17/c1-5-8(4)6-7(2)3/h7-8H,2,5-6H2,1,3-4H3/u2 succeeded.
symmetry.py:221 writeInputFile INFO Symmetry input file written to /gss_gpfs_scratch/harms.n/QMscratch/OGNNWTOVZJRBIB-UHFFFAOYSA-u2.symm
symmetry.py:188 parse INFO Point group: C1
gaussian.py:148 verifyOutputFile ERROR Not all of the required keywords for success were found in the output file!
gaussian.py:189 writeInputFile INFO Writing gaussian input file None
gaussian.py:275 generateQMData INFO Trying GaussianMolM062X attempt 1 of 36 on molecule CCC(C)CC(C)C.
gaussian.py:168 verifyOutputFile INFO Successful GaussianMolM062X quantum result in /gss_gpfs_scratch/harms.n/QMscratch/HDGQICNBXPAKLR-UHFFFAOYSA.log
gaussian.py:278 generateQMData INFO Attempt 1 of 36 on species InChI=1S/C8H18/c1-5-8(4)6-7(2)3/h7-8H,5-6H2,1-4H3 succeeded.
symmetry.py:221 writeInputFile INFO Symmetry input file written to /gss_gpfs_scratch/harms.n/QMscratch/HDGQICNBXPAKLR-UHFFFAOYSA.symm
symmetry.py:188 parse INFO Point group: C1
gaussian.py:168 verifyOutputFile INFO Successful GaussianMolM062X quantum result in /gss_gpfs_scratch/harms.n/QMscratch/OUUQCZGPVNCOIJ-UHFFFAOYSA-u2.log
gaussian.py:268 generateQMData INFO Found a successful output file; using that.
symmetry.py:221 writeInputFile INFO Symmetry input file written to /gss_gpfs_scratch/harms.n/QMscratch/OUUQCZGPVNCOIJ-UHFFFAOYSA-u2.symm
symmetry.py:188 parse INFO Point group: Cs
CanTherm execution initiated at Fri May 19 06:23:36 2017

###############################################################
#                                                             #
#                          CanTherm                           #
#                                                             #
#   Version: 0.1.0 (14 May 2009)                              #
#   Authors: RMG Developers (rmg_dev@mit.edu)                 #
#   P.I.:    William H. Green (whgreen@mit.edu)               #
#   Website: http://rmg.sourceforge.net/                      #
#                                                             #
###############################################################

Loading species MHAJPDPJQMAIIY-UHFFFAOYSA...
Loading species OGNNWTOVZJRBIB-UHFFFAOYSA-u2...
Loading species HDGQICNBXPAKLR-UHFFFAOYSA...
Loading species OUUQCZGPVNCOIJ-UHFFFAOYSA-u2...
Loading transition state TS...
Loading reaction OO+[CH2]C(C)CC(C)CC_CCC(C)CC(C)C+[O]O...


Loading statistical mechanics parameters for MHAJPDPJQMAIIY-UHFFFAOYSA...
Warning: No bond energy correction found for model chemistry: M062X/MG3S
Saving statistical mechanics parameters for MHAJPDPJQMAIIY-UHFFFAOYSA...
Loading statistical mechanics parameters for OGNNWTOVZJRBIB-UHFFFAOYSA-u2...
Warning: No bond energy correction found for model chemistry: M062X/MG3S
Saving statistical mechanics parameters for OGNNWTOVZJRBIB-UHFFFAOYSA-u2...
Loading statistical mechanics parameters for HDGQICNBXPAKLR-UHFFFAOYSA...
Warning: No bond energy correction found for model chemistry: M062X/MG3S
Saving statistical mechanics parameters for HDGQICNBXPAKLR-UHFFFAOYSA...
Loading statistical mechanics parameters for OUUQCZGPVNCOIJ-UHFFFAOYSA-u2...
Warning: No bond energy correction found for model chemistry: M062X/MG3S
Saving statistical mechanics parameters for OUUQCZGPVNCOIJ-UHFFFAOYSA-u2...
Loading statistical mechanics parameters for TS...
Warning: No bond energy correction found for model chemistry: M062X/MG3S
Saving statistical mechanics parameters for TS...
Generating Arrhenius kinetics model for Arrhenius...
Saving kinetics for OGNNWTOVZJRBIB-UHFFFAOYSA-u2 + MHAJPDPJQMAIIY-UHFFFAOYSA <=> OUUQCZGPVNCOIJ-UHFFFAOYSA-u2 + HDGQICNBXPAKLR-UHFFFAOYSA...

CanTherm execution terminated at Fri May 19 06:23:38 2017
Saving kinetics data file /gss_gpfs_scratch/harms.n/QMfiles/OO+[CH2]C(C)CC(C)CC_CCC(C)CC(C)C+[O]O.kinetics
Removing 'core*' files
Yay, reaction kinetics calculated!!!
Reaction(label='OO+[CH2]C(C)CC(C)CC_CCC(C)CC(C)C+[O]O', reactants=[Species(label="OGNNWTOVZJRBIB-UHFFFAOYSA-u2", conformer=Conformer(E0=(-29.3343,'kJ/mol'), modes=[IdealGasTranslation(mass=(113.133,'amu')), NonlinearRotor(inertia=([175.433,451.824,522.891],'amu*angstrom^2'), symmetry=1), HarmonicOscillator(frequencies=([55.824,99.5331,117.19,161.841,190.767,214.853,237.513,245.772,268.814,318.898,350.301,396.877,425.952,447.527,471.927,560.915,765.858,804.223,847.973,855.631,912.465,918.164,952.536,970.562,1010.39,1025.44,1038.8,1054.32,1116.25,1159.78,1173.52,1174.26,1242.38,1270.78,1293.91,1309.36,1324,1349.71,1365.13,1368.85,1378.84,1385.38,1389.72,1438.72,1458.9,1464.96,1472.36,1475.33,1475.72,1479.13,1486.21,1486.86,2964.86,2972.04,2978.74,2982.45,2985.52,2986.78,2990.47,3017.66,3025.01,3053.26,3057.12,3057.6,3064.14,3068.15,3069.55,3094.85,3194.42],'cm^-1'))], spinMultiplicity=2)), Species(label="MHAJPDPJQMAIIY-UHFFFAOYSA", conformer=Conformer(E0=(-134.382,'kJ/mol'), modes=[IdealGasTranslation(mass=(34.0055,'amu')), NonlinearRotor(inertia=([1.63801,18.4022,19.029],'amu*angstrom^2'), symmetry=1), HarmonicOscillator(frequencies=([378.1,1029.14,1344.99,1458.5,3786.54,3787.27],'cm^-1'))]))], products=[Species(label="OUUQCZGPVNCOIJ-UHFFFAOYSA-u2", conformer=Conformer(E0=(6.19549,'kJ/mol'), modes=[IdealGasTranslation(mass=(32.9977,'amu')), NonlinearRotor(inertia=([0.800947,14.5112,15.3121],'amu*angstrom^2'), symmetry=1), HarmonicOscillator(frequencies=([1245.9,1447.19,3645.15],'cm^-1'))], spinMultiplicity=2)), Species(label="HDGQICNBXPAKLR-UHFFFAOYSA", conformer=Conformer(E0=(-230.716,'kJ/mol'), modes=[IdealGasTranslation(mass=(114.141,'amu')), NonlinearRotor(inertia=([179.876,459.243,528.678],'amu*angstrom^2'), symmetry=1), HarmonicOscillator(frequencies=([72.778,95.2195,115.224,167.015,214.355,224.033,239.52,257.538,266.377,326.904,363.399,407.456,435.364,453.629,479.995,765.824,801.827,828.037,858.989,909.919,918.547,952.031,962.222,969.688,1011.36,1035.83,1052.44,1087.12,1159,1175.54,1175.84,1180.81,1245.35,1275.16,1301.92,1311.21,1336.97,1346.54,1368.67,1374.44,1380.15,1387.05,1390.47,1398.02,1455.16,1462.85,1467.04,1472,1476.23,1478.47,1482.35,1484.98,1487.29,1489.26,2961.36,2973.37,2976.14,2979.87,2980.97,2984.48,2987.96,2991.44,3012.73,3024.46,3045.35,3050.27,3051.35,3057.27,3059.12,3064.48,3065.57,3069.55],'cm^-1'))]))], kinetics=Arrhenius(A=(0.00213786,'cm^3/(mol*s)'), n=3.9952, Ea=(-0.268231,'kJ/mol'), T0=(1,'K'), Tmin=(303.03,'K'), Tmax=(2500,'K'), comment="""Fitted to 59 data points; dA = *|/ 1.13439, dn = +|- 0.0165493, dEa = +|- 0.091038 kJ/mol"""), transitionState=TransitionState(label="TS", conformer=Conformer(E0=(-144.587,'kJ/mol'), modes=[IdealGasTranslation(mass=(147.138,'amu')), NonlinearRotor(inertia=([413.533,626.221,905.73],'amu*angstrom^2'), symmetry=1), HarmonicOscillator(frequencies=([34.9932,53.8993,64.2191,81.4256,98.7482,131.23,145.058,182.863,225.501,236.974,271.646,285.508,305.582,347.291,365.583,405.531,425.236,459.717,527.82,561.277,621.422,767.564,794.995,828.296,857.672,905.428,919.393,947.438,965.136,980.534,998.73,1021.08,1049.87,1057.71,1089.97,1127.73,1147.86,1167.23,1178.31,1181.16,1257.62,1277.86,1290.12,1320.11,1334.62,1353.09,1360.7,1379.06,1385.25,1393.46,1397.1,1399.19,1429.93,1435.78,1455.2,1464.6,1470.13,1477.06,1478.56,1482.7,1486.98,1490.03,2966.23,2971.76,2983.73,2986.05,2986.85,2994.91,3000.12,3013.12,3023.25,3035.61,3052.62,3057.81,3062.98,3065.88,3070.27,3073.01,3106.58,3743.96],'cm^-1'))], spinMultiplicity=2), frequency=(-1844.88,'cm^-1'), tunneling=Eckart(frequency=(-1844.88,'cm^-1'), E0_reac=(-163.716,'kJ/mol'), E0_TS=(-144.587,'kJ/mol'), E0_prod=(-224.52,'kJ/mol'))))
For reaction Reaction(label='OO+[CH2]C(C)CC(C)CC_CCC(C)CC(C)C+[O]O', reactants=[Species(label="OGNNWTOVZJRBIB-UHFFFAOYSA-u2", conformer=Conformer(E0=(-29.3343,'kJ/mol'), modes=[IdealGasTranslation(mass=(113.133,'amu')), NonlinearRotor(inertia=([175.433,451.824,522.891],'amu*angstrom^2'), symmetry=1), HarmonicOscillator(frequencies=([55.824,99.5331,117.19,161.841,190.767,214.853,237.513,245.772,268.814,318.898,350.301,396.877,425.952,447.527,471.927,560.915,765.858,804.223,847.973,855.631,912.465,918.164,952.536,970.562,1010.39,1025.44,1038.8,1054.32,1116.25,1159.78,1173.52,1174.26,1242.38,1270.78,1293.91,1309.36,1324,1349.71,1365.13,1368.85,1378.84,1385.38,1389.72,1438.72,1458.9,1464.96,1472.36,1475.33,1475.72,1479.13,1486.21,1486.86,2964.86,2972.04,2978.74,2982.45,2985.52,2986.78,2990.47,3017.66,3025.01,3053.26,3057.12,3057.6,3064.14,3068.15,3069.55,3094.85,3194.42],'cm^-1'))], spinMultiplicity=2)), Species(label="MHAJPDPJQMAIIY-UHFFFAOYSA", conformer=Conformer(E0=(-134.382,'kJ/mol'), modes=[IdealGasTranslation(mass=(34.0055,'amu')), NonlinearRotor(inertia=([1.63801,18.4022,19.029],'amu*angstrom^2'), symmetry=1), HarmonicOscillator(frequencies=([378.1,1029.14,1344.99,1458.5,3786.54,3787.27],'cm^-1'))]))], products=[Species(label="OUUQCZGPVNCOIJ-UHFFFAOYSA-u2", conformer=Conformer(E0=(6.19549,'kJ/mol'), modes=[IdealGasTranslation(mass=(32.9977,'amu')), NonlinearRotor(inertia=([0.800947,14.5112,15.3121],'amu*angstrom^2'), symmetry=1), HarmonicOscillator(frequencies=([1245.9,1447.19,3645.15],'cm^-1'))], spinMultiplicity=2)), Species(label="HDGQICNBXPAKLR-UHFFFAOYSA", conformer=Conformer(E0=(-230.716,'kJ/mol'), modes=[IdealGasTranslation(mass=(114.141,'amu')), NonlinearRotor(inertia=([179.876,459.243,528.678],'amu*angstrom^2'), symmetry=1), HarmonicOscillator(frequencies=([72.778,95.2195,115.224,167.015,214.355,224.033,239.52,257.538,266.377,326.904,363.399,407.456,435.364,453.629,479.995,765.824,801.827,828.037,858.989,909.919,918.547,952.031,962.222,969.688,1011.36,1035.83,1052.44,1087.12,1159,1175.54,1175.84,1180.81,1245.35,1275.16,1301.92,1311.21,1336.97,1346.54,1368.67,1374.44,1380.15,1387.05,1390.47,1398.02,1455.16,1462.85,1467.04,1472,1476.23,1478.47,1482.35,1484.98,1487.29,1489.26,2961.36,2973.37,2976.14,2979.87,2980.97,2984.48,2987.96,2991.44,3012.73,3024.46,3045.35,3050.27,3051.35,3057.27,3059.12,3064.48,3065.57,3069.55],'cm^-1'))]))], kinetics=Arrhenius(A=(0.00213786,'cm^3/(mol*s)'), n=3.9952, Ea=(-0.268231,'kJ/mol'), T0=(1,'K'), Tmin=(303.03,'K'), Tmax=(2500,'K'), comment="""Fitted to 59 data points; dA = *|/ 1.13439, dn = +|- 0.0165493, dEa = +|- 0.091038 kJ/mol"""), transitionState=TransitionState(label="TS", conformer=Conformer(E0=(-144.587,'kJ/mol'), modes=[IdealGasTranslation(mass=(147.138,'amu')), NonlinearRotor(inertia=([413.533,626.221,905.73],'amu*angstrom^2'), symmetry=1), HarmonicOscillator(frequencies=([34.9932,53.8993,64.2191,81.4256,98.7482,131.23,145.058,182.863,225.501,236.974,271.646,285.508,305.582,347.291,365.583,405.531,425.236,459.717,527.82,561.277,621.422,767.564,794.995,828.296,857.672,905.428,919.393,947.438,965.136,980.534,998.73,1021.08,1049.87,1057.71,1089.97,1127.73,1147.86,1167.23,1178.31,1181.16,1257.62,1277.86,1290.12,1320.11,1334.62,1353.09,1360.7,1379.06,1385.25,1393.46,1397.1,1399.19,1429.93,1435.78,1455.2,1464.6,1470.13,1477.06,1478.56,1482.7,1486.98,1490.03,2966.23,2971.76,2983.73,2986.05,2986.85,2994.91,3000.12,3013.12,3023.25,3035.61,3052.62,3057.81,3062.98,3065.88,3070.27,3073.01,3106.58,3743.96],'cm^-1'))], spinMultiplicity=2), frequency=(-1844.88,'cm^-1'), tunneling=Eckart(frequency=(-1844.88,'cm^-1'), E0_reac=(-163.716,'kJ/mol'), E0_TS=(-144.587,'kJ/mol'), E0_prod=(-224.52,'kJ/mol'))))
We have calculated kinetics Arrhenius(A=(0.00213786,'cm^3/(mol*s)'), n=3.9952, Ea=(-0.268231,'kJ/mol'), T0=(1,'K'), Tmin=(303.03,'K'), Tmax=(2500,'K'), comment="""Fitted to 59 data points; dA = *|/ 1.13439, dn = +|- 0.0165493, dEa = +|- 0.091038 kJ/mol""")
