biofuelsSymmetryReRun.py:32 <module> INFO RUNNING WITH JOB NUMBER i = 26
biofuelsSymmetryReRun.py:36 <module> INFO Previous .combined.log file loaded
biofuelsSymmetryReRun.py:49 <module> INFO A symmetry issue exists. Continuing calculations on it.
biofuelsSymmetryReRun.py:53 <module> INFO Loading RMG Database ...
biofuelsSymmetryReRun.py:56 <module> INFO /home/harms.n/Code/RMG-database/input
thermo.py:760 loadLibraries INFO Loading thermodynamics library from thermo_DFT_CCSDTF12_BAC.py in /home/harms.n/Code/RMG-database/input/thermo/libraries...
thermo.py:760 loadLibraries INFO Loading thermodynamics library from CBS_QB3_1dHR.py in /home/harms.n/Code/RMG-database/input/thermo/libraries...
thermo.py:760 loadLibraries INFO Loading thermodynamics library from primaryThermoLibrary.py in /home/harms.n/Code/RMG-database/input/thermo/libraries...
thermo.py:760 loadLibraries INFO Loading thermodynamics library from KlippensteinH2O2.py in /home/harms.n/Code/RMG-database/input/thermo/libraries...
thermo.py:774 loadGroups INFO Loading thermodynamics group database from /home/harms.n/Code/RMG-database/input/thermo/groups...
transport.py:294 loadGroups INFO Loading transport group database from /home/harms.n/Code/RMG-database/input/transport/groups...
database.py:165 loadFamilies INFO Loading the user-specified kinetics families from /home/harms.n/Code/RMG-database/input/kinetics/families
statmech.py:526 loadGroups INFO Loading frequencies group database from /home/harms.n/Code/RMG-database/input/statmech/groups...
biofuelsSymmetryReRun.py:65 <module> INFO RMG Database Loaded
biofuelsSymmetryReRun.py:70 <module> INFO Species Dictionary loaded
biofuelsSymmetryReRun.py:74 <module> INFO Chemkin loaded
biofuelsSymmetryReRun.py:88 <module> INFO [('H_Abstraction', 'OOH(1)+OOH(1)=O2(16)+OO(15)                         3.500e+10 0.000     -3.275   \n'), ('H_Abstraction', 'C8H18(2)+OOH(1)=OO(15)+C8H17(17)                    2.800e+12 0.000     16.013   \n'), ('H_Abstraction', 'OO(15)+C8H17(18)=C8H18(2)+OOH(1)                    1.660e-07 5.407     0.040    \n'), ('H_Abstraction', 'OO(15)+C8H17(19)=C8H18(2)+OOH(1)                    3.000e+00 3.280     1.050    \n'), ('H_Abstraction', 'OO(15)+C8H17(20)=C8H18(2)+OOH(1)                    3.000e+00 3.280     1.050    \n'), ('H_Abstraction', 'C8H18(3)+OOH(1)=OO(15)+C8H17(21)                    2.800e+12 0.000     16.013   \n'), ('H_Abstraction', 'C8H18(3)+OOH(1)=OO(15)+C8H17(22)                    2.800e+12 0.000     16.013   \n'), ('H_Abstraction', 'OO(15)+C8H17(23)=C8H18(3)+OOH(1)                    1.660e-07 5.407     0.040    \n'), ('H_Abstraction', 'OO(15)+C8H17(24)=C8H18(3)+OOH(1)                    1.660e-07 5.407     0.040    \n'), ('H_Abstraction', 'OO(15)+C8H17(25)=C8H18(3)+OOH(1)                    3.000e+00 3.280     1.050    \n'), ('H_Abstraction', 'OO(15)+C8H17(26)=C8H18(3)+OOH(1)                    3.000e+00 3.280     1.050    \n'), ('H_Abstraction', 'OO(15)+C8H17(27)=C8H18(3)+OOH(1)                    3.000e+00 3.280     1.050    \n'), ('H_Abstraction', 'C8H18(4)+OOH(1)=OO(15)+C8H17(28)                    2.800e+12 0.000     16.013   \n'), ('H_Abstraction', 'OO(15)+C8H17(29)=C8H18(4)+OOH(1)                    1.660e-07 5.407     0.040    \n'), ('H_Abstraction', 'OO(15)+C8H17(30)=C8H18(4)+OOH(1)                    1.660e-07 5.407     0.040    \n'), ('H_Abstraction', 'OO(15)+C8H17(31)=C8H18(4)+OOH(1)                    1.660e-07 5.407     0.040    \n'), ('H_Abstraction', 'OO(15)+C8H17(32)=C8H18(4)+OOH(1)                    1.660e-07 5.407     0.040    \n'), ('H_Abstraction', 'OO(15)+C8H17(33)=C8H18(4)+OOH(1)                    3.000e+00 3.280     1.050    \n'), ('H_Abstraction', 'OO(15)+C8H17(34)=C8H18(4)+OOH(1)                    3.000e+00 3.280     1.050    \n'), ('H_Abstraction', 'OO(15)+C8H17(35)=C8H18(4)+OOH(1)                    3.000e+00 3.280     1.050    \n'), ('H_Abstraction', 'OO(15)+C5H11O(36)=C5H12O(5)+OOH(1)                  1.660e-07 5.407     0.040    \n'), ('H_Abstraction', 'OO(15)+C5H11O(37)=C5H12O(5)+OOH(1)                  4.200e-01 3.530     1.560    \n'), ('H_Abstraction', 'OO(15)+C5H11O(38)=C5H12O(5)+OOH(1)                  1.150e+01 2.940     0.460    \n'), ('H_Abstraction', 'OO(15)+C5H11O(39)=C5H12O(5)+OOH(1)                  1.134e-01 3.855     8.760    \n'), ('H_Abstraction', 'OO(15)+C6H13O(40)=C6H14O(6)+OOH(1)                  2.910e+00 3.310     1.410    \n'), ('H_Abstraction', 'OO(15)+C6H13O(41)=C6H14O(6)+OOH(1)                  1.660e-07 5.407     0.040    \n'), ('H_Abstraction', 'OO(15)+C6H13O(42)=C6H14O(6)+OOH(1)                  1.660e-07 5.407     0.040    \n'), ('H_Abstraction', 'OO(15)+C6H13O(43)=C6H14O(6)+OOH(1)                  5.700e+01 3.040     1.210    \n'), ('H_Abstraction', 'OO(15)+C6H13O(44)=C6H14O(6)+OOH(1)                  6.110e-01 3.530     1.520    \n'), ('H_Abstraction', 'OO(15)+C6H13O(45)=C6H14O(6)+OOH(1)                  3.000e+00 3.280     1.050    \n'), ('H_Abstraction', 'OO(15)+C6H13O(46)=C6H14O(6)+OOH(1)                  1.134e-01 3.855     8.760    \n'), ('H_Abstraction', 'C9H18(7)+OOH(1)=OO(15)+C9H17(47)                    1.330e+11 0.000     11.300   \n'), ('H_Abstraction', 'OO(15)+C9H17(48)=C9H18(7)+OOH(1)                    1.660e-07 5.407     0.040    \n'), ('H_Abstraction', 'OO(15)+C9H17(49)=C9H18(7)+OOH(1)                    1.660e-07 5.407     0.040    \n'), ('H_Abstraction', 'OO(15)+C9H17(50)=C9H18(7)+OOH(1)                    3.000e+00 3.280     1.050    \n'), ('H_Abstraction', 'OO(15)+C9H17(51)=C9H18(7)+OOH(1)                    3.000e+00 3.280     1.050    \n'), ('H_Abstraction', 'C9H18(7)+OOH(1)=OO(15)+C9H17(52)                    3.470e-03 4.650     9.780    \n'), ('H_Abstraction', 'OO(15)+C9H17(53)=C9H18(7)+OOH(1)                    8.750e-01 3.590     -4.030   \n'), ('H_Abstraction', 'OO(15)+C6H11(54)=C6H12(8)+OOH(1)                    2.910e+00 3.310     1.410    \n'), ('H_Abstraction', 'OO(15)+C6H11(55)=C6H12(8)+OOH(1)                    1.660e-07 5.407     0.040    \n'), ('H_Abstraction', 'OO(15)+C6H11(56)=C6H12(8)+OOH(1)                    1.660e-07 5.407     0.040    \n'), ('H_Abstraction', 'OO(15)+C6H11(57)=C6H12(8)+OOH(1)                    3.000e+00 3.280     1.050    \n'), ('H_Abstraction', 'Ocimene(9)+OOH(1)=OO(15)+C10H15(58)                 2.744e-03 4.451     7.588    \n'), ('H_Abstraction', 'Ocimene(9)+OOH(1)=OO(15)+C10H15(59)                 2.744e-03 4.451     7.588    \n'), ('H_Abstraction', 'OO(15)+C10H15(60)=Ocimene(9)+OOH(1)                 3.510e-02 4.220     9.860    \n'), ('H_Abstraction', 'Ocimene(9)+OOH(1)=OO(15)+C10H15(61)                 1.735e-03 4.650     9.780    \n'), ('H_Abstraction', 'OO(15)+C10H15(62)=Ocimene(9)+OOH(1)                 8.750e-01 3.590     -4.030   \n'), ('H_Abstraction', 'OO(15)+C10H15(63)=Ocimene(9)+OOH(1)                 8.750e-01 3.590     -4.030   \n'), ('H_Abstraction', 'OO(15)+C10H15(64)=Ocimene(9)+OOH(1)                 2.000e+00 3.520     -7.480   \n'), ('H_Abstraction', 'OO(15)+C10H15(65)=Ocimene(9)+OOH(1)                 2.000e+00 3.520     -7.480   \n'), ('H_Abstraction', 'Xylene(10)+OOH(1)=OO(15)+C8H9(66)                   7.920e+11 0.000     14.080   \n'), ('H_Abstraction', 'OO(15)+C8H9(67)=Xylene(10)+OOH(1)                   1.381e-02 4.118     1.722    \n'), ('H_Abstraction', 'C9H18O(11)+OOH(1)=OO(15)+C9H17O(68)                 5.600e+12 0.000     16.013   \n'), ('H_Abstraction', 'OO(15)+C9H17O(69)=C9H18O(11)+OOH(1)                 3.240e-11 6.525     2.900    \n'), ('H_Abstraction', 'OO(15)+C9H17O(70)=C9H18O(11)+OOH(1)                 3.000e+00 3.280     1.050    \n'), ('H_Abstraction', 'OOH(1)+C8H16O(12)=OO(15)+C8H15O(71)                 2.800e+12 0.000     16.013   \n'), ('H_Abstraction', 'OOH(1)+C8H16O(12)=OO(15)+C8H15O(72)                 1.330e+11 0.000     11.300   \n'), ('H_Abstraction', 'OO(15)+C8H15O(73)=OOH(1)+C8H16O(12)                 1.660e-07 5.407     0.040    \n'), ('H_Abstraction', 'OO(15)+C8H15O(74)=OOH(1)+C8H16O(12)                 3.000e+00 3.280     1.050    \n'), ('H_Abstraction', 'OO(15)+C8H15O(75)=OOH(1)+C8H16O(12)                 3.000e+00 3.280     1.050    \n'), ('H_Abstraction', 'OO(15)+C8H15O(76)=OOH(1)+C8H16O(12)                 1.060e-05 5.025     1.657    \n'), ('H_Abstraction', 'OO(15)+S(77)=OOH(1)+S(13)                           3.460e+01 3.050     1.020    \n'), ('H_Abstraction', 'OO(15)+S(78)=OOH(1)+S(13)                           5.700e+01 3.040     1.210    \n'), ('H_Abstraction', 'OO(15)+S(79)=OOH(1)+S(13)                           5.700e+01 3.040     1.210    \n'), ('H_Abstraction', 'OO(15)+S(80)=OOH(1)+S(13)                           4.200e-01 3.530     1.560    \n'), ('H_Abstraction', 'OO(15)+S(81)=OOH(1)+S(13)                           4.200e-01 3.530     1.560    \n'), ('H_Abstraction', 'OO(15)+S(82)=OOH(1)+S(13)                           1.134e-01 3.855     8.760    \n'), ('H_Abstraction', 'OO(15)+C8H17O(83)=OOH(1)+C8H18O(14)                 3.460e+01 3.050     1.020    \n'), ('H_Abstraction', 'OO(15)+C8H17O(84)=OOH(1)+C8H18O(14)                 3.460e+01 3.050     1.020    \n'), ('H_Abstraction', 'OO(15)+C8H17O(85)=OOH(1)+C8H18O(14)                 1.660e-07 5.407     0.040    \n'), ('H_Abstraction', 'OO(15)+C8H17O(86)=OOH(1)+C8H18O(14)                 3.000e+00 3.280     1.050    \n'), ('H_Abstraction', 'OO(15)+C8H17O(87)=OOH(1)+C8H18O(14)                 1.150e+01 2.940     0.460    \n')]
biofuelsSymmetryReRun.py:89 <module> INFO <type 'list'>
biofuelsSymmetryReRun.py:91 <module> INFO Reaction list generated
biofuelsSymmetryReRun.py:96 <module> INFO This reaction:
biofuelsSymmetryReRun.py:97 <module> INFO OO(15)+C6H13O(41)=C6H14O(6)+OOH(1)
biofuelsSymmetryReRun.py:98 <module> INFO 'OO(15)+C6H13O(41)=C6H14O(6)+OOH(1)'
biofuelsSymmetryReRun.py:99 <module> INFO OO(15)+C6H13O(41)
biofuelsSymmetryReRun.py:100 <module> INFO C6H14O(6)+OOH(1)
biofuelsSymmetryReRun.py:117 <module> INFO generateReactionsFromFamilies successfuly performed
biofuelsSymmetryReRun.py:190 performCalcs INFO chemkinRxn: Reaction(reactants=[Molecule(SMILES="OO"), Molecule(SMILES="CC[CH]C(C)CO")], products=[Molecule(SMILES="CCCC(C)CO"), Molecule(SMILES="[O]O")], degeneracy=2, pairs=[[Molecule(SMILES="OO"), Molecule(SMILES="[O]O")], [Molecule(SMILES="CC[CH]C(C)CO"), Molecule(SMILES="CCCC(C)CO")]])
biofuelsSymmetryReRun.py:192 performCalcs INFO Ensuring resonance isomers have been generated
biofuelsSymmetryReRun.py:211 performCalcs INFO Generated one reaction:
biofuelsSymmetryReRun.py:212 performCalcs INFO [Reaction(reactants=[Molecule(SMILES="OO"), Molecule(SMILES="CC[CH]C(C)CO")], products=[Molecule(SMILES="CCCC(C)CO"), Molecule(SMILES="[O]O")], degeneracy=2, pairs=[[Molecule(SMILES="OO"), Molecule(SMILES="[O]O")], [Molecule(SMILES="CC[CH]C(C)CO"), Molecule(SMILES="CCCC(C)CO")]])]
biofuelsSymmetryReRun.py:221 performCalcs INFO The reaction of interest is as follows: 
biofuelsSymmetryReRun.py:222 performCalcs INFO <Molecule "OO"> + <Molecule "CC[CH]C(C)CO"> <=> <Molecule "CCCC(C)CO"> + <Molecule "[O]O">
biofuelsSymmetryReRun.py:224 performCalcs INFO asserting that the testReaction is Isomorphic
biofuelsSymmetryReRun.py:226 performCalcs INFO reaction: Reaction(reactants=[Molecule(SMILES="OO"), Molecule(SMILES="CC[CH]C(C)CO")], products=[Molecule(SMILES="CCCC(C)CO"), Molecule(SMILES="[O]O")], degeneracy=2, pairs=[[Molecule(SMILES="OO"), Molecule(SMILES="[O]O")], [Molecule(SMILES="CC[CH]C(C)CO"), Molecule(SMILES="CCCC(C)CO")]])
biofuelsSymmetryReRun.py:232 performCalcs INFO Labeling reactant atoms
biofuelsSymmetryReRun.py:242 performCalcs INFO Labeling product atoms
biofuelsSymmetryReRun.py:258 performCalcs INFO We have generated a H_Abstraction reaction that matches, and used it to label the atoms.
biofuelsSymmetryReRun.py:260 performCalcs INFO Calculating reaction kinetics
biofuelsSymmetryReRun.py:167 calculate INFO Calculating reaction rate for <Molecule "OO"> + <Molecule "CC[CH]C(C)CO"> <=> <Molecule "CCCC(C)CO"> + <Molecule "[O]O">
biofuelsSymmetryReRun.py:169 calculate INFO Selecting the appropriate TS distance database for family 'H_Abstraction'
biofuelsSymmetryReRun.py:171 calculate INFO Calculating kinetic data by calling qmCalc.getKineticData
reaction.py:619 loadKineticsData INFO Kinetics results file /gss_gpfs_scratch/harms.n/QMfiles/CC[CH]C(C)CO+OO_CCCC(C)CO+[O]O.kinetics does not exist or is invalid
reaction.py:520 generateTSGeometryDirectGuess INFO Generating a TS geometry via the direct guess method
reaction.py:300 generateBoundsMatrix INFO Generating bounds matrix for CC[CH]C(C)CO.OO
reaction.py:537 generateTSGeometryDirectGuess INFO TS file /gss_gpfs_scratch/harms.n/QMfiles/CC[CH]C(C)CO+OO_CCCC(C)CO+[O]O.ts exists. Loading it to save time.
reaction.py:54 loadTSDataFile INFO Reading existing ts file /gss_gpfs_scratch/harms.n/QMfiles/CC[CH]C(C)CO+OO_CCCC(C)CO+[O]O.ts
gaussian.py:168 verifyOutputFile INFO Successful GaussianMolM062X quantum result in /gss_gpfs_scratch/harms.n/QMscratch/MHAJPDPJQMAIIY-UHFFFAOYSA.log
gaussian.py:268 generateQMData INFO Found a successful output file; using that.
symmetry.py:221 writeInputFile INFO Symmetry input file written to /gss_gpfs_scratch/harms.n/QMscratch/MHAJPDPJQMAIIY-UHFFFAOYSA.symm
symmetry.py:188 parse INFO Point group: C2
gaussian.py:111 verifyOutputFile INFO Output file /gss_gpfs_scratch/harms.n/QMscratch/YPYSQUZUQHWFNL-UHFFFAOYSA-u4.log does not exist.
gaussian.py:189 writeInputFile INFO Writing gaussian input file None
gaussian.py:275 generateQMData INFO Trying GaussianMolM062X attempt 1 of 36 on molecule CC[CH]C(C)CO.
gaussian.py:168 verifyOutputFile INFO Successful GaussianMolM062X quantum result in /gss_gpfs_scratch/harms.n/QMscratch/YPYSQUZUQHWFNL-UHFFFAOYSA-u4.log
gaussian.py:278 generateQMData INFO Attempt 1 of 36 on species InChI=1S/C6H13O/c1-3-4-6(2)5-7/h4,6-7H,3,5H2,1-2H3/u4 succeeded.
symmetry.py:221 writeInputFile INFO Symmetry input file written to /gss_gpfs_scratch/harms.n/QMscratch/YPYSQUZUQHWFNL-UHFFFAOYSA-u4.symm
symmetry.py:188 parse INFO Point group: C1
gaussian.py:168 verifyOutputFile INFO Successful GaussianMolM062X quantum result in /gss_gpfs_scratch/harms.n/QMscratch/PFNHSEQQEPMLNI-UHFFFAOYSA.log
gaussian.py:268 generateQMData INFO Found a successful output file; using that.
symmetry.py:221 writeInputFile INFO Symmetry input file written to /gss_gpfs_scratch/harms.n/QMscratch/PFNHSEQQEPMLNI-UHFFFAOYSA.symm
symmetry.py:188 parse INFO Point group: C1
gaussian.py:168 verifyOutputFile INFO Successful GaussianMolM062X quantum result in /gss_gpfs_scratch/harms.n/QMscratch/OUUQCZGPVNCOIJ-UHFFFAOYSA-u2.log
gaussian.py:268 generateQMData INFO Found a successful output file; using that.
symmetry.py:221 writeInputFile INFO Symmetry input file written to /gss_gpfs_scratch/harms.n/QMscratch/OUUQCZGPVNCOIJ-UHFFFAOYSA-u2.symm
symmetry.py:188 parse INFO Point group: Cs
CanTherm execution initiated at Tue May 16 19:23:26 2017

###############################################################
#                                                             #
#                          CanTherm                           #
#                                                             #
#   Version: 0.1.0 (14 May 2009)                              #
#   Authors: RMG Developers (rmg_dev@mit.edu)                 #
#   P.I.:    William H. Green (whgreen@mit.edu)               #
#   Website: http://rmg.sourceforge.net/                      #
#                                                             #
###############################################################

Loading species MHAJPDPJQMAIIY-UHFFFAOYSA...
Loading species YPYSQUZUQHWFNL-UHFFFAOYSA-u4...
Loading species PFNHSEQQEPMLNI-UHFFFAOYSA...
Loading species OUUQCZGPVNCOIJ-UHFFFAOYSA-u2...
Loading transition state TS...
Loading reaction CC[CH]C(C)CO+OO_CCCC(C)CO+[O]O...


Loading statistical mechanics parameters for MHAJPDPJQMAIIY-UHFFFAOYSA...
Warning: No bond energy correction found for model chemistry: M062X/MG3S
Saving statistical mechanics parameters for MHAJPDPJQMAIIY-UHFFFAOYSA...
Loading statistical mechanics parameters for YPYSQUZUQHWFNL-UHFFFAOYSA-u4...
Warning: No bond energy correction found for model chemistry: M062X/MG3S
Saving statistical mechanics parameters for YPYSQUZUQHWFNL-UHFFFAOYSA-u4...
Loading statistical mechanics parameters for PFNHSEQQEPMLNI-UHFFFAOYSA...
Warning: No bond energy correction found for model chemistry: M062X/MG3S
Saving statistical mechanics parameters for PFNHSEQQEPMLNI-UHFFFAOYSA...
Loading statistical mechanics parameters for OUUQCZGPVNCOIJ-UHFFFAOYSA-u2...
Warning: No bond energy correction found for model chemistry: M062X/MG3S
Saving statistical mechanics parameters for OUUQCZGPVNCOIJ-UHFFFAOYSA-u2...
Loading statistical mechanics parameters for TS...
Warning: No bond energy correction found for model chemistry: M062X/MG3S
Saving statistical mechanics parameters for TS...
Generating Arrhenius kinetics model for Arrhenius...
Saving kinetics for MHAJPDPJQMAIIY-UHFFFAOYSA + YPYSQUZUQHWFNL-UHFFFAOYSA-u4 <=> OUUQCZGPVNCOIJ-UHFFFAOYSA-u2 + PFNHSEQQEPMLNI-UHFFFAOYSA...

CanTherm execution terminated at Tue May 16 19:23:28 2017
Saving kinetics data file /gss_gpfs_scratch/harms.n/QMfiles/CC[CH]C(C)CO+OO_CCCC(C)CO+[O]O.kinetics
Removing 'core*' files
Yay, reaction kinetics calculated!!!
Reaction(label='CC[CH]C(C)CO+OO_CCCC(C)CO+[O]O', reactants=[Species(label="MHAJPDPJQMAIIY-UHFFFAOYSA", conformer=Conformer(E0=(-134.382,'kJ/mol'), modes=[IdealGasTranslation(mass=(34.0055,'amu')), NonlinearRotor(inertia=([1.63801,18.4022,19.029],'amu*angstrom^2'), symmetry=1), HarmonicOscillator(frequencies=([378.1,1029.14,1344.99,1458.5,3786.54,3787.27],'cm^-1'))])), Species(label="YPYSQUZUQHWFNL-UHFFFAOYSA-u4", conformer=Conformer(E0=(-146.925,'kJ/mol'), modes=[IdealGasTranslation(mass=(101.097,'amu')), NonlinearRotor(inertia=([132.964,353.565,461.993],'amu*angstrom^2'), symmetry=1), HarmonicOscillator(frequencies=([46.5348,67.7955,128.534,167.847,231.8,247.396,271.981,307.213,339.189,353.864,419.932,475.47,535.908,763.831,827.955,898.043,947.069,962.57,1029.38,1045.86,1071.77,1093.49,1100.92,1143.99,1154.28,1232.11,1237.06,1254.75,1276.25,1302.65,1338.68,1382.84,1388.11,1404.89,1429.81,1448.43,1476.9,1477.74,1481.02,1482.97,1496.76,2916.66,2923.99,2951.89,2964.03,2990.63,2994.61,3007.19,3056.38,3059.97,3075.82,3082.29,3132.46,3860.33],'cm^-1'))], spinMultiplicity=2))], products=[Species(label="OUUQCZGPVNCOIJ-UHFFFAOYSA-u2", conformer=Conformer(E0=(6.19549,'kJ/mol'), modes=[IdealGasTranslation(mass=(32.9977,'amu')), NonlinearRotor(inertia=([0.800947,14.5112,15.3121],'amu*angstrom^2'), symmetry=1), HarmonicOscillator(frequencies=([1245.9,1447.19,3645.15],'cm^-1'))], spinMultiplicity=2)), Species(label="PFNHSEQQEPMLNI-UHFFFAOYSA", conformer=Conformer(E0=(-338.55,'kJ/mol'), modes=[IdealGasTranslation(mass=(102.104,'amu')), NonlinearRotor(inertia=([133.854,360.55,463.965],'amu*angstrom^2'), symmetry=1), HarmonicOscillator(frequencies=([25.7927,92.8102,126.172,170.721,210.185,243.219,256.801,272.609,326.685,423.584,431.842,501.59,727.125,821.996,851.051,895.027,937.507,945.547,999.788,1042.25,1077.03,1094.78,1112.43,1151.84,1174.44,1229.92,1237.83,1264.49,1288.01,1305.72,1329.48,1352.15,1380.35,1387.42,1391.93,1428.01,1459.27,1470.04,1476.31,1479.65,1483.5,1485.82,1492.83,2947.51,2960.29,2978.71,2982.7,2986.82,2992.87,2996.75,3012.59,3034.96,3049.11,3057.71,3076.16,3080.09,3862.18],'cm^-1'))]))], kinetics=Arrhenius(A=(4.50708e-06,'cm^3/(mol*s)'), n=4.37211, Ea=(3.44236,'kJ/mol'), T0=(1,'K'), Tmin=(303.03,'K'), Tmax=(2500,'K'), comment="""Fitted to 59 data points; dA = *|/ 1.42911, dn = +|- 0.0468598, dEa = +|- 0.257776 kJ/mol"""), transitionState=TransitionState(label="TS", conformer=Conformer(E0=(-252.944,'kJ/mol'), modes=[IdealGasTranslation(mass=(135.102,'amu')), NonlinearRotor(inertia=([356.977,401.451,575.334],'amu*angstrom^2'), symmetry=1), HarmonicOscillator(frequencies=([49.4833,65.6524,83.48,105.137,162.483,194.439,213.154,220.757,286.607,310.496,318.87,342.807,371.643,417.1,424.048,495.925,555.169,608.515,759.934,787.249,873.766,881.936,935.043,952.577,1007.25,1041.55,1051.97,1079.58,1096.37,1100.32,1121.9,1161.1,1192.66,1232.54,1270.4,1299.79,1331.44,1348.46,1360.77,1374.69,1386.75,1395.17,1401.38,1411.8,1442.82,1450.3,1473,1483,1483.66,1490.72,1524.94,2951.44,2987.65,2993.03,3003.98,3011.16,3014.99,3036.77,3056.26,3065.32,3070.91,3076.52,3088.56,3729.6,3808.64],'cm^-1'))], spinMultiplicity=2), frequency=(-1853.02,'cm^-1'), tunneling=Eckart(frequency=(-1853.02,'cm^-1'), E0_reac=(-281.307,'kJ/mol'), E0_TS=(-252.944,'kJ/mol'), E0_prod=(-332.354,'kJ/mol'))))
For reaction Reaction(label='CC[CH]C(C)CO+OO_CCCC(C)CO+[O]O', reactants=[Species(label="MHAJPDPJQMAIIY-UHFFFAOYSA", conformer=Conformer(E0=(-134.382,'kJ/mol'), modes=[IdealGasTranslation(mass=(34.0055,'amu')), NonlinearRotor(inertia=([1.63801,18.4022,19.029],'amu*angstrom^2'), symmetry=1), HarmonicOscillator(frequencies=([378.1,1029.14,1344.99,1458.5,3786.54,3787.27],'cm^-1'))])), Species(label="YPYSQUZUQHWFNL-UHFFFAOYSA-u4", conformer=Conformer(E0=(-146.925,'kJ/mol'), modes=[IdealGasTranslation(mass=(101.097,'amu')), NonlinearRotor(inertia=([132.964,353.565,461.993],'amu*angstrom^2'), symmetry=1), HarmonicOscillator(frequencies=([46.5348,67.7955,128.534,167.847,231.8,247.396,271.981,307.213,339.189,353.864,419.932,475.47,535.908,763.831,827.955,898.043,947.069,962.57,1029.38,1045.86,1071.77,1093.49,1100.92,1143.99,1154.28,1232.11,1237.06,1254.75,1276.25,1302.65,1338.68,1382.84,1388.11,1404.89,1429.81,1448.43,1476.9,1477.74,1481.02,1482.97,1496.76,2916.66,2923.99,2951.89,2964.03,2990.63,2994.61,3007.19,3056.38,3059.97,3075.82,3082.29,3132.46,3860.33],'cm^-1'))], spinMultiplicity=2))], products=[Species(label="OUUQCZGPVNCOIJ-UHFFFAOYSA-u2", conformer=Conformer(E0=(6.19549,'kJ/mol'), modes=[IdealGasTranslation(mass=(32.9977,'amu')), NonlinearRotor(inertia=([0.800947,14.5112,15.3121],'amu*angstrom^2'), symmetry=1), HarmonicOscillator(frequencies=([1245.9,1447.19,3645.15],'cm^-1'))], spinMultiplicity=2)), Species(label="PFNHSEQQEPMLNI-UHFFFAOYSA", conformer=Conformer(E0=(-338.55,'kJ/mol'), modes=[IdealGasTranslation(mass=(102.104,'amu')), NonlinearRotor(inertia=([133.854,360.55,463.965],'amu*angstrom^2'), symmetry=1), HarmonicOscillator(frequencies=([25.7927,92.8102,126.172,170.721,210.185,243.219,256.801,272.609,326.685,423.584,431.842,501.59,727.125,821.996,851.051,895.027,937.507,945.547,999.788,1042.25,1077.03,1094.78,1112.43,1151.84,1174.44,1229.92,1237.83,1264.49,1288.01,1305.72,1329.48,1352.15,1380.35,1387.42,1391.93,1428.01,1459.27,1470.04,1476.31,1479.65,1483.5,1485.82,1492.83,2947.51,2960.29,2978.71,2982.7,2986.82,2992.87,2996.75,3012.59,3034.96,3049.11,3057.71,3076.16,3080.09,3862.18],'cm^-1'))]))], kinetics=Arrhenius(A=(4.50708e-06,'cm^3/(mol*s)'), n=4.37211, Ea=(3.44236,'kJ/mol'), T0=(1,'K'), Tmin=(303.03,'K'), Tmax=(2500,'K'), comment="""Fitted to 59 data points; dA = *|/ 1.42911, dn = +|- 0.0468598, dEa = +|- 0.257776 kJ/mol"""), transitionState=TransitionState(label="TS", conformer=Conformer(E0=(-252.944,'kJ/mol'), modes=[IdealGasTranslation(mass=(135.102,'amu')), NonlinearRotor(inertia=([356.977,401.451,575.334],'amu*angstrom^2'), symmetry=1), HarmonicOscillator(frequencies=([49.4833,65.6524,83.48,105.137,162.483,194.439,213.154,220.757,286.607,310.496,318.87,342.807,371.643,417.1,424.048,495.925,555.169,608.515,759.934,787.249,873.766,881.936,935.043,952.577,1007.25,1041.55,1051.97,1079.58,1096.37,1100.32,1121.9,1161.1,1192.66,1232.54,1270.4,1299.79,1331.44,1348.46,1360.77,1374.69,1386.75,1395.17,1401.38,1411.8,1442.82,1450.3,1473,1483,1483.66,1490.72,1524.94,2951.44,2987.65,2993.03,3003.98,3011.16,3014.99,3036.77,3056.26,3065.32,3070.91,3076.52,3088.56,3729.6,3808.64],'cm^-1'))], spinMultiplicity=2), frequency=(-1853.02,'cm^-1'), tunneling=Eckart(frequency=(-1853.02,'cm^-1'), E0_reac=(-281.307,'kJ/mol'), E0_TS=(-252.944,'kJ/mol'), E0_prod=(-332.354,'kJ/mol'))))
We have calculated kinetics Arrhenius(A=(4.50708e-06,'cm^3/(mol*s)'), n=4.37211, Ea=(3.44236,'kJ/mol'), T0=(1,'K'), Tmin=(303.03,'K'), Tmax=(2500,'K'), comment="""Fitted to 59 data points; dA = *|/ 1.42911, dn = +|- 0.0468598, dEa = +|- 0.257776 kJ/mol""")
