biofuelsSymmetryReRun.py:32 <module> INFO RUNNING WITH JOB NUMBER i = 9
biofuelsSymmetryReRun.py:36 <module> INFO Previous .combined.log file loaded
biofuelsSymmetryReRun.py:49 <module> INFO A symmetry issue exists. Continuing calculations on it.
biofuelsSymmetryReRun.py:53 <module> INFO Loading RMG Database ...
biofuelsSymmetryReRun.py:56 <module> INFO /home/harms.n/Code/RMG-database/input
thermo.py:760 loadLibraries INFO Loading thermodynamics library from thermo_DFT_CCSDTF12_BAC.py in /home/harms.n/Code/RMG-database/input/thermo/libraries...
thermo.py:760 loadLibraries INFO Loading thermodynamics library from CBS_QB3_1dHR.py in /home/harms.n/Code/RMG-database/input/thermo/libraries...
thermo.py:760 loadLibraries INFO Loading thermodynamics library from primaryThermoLibrary.py in /home/harms.n/Code/RMG-database/input/thermo/libraries...
thermo.py:760 loadLibraries INFO Loading thermodynamics library from KlippensteinH2O2.py in /home/harms.n/Code/RMG-database/input/thermo/libraries...
thermo.py:774 loadGroups INFO Loading thermodynamics group database from /home/harms.n/Code/RMG-database/input/thermo/groups...
transport.py:294 loadGroups INFO Loading transport group database from /home/harms.n/Code/RMG-database/input/transport/groups...
database.py:165 loadFamilies INFO Loading the user-specified kinetics families from /home/harms.n/Code/RMG-database/input/kinetics/families
statmech.py:526 loadGroups INFO Loading frequencies group database from /home/harms.n/Code/RMG-database/input/statmech/groups...
biofuelsSymmetryReRun.py:65 <module> INFO RMG Database Loaded
biofuelsSymmetryReRun.py:70 <module> INFO Species Dictionary loaded
biofuelsSymmetryReRun.py:74 <module> INFO Chemkin loaded
biofuelsSymmetryReRun.py:88 <module> INFO [('H_Abstraction', 'OOH(1)+OOH(1)=O2(16)+OO(15)                         3.500e+10 0.000     -3.275   \n'), ('H_Abstraction', 'C8H18(2)+OOH(1)=OO(15)+C8H17(17)                    2.800e+12 0.000     16.013   \n'), ('H_Abstraction', 'OO(15)+C8H17(18)=C8H18(2)+OOH(1)                    1.660e-07 5.407     0.040    \n'), ('H_Abstraction', 'OO(15)+C8H17(19)=C8H18(2)+OOH(1)                    3.000e+00 3.280     1.050    \n'), ('H_Abstraction', 'OO(15)+C8H17(20)=C8H18(2)+OOH(1)                    3.000e+00 3.280     1.050    \n'), ('H_Abstraction', 'C8H18(3)+OOH(1)=OO(15)+C8H17(21)                    2.800e+12 0.000     16.013   \n'), ('H_Abstraction', 'C8H18(3)+OOH(1)=OO(15)+C8H17(22)                    2.800e+12 0.000     16.013   \n'), ('H_Abstraction', 'OO(15)+C8H17(23)=C8H18(3)+OOH(1)                    1.660e-07 5.407     0.040    \n'), ('H_Abstraction', 'OO(15)+C8H17(24)=C8H18(3)+OOH(1)                    1.660e-07 5.407     0.040    \n'), ('H_Abstraction', 'OO(15)+C8H17(25)=C8H18(3)+OOH(1)                    3.000e+00 3.280     1.050    \n'), ('H_Abstraction', 'OO(15)+C8H17(26)=C8H18(3)+OOH(1)                    3.000e+00 3.280     1.050    \n'), ('H_Abstraction', 'OO(15)+C8H17(27)=C8H18(3)+OOH(1)                    3.000e+00 3.280     1.050    \n'), ('H_Abstraction', 'C8H18(4)+OOH(1)=OO(15)+C8H17(28)                    2.800e+12 0.000     16.013   \n'), ('H_Abstraction', 'OO(15)+C8H17(29)=C8H18(4)+OOH(1)                    1.660e-07 5.407     0.040    \n'), ('H_Abstraction', 'OO(15)+C8H17(30)=C8H18(4)+OOH(1)                    1.660e-07 5.407     0.040    \n'), ('H_Abstraction', 'OO(15)+C8H17(31)=C8H18(4)+OOH(1)                    1.660e-07 5.407     0.040    \n'), ('H_Abstraction', 'OO(15)+C8H17(32)=C8H18(4)+OOH(1)                    1.660e-07 5.407     0.040    \n'), ('H_Abstraction', 'OO(15)+C8H17(33)=C8H18(4)+OOH(1)                    3.000e+00 3.280     1.050    \n'), ('H_Abstraction', 'OO(15)+C8H17(34)=C8H18(4)+OOH(1)                    3.000e+00 3.280     1.050    \n'), ('H_Abstraction', 'OO(15)+C8H17(35)=C8H18(4)+OOH(1)                    3.000e+00 3.280     1.050    \n'), ('H_Abstraction', 'OO(15)+C5H11O(36)=C5H12O(5)+OOH(1)                  1.660e-07 5.407     0.040    \n'), ('H_Abstraction', 'OO(15)+C5H11O(37)=C5H12O(5)+OOH(1)                  4.200e-01 3.530     1.560    \n'), ('H_Abstraction', 'OO(15)+C5H11O(38)=C5H12O(5)+OOH(1)                  1.150e+01 2.940     0.460    \n'), ('H_Abstraction', 'OO(15)+C5H11O(39)=C5H12O(5)+OOH(1)                  1.134e-01 3.855     8.760    \n'), ('H_Abstraction', 'OO(15)+C6H13O(40)=C6H14O(6)+OOH(1)                  2.910e+00 3.310     1.410    \n'), ('H_Abstraction', 'OO(15)+C6H13O(41)=C6H14O(6)+OOH(1)                  1.660e-07 5.407     0.040    \n'), ('H_Abstraction', 'OO(15)+C6H13O(42)=C6H14O(6)+OOH(1)                  1.660e-07 5.407     0.040    \n'), ('H_Abstraction', 'OO(15)+C6H13O(43)=C6H14O(6)+OOH(1)                  5.700e+01 3.040     1.210    \n'), ('H_Abstraction', 'OO(15)+C6H13O(44)=C6H14O(6)+OOH(1)                  6.110e-01 3.530     1.520    \n'), ('H_Abstraction', 'OO(15)+C6H13O(45)=C6H14O(6)+OOH(1)                  3.000e+00 3.280     1.050    \n'), ('H_Abstraction', 'OO(15)+C6H13O(46)=C6H14O(6)+OOH(1)                  1.134e-01 3.855     8.760    \n'), ('H_Abstraction', 'C9H18(7)+OOH(1)=OO(15)+C9H17(47)                    1.330e+11 0.000     11.300   \n'), ('H_Abstraction', 'OO(15)+C9H17(48)=C9H18(7)+OOH(1)                    1.660e-07 5.407     0.040    \n'), ('H_Abstraction', 'OO(15)+C9H17(49)=C9H18(7)+OOH(1)                    1.660e-07 5.407     0.040    \n'), ('H_Abstraction', 'OO(15)+C9H17(50)=C9H18(7)+OOH(1)                    3.000e+00 3.280     1.050    \n'), ('H_Abstraction', 'OO(15)+C9H17(51)=C9H18(7)+OOH(1)                    3.000e+00 3.280     1.050    \n'), ('H_Abstraction', 'C9H18(7)+OOH(1)=OO(15)+C9H17(52)                    3.470e-03 4.650     9.780    \n'), ('H_Abstraction', 'OO(15)+C9H17(53)=C9H18(7)+OOH(1)                    8.750e-01 3.590     -4.030   \n'), ('H_Abstraction', 'OO(15)+C6H11(54)=C6H12(8)+OOH(1)                    2.910e+00 3.310     1.410    \n'), ('H_Abstraction', 'OO(15)+C6H11(55)=C6H12(8)+OOH(1)                    1.660e-07 5.407     0.040    \n'), ('H_Abstraction', 'OO(15)+C6H11(56)=C6H12(8)+OOH(1)                    1.660e-07 5.407     0.040    \n'), ('H_Abstraction', 'OO(15)+C6H11(57)=C6H12(8)+OOH(1)                    3.000e+00 3.280     1.050    \n'), ('H_Abstraction', 'Ocimene(9)+OOH(1)=OO(15)+C10H15(58)                 2.744e-03 4.451     7.588    \n'), ('H_Abstraction', 'Ocimene(9)+OOH(1)=OO(15)+C10H15(59)                 2.744e-03 4.451     7.588    \n'), ('H_Abstraction', 'OO(15)+C10H15(60)=Ocimene(9)+OOH(1)                 3.510e-02 4.220     9.860    \n'), ('H_Abstraction', 'Ocimene(9)+OOH(1)=OO(15)+C10H15(61)                 1.735e-03 4.650     9.780    \n'), ('H_Abstraction', 'OO(15)+C10H15(62)=Ocimene(9)+OOH(1)                 8.750e-01 3.590     -4.030   \n'), ('H_Abstraction', 'OO(15)+C10H15(63)=Ocimene(9)+OOH(1)                 8.750e-01 3.590     -4.030   \n'), ('H_Abstraction', 'OO(15)+C10H15(64)=Ocimene(9)+OOH(1)                 2.000e+00 3.520     -7.480   \n'), ('H_Abstraction', 'OO(15)+C10H15(65)=Ocimene(9)+OOH(1)                 2.000e+00 3.520     -7.480   \n'), ('H_Abstraction', 'Xylene(10)+OOH(1)=OO(15)+C8H9(66)                   7.920e+11 0.000     14.080   \n'), ('H_Abstraction', 'OO(15)+C8H9(67)=Xylene(10)+OOH(1)                   1.381e-02 4.118     1.722    \n'), ('H_Abstraction', 'C9H18O(11)+OOH(1)=OO(15)+C9H17O(68)                 5.600e+12 0.000     16.013   \n'), ('H_Abstraction', 'OO(15)+C9H17O(69)=C9H18O(11)+OOH(1)                 3.240e-11 6.525     2.900    \n'), ('H_Abstraction', 'OO(15)+C9H17O(70)=C9H18O(11)+OOH(1)                 3.000e+00 3.280     1.050    \n'), ('H_Abstraction', 'OOH(1)+C8H16O(12)=OO(15)+C8H15O(71)                 2.800e+12 0.000     16.013   \n'), ('H_Abstraction', 'OOH(1)+C8H16O(12)=OO(15)+C8H15O(72)                 1.330e+11 0.000     11.300   \n'), ('H_Abstraction', 'OO(15)+C8H15O(73)=OOH(1)+C8H16O(12)                 1.660e-07 5.407     0.040    \n'), ('H_Abstraction', 'OO(15)+C8H15O(74)=OOH(1)+C8H16O(12)                 3.000e+00 3.280     1.050    \n'), ('H_Abstraction', 'OO(15)+C8H15O(75)=OOH(1)+C8H16O(12)                 3.000e+00 3.280     1.050    \n'), ('H_Abstraction', 'OO(15)+C8H15O(76)=OOH(1)+C8H16O(12)                 1.060e-05 5.025     1.657    \n'), ('H_Abstraction', 'OO(15)+S(77)=OOH(1)+S(13)                           3.460e+01 3.050     1.020    \n'), ('H_Abstraction', 'OO(15)+S(78)=OOH(1)+S(13)                           5.700e+01 3.040     1.210    \n'), ('H_Abstraction', 'OO(15)+S(79)=OOH(1)+S(13)                           5.700e+01 3.040     1.210    \n'), ('H_Abstraction', 'OO(15)+S(80)=OOH(1)+S(13)                           4.200e-01 3.530     1.560    \n'), ('H_Abstraction', 'OO(15)+S(81)=OOH(1)+S(13)                           4.200e-01 3.530     1.560    \n'), ('H_Abstraction', 'OO(15)+S(82)=OOH(1)+S(13)                           1.134e-01 3.855     8.760    \n'), ('H_Abstraction', 'OO(15)+C8H17O(83)=OOH(1)+C8H18O(14)                 3.460e+01 3.050     1.020    \n'), ('H_Abstraction', 'OO(15)+C8H17O(84)=OOH(1)+C8H18O(14)                 3.460e+01 3.050     1.020    \n'), ('H_Abstraction', 'OO(15)+C8H17O(85)=OOH(1)+C8H18O(14)                 1.660e-07 5.407     0.040    \n'), ('H_Abstraction', 'OO(15)+C8H17O(86)=OOH(1)+C8H18O(14)                 3.000e+00 3.280     1.050    \n'), ('H_Abstraction', 'OO(15)+C8H17O(87)=OOH(1)+C8H18O(14)                 1.150e+01 2.940     0.460    \n')]
biofuelsSymmetryReRun.py:89 <module> INFO <type 'list'>
biofuelsSymmetryReRun.py:91 <module> INFO Reaction list generated
biofuelsSymmetryReRun.py:96 <module> INFO This reaction:
biofuelsSymmetryReRun.py:97 <module> INFO OO(15)+C8H17(24)=C8H18(3)+OOH(1)
biofuelsSymmetryReRun.py:98 <module> INFO 'OO(15)+C8H17(24)=C8H18(3)+OOH(1)'
biofuelsSymmetryReRun.py:99 <module> INFO OO(15)+C8H17(24)
biofuelsSymmetryReRun.py:100 <module> INFO C8H18(3)+OOH(1)
biofuelsSymmetryReRun.py:117 <module> INFO generateReactionsFromFamilies successfuly performed
biofuelsSymmetryReRun.py:190 performCalcs INFO chemkinRxn: Reaction(reactants=[Molecule(SMILES="OO"), Molecule(SMILES="C[CH]C(C)CC(C)C")], products=[Molecule(SMILES="CCC(C)CC(C)C"), Molecule(SMILES="[O]O")], degeneracy=2, pairs=[[Molecule(SMILES="OO"), Molecule(SMILES="[O]O")], [Molecule(SMILES="C[CH]C(C)CC(C)C"), Molecule(SMILES="CCC(C)CC(C)C")]])
biofuelsSymmetryReRun.py:192 performCalcs INFO Ensuring resonance isomers have been generated
biofuelsSymmetryReRun.py:211 performCalcs INFO Generated one reaction:
biofuelsSymmetryReRun.py:212 performCalcs INFO [Reaction(reactants=[Molecule(SMILES="OO"), Molecule(SMILES="C[CH]C(C)CC(C)C")], products=[Molecule(SMILES="CCC(C)CC(C)C"), Molecule(SMILES="[O]O")], degeneracy=2, pairs=[[Molecule(SMILES="OO"), Molecule(SMILES="[O]O")], [Molecule(SMILES="C[CH]C(C)CC(C)C"), Molecule(SMILES="CCC(C)CC(C)C")]])]
biofuelsSymmetryReRun.py:221 performCalcs INFO The reaction of interest is as follows: 
biofuelsSymmetryReRun.py:222 performCalcs INFO <Molecule "OO"> + <Molecule "C[CH]C(C)CC(C)C"> <=> <Molecule "CCC(C)CC(C)C"> + <Molecule "[O]O">
biofuelsSymmetryReRun.py:224 performCalcs INFO asserting that the testReaction is Isomorphic
biofuelsSymmetryReRun.py:226 performCalcs INFO reaction: Reaction(reactants=[Molecule(SMILES="OO"), Molecule(SMILES="C[CH]C(C)CC(C)C")], products=[Molecule(SMILES="CCC(C)CC(C)C"), Molecule(SMILES="[O]O")], degeneracy=2, pairs=[[Molecule(SMILES="OO"), Molecule(SMILES="[O]O")], [Molecule(SMILES="C[CH]C(C)CC(C)C"), Molecule(SMILES="CCC(C)CC(C)C")]])
biofuelsSymmetryReRun.py:232 performCalcs INFO Labeling reactant atoms
biofuelsSymmetryReRun.py:242 performCalcs INFO Labeling product atoms
biofuelsSymmetryReRun.py:258 performCalcs INFO We have generated a H_Abstraction reaction that matches, and used it to label the atoms.
biofuelsSymmetryReRun.py:260 performCalcs INFO Calculating reaction kinetics
biofuelsSymmetryReRun.py:167 calculate INFO Calculating reaction rate for <Molecule "OO"> + <Molecule "C[CH]C(C)CC(C)C"> <=> <Molecule "CCC(C)CC(C)C"> + <Molecule "[O]O">
biofuelsSymmetryReRun.py:169 calculate INFO Selecting the appropriate TS distance database for family 'H_Abstraction'
biofuelsSymmetryReRun.py:171 calculate INFO Calculating kinetic data by calling qmCalc.getKineticData
reaction.py:619 loadKineticsData INFO Kinetics results file /gss_gpfs_scratch/harms.n/QMfiles/C[CH]C(C)CC(C)C+OO_CCC(C)CC(C)C+[O]O.kinetics does not exist or is invalid
reaction.py:520 generateTSGeometryDirectGuess INFO Generating a TS geometry via the direct guess method
reaction.py:300 generateBoundsMatrix INFO Generating bounds matrix for C[CH]C(C)CC(C)C.OO
reaction.py:537 generateTSGeometryDirectGuess INFO TS file /gss_gpfs_scratch/harms.n/QMfiles/C[CH]C(C)CC(C)C+OO_CCC(C)CC(C)C+[O]O.ts exists. Loading it to save time.
reaction.py:54 loadTSDataFile INFO Reading existing ts file /gss_gpfs_scratch/harms.n/QMfiles/C[CH]C(C)CC(C)C+OO_CCC(C)CC(C)C+[O]O.ts
gaussian.py:168 verifyOutputFile INFO Successful GaussianMolM062X quantum result in /gss_gpfs_scratch/harms.n/QMscratch/MHAJPDPJQMAIIY-UHFFFAOYSA.log
gaussian.py:268 generateQMData INFO Found a successful output file; using that.
symmetry.py:221 writeInputFile INFO Symmetry input file written to /gss_gpfs_scratch/harms.n/QMscratch/MHAJPDPJQMAIIY-UHFFFAOYSA.symm
symmetry.py:188 parse INFO Point group: C2
gaussian.py:111 verifyOutputFile INFO Output file /gss_gpfs_scratch/harms.n/QMscratch/JEQQXXQQIOSABW-UHFFFAOYSA-u5.log does not exist.
gaussian.py:189 writeInputFile INFO Writing gaussian input file None
gaussian.py:275 generateQMData INFO Trying GaussianMolM062X attempt 1 of 36 on molecule C[CH]C(C)CC(C)C.
gaussian.py:168 verifyOutputFile INFO Successful GaussianMolM062X quantum result in /gss_gpfs_scratch/harms.n/QMscratch/JEQQXXQQIOSABW-UHFFFAOYSA-u5.log
gaussian.py:278 generateQMData INFO Attempt 1 of 36 on species InChI=1S/C8H17/c1-5-8(4)6-7(2)3/h5,7-8H,6H2,1-4H3/u5 succeeded.
symmetry.py:221 writeInputFile INFO Symmetry input file written to /gss_gpfs_scratch/harms.n/QMscratch/JEQQXXQQIOSABW-UHFFFAOYSA-u5.symm
symmetry.py:188 parse INFO Point group: C1
gaussian.py:148 verifyOutputFile ERROR Not all of the required keywords for success were found in the output file!
gaussian.py:189 writeInputFile INFO Writing gaussian input file None
gaussian.py:275 generateQMData INFO Trying GaussianMolM062X attempt 1 of 36 on molecule CCC(C)CC(C)C.
gaussian.py:168 verifyOutputFile INFO Successful GaussianMolM062X quantum result in /gss_gpfs_scratch/harms.n/QMscratch/HDGQICNBXPAKLR-UHFFFAOYSA.log
gaussian.py:278 generateQMData INFO Attempt 1 of 36 on species InChI=1S/C8H18/c1-5-8(4)6-7(2)3/h7-8H,5-6H2,1-4H3 succeeded.
symmetry.py:221 writeInputFile INFO Symmetry input file written to /gss_gpfs_scratch/harms.n/QMscratch/HDGQICNBXPAKLR-UHFFFAOYSA.symm
symmetry.py:188 parse INFO Point group: C1
gaussian.py:168 verifyOutputFile INFO Successful GaussianMolM062X quantum result in /gss_gpfs_scratch/harms.n/QMscratch/OUUQCZGPVNCOIJ-UHFFFAOYSA-u2.log
gaussian.py:268 generateQMData INFO Found a successful output file; using that.
symmetry.py:221 writeInputFile INFO Symmetry input file written to /gss_gpfs_scratch/harms.n/QMscratch/OUUQCZGPVNCOIJ-UHFFFAOYSA-u2.symm
symmetry.py:188 parse INFO Point group: Cs
CanTherm execution initiated at Fri May 19 06:42:06 2017

###############################################################
#                                                             #
#                          CanTherm                           #
#                                                             #
#   Version: 0.1.0 (14 May 2009)                              #
#   Authors: RMG Developers (rmg_dev@mit.edu)                 #
#   P.I.:    William H. Green (whgreen@mit.edu)               #
#   Website: http://rmg.sourceforge.net/                      #
#                                                             #
###############################################################

Loading species MHAJPDPJQMAIIY-UHFFFAOYSA...
Loading species JEQQXXQQIOSABW-UHFFFAOYSA-u5...
Loading species HDGQICNBXPAKLR-UHFFFAOYSA...
Loading species OUUQCZGPVNCOIJ-UHFFFAOYSA-u2...
Loading transition state TS...
Loading reaction C[CH]C(C)CC(C)C+OO_CCC(C)CC(C)C+[O]O...


Loading statistical mechanics parameters for MHAJPDPJQMAIIY-UHFFFAOYSA...
Warning: No bond energy correction found for model chemistry: M062X/MG3S
Saving statistical mechanics parameters for MHAJPDPJQMAIIY-UHFFFAOYSA...
Loading statistical mechanics parameters for JEQQXXQQIOSABW-UHFFFAOYSA-u5...
Warning: No bond energy correction found for model chemistry: M062X/MG3S
Saving statistical mechanics parameters for JEQQXXQQIOSABW-UHFFFAOYSA-u5...
Loading statistical mechanics parameters for HDGQICNBXPAKLR-UHFFFAOYSA...
Warning: No bond energy correction found for model chemistry: M062X/MG3S
Saving statistical mechanics parameters for HDGQICNBXPAKLR-UHFFFAOYSA...
Loading statistical mechanics parameters for OUUQCZGPVNCOIJ-UHFFFAOYSA-u2...
Warning: No bond energy correction found for model chemistry: M062X/MG3S
Saving statistical mechanics parameters for OUUQCZGPVNCOIJ-UHFFFAOYSA-u2...
Loading statistical mechanics parameters for TS...
Warning: No bond energy correction found for model chemistry: M062X/MG3S
Saving statistical mechanics parameters for TS...
Generating Arrhenius kinetics model for Arrhenius...
Saving kinetics for MHAJPDPJQMAIIY-UHFFFAOYSA + JEQQXXQQIOSABW-UHFFFAOYSA-u5 <=> OUUQCZGPVNCOIJ-UHFFFAOYSA-u2 + HDGQICNBXPAKLR-UHFFFAOYSA...

CanTherm execution terminated at Fri May 19 06:42:08 2017
Saving kinetics data file /gss_gpfs_scratch/harms.n/QMfiles/C[CH]C(C)CC(C)C+OO_CCC(C)CC(C)C+[O]O.kinetics
Removing 'core*' files
Yay, reaction kinetics calculated!!!
Reaction(label='C[CH]C(C)CC(C)C+OO_CCC(C)CC(C)C+[O]O', reactants=[Species(label="MHAJPDPJQMAIIY-UHFFFAOYSA", conformer=Conformer(E0=(-134.382,'kJ/mol'), modes=[IdealGasTranslation(mass=(34.0055,'amu')), NonlinearRotor(inertia=([1.63801,18.4022,19.029],'amu*angstrom^2'), symmetry=1), HarmonicOscillator(frequencies=([378.1,1029.14,1344.99,1458.5,3786.54,3787.27],'cm^-1'))])), Species(label="JEQQXXQQIOSABW-UHFFFAOYSA-u5", conformer=Conformer(E0=(-45.5035,'kJ/mol'), modes=[IdealGasTranslation(mass=(113.133,'amu')), NonlinearRotor(inertia=([172.089,452.585,533.753],'amu*angstrom^2'), symmetry=1), HarmonicOscillator(frequencies=([44.2688,67.4952,109.798,128.097,175.069,236.68,242.652,250.877,282.103,318.017,327.463,356.942,409.851,445.793,514.49,522.373,799.329,812.297,877.963,910.991,920.116,956.966,959.061,973.442,995.167,1035.73,1047.52,1093.83,1131.84,1162.88,1181.12,1183.65,1241.96,1280.87,1296.77,1314.9,1349.45,1367.49,1376.73,1379.52,1386.11,1395.92,1403.67,1451.94,1455.05,1466.15,1467.57,1471.23,1476.25,1478.27,1481.26,1493.49,2937.75,2955.61,2966.6,2979.02,2983.47,2989.56,2989.73,3009.16,3011.04,3048.03,3058.12,3058.68,3060.19,3065.05,3067.38,3069.86,3106],'cm^-1'))], spinMultiplicity=2))], products=[Species(label="OUUQCZGPVNCOIJ-UHFFFAOYSA-u2", conformer=Conformer(E0=(6.19549,'kJ/mol'), modes=[IdealGasTranslation(mass=(32.9977,'amu')), NonlinearRotor(inertia=([0.800947,14.5112,15.3121],'amu*angstrom^2'), symmetry=1), HarmonicOscillator(frequencies=([1245.9,1447.19,3645.15],'cm^-1'))], spinMultiplicity=2)), Species(label="HDGQICNBXPAKLR-UHFFFAOYSA", conformer=Conformer(E0=(-230.716,'kJ/mol'), modes=[IdealGasTranslation(mass=(114.141,'amu')), NonlinearRotor(inertia=([179.876,459.243,528.678],'amu*angstrom^2'), symmetry=1), HarmonicOscillator(frequencies=([72.778,95.2195,115.224,167.015,214.355,224.033,239.52,257.538,266.377,326.904,363.399,407.456,435.364,453.629,479.995,765.824,801.827,828.037,858.989,909.919,918.547,952.031,962.222,969.688,1011.36,1035.83,1052.44,1087.12,1159,1175.54,1175.84,1180.81,1245.35,1275.16,1301.92,1311.21,1336.97,1346.54,1368.67,1374.44,1380.15,1387.05,1390.47,1398.02,1455.16,1462.85,1467.04,1472,1476.23,1478.47,1482.35,1484.98,1487.29,1489.26,2961.36,2973.37,2976.14,2979.87,2980.97,2984.48,2987.96,2991.44,3012.73,3024.46,3045.35,3050.27,3051.35,3057.27,3059.12,3064.48,3065.57,3069.55],'cm^-1'))]))], kinetics=Arrhenius(A=(0.000166265,'cm^3/(mol*s)'), n=3.9509, Ea=(-1.92603,'kJ/mol'), T0=(1,'K'), Tmin=(303.03,'K'), Tmax=(2500,'K'), comment="""Fitted to 59 data points; dA = *|/ 1.12034, dn = +|- 0.0149132, dEa = +|- 0.0820377 kJ/mol"""), transitionState=TransitionState(label="TS", conformer=Conformer(E0=(-162.569,'kJ/mol'), modes=[IdealGasTranslation(mass=(147.138,'amu')), NonlinearRotor(inertia=([463.387,472.251,721.96],'amu*angstrom^2'), symmetry=1), HarmonicOscillator(frequencies=([64.4443,85.4048,90.394,112.242,133.475,157.193,179.914,206.506,213.857,233.718,244.325,256.842,290.457,332.405,359.358,385.697,417.892,438.149,461.621,528.297,563.222,793.043,815.642,835.838,876.906,913.223,919.045,961.99,970.692,987.775,1009.34,1024.47,1047.37,1062.01,1097.49,1145.86,1158.02,1173.83,1183.78,1192.77,1244.25,1283.65,1318.92,1339.1,1347.97,1360.37,1369.7,1380.68,1387.28,1392.86,1395.78,1400.27,1451.05,1452.02,1459.91,1464.77,1471.39,1475.46,1476.91,1480.15,1480.85,1489.37,2960.88,2967.96,2977.7,2982.15,2988.63,2992.79,3003.92,3019.93,3036.01,3048.07,3051.98,3056.97,3061.88,3066.33,3077.21,3077.25,3078.99,3757.05],'cm^-1'))], spinMultiplicity=2), frequency=(-1813.95,'cm^-1'), tunneling=Eckart(frequency=(-1813.95,'cm^-1'), E0_reac=(-179.885,'kJ/mol'), E0_TS=(-162.569,'kJ/mol'), E0_prod=(-224.52,'kJ/mol'))))
For reaction Reaction(label='C[CH]C(C)CC(C)C+OO_CCC(C)CC(C)C+[O]O', reactants=[Species(label="MHAJPDPJQMAIIY-UHFFFAOYSA", conformer=Conformer(E0=(-134.382,'kJ/mol'), modes=[IdealGasTranslation(mass=(34.0055,'amu')), NonlinearRotor(inertia=([1.63801,18.4022,19.029],'amu*angstrom^2'), symmetry=1), HarmonicOscillator(frequencies=([378.1,1029.14,1344.99,1458.5,3786.54,3787.27],'cm^-1'))])), Species(label="JEQQXXQQIOSABW-UHFFFAOYSA-u5", conformer=Conformer(E0=(-45.5035,'kJ/mol'), modes=[IdealGasTranslation(mass=(113.133,'amu')), NonlinearRotor(inertia=([172.089,452.585,533.753],'amu*angstrom^2'), symmetry=1), HarmonicOscillator(frequencies=([44.2688,67.4952,109.798,128.097,175.069,236.68,242.652,250.877,282.103,318.017,327.463,356.942,409.851,445.793,514.49,522.373,799.329,812.297,877.963,910.991,920.116,956.966,959.061,973.442,995.167,1035.73,1047.52,1093.83,1131.84,1162.88,1181.12,1183.65,1241.96,1280.87,1296.77,1314.9,1349.45,1367.49,1376.73,1379.52,1386.11,1395.92,1403.67,1451.94,1455.05,1466.15,1467.57,1471.23,1476.25,1478.27,1481.26,1493.49,2937.75,2955.61,2966.6,2979.02,2983.47,2989.56,2989.73,3009.16,3011.04,3048.03,3058.12,3058.68,3060.19,3065.05,3067.38,3069.86,3106],'cm^-1'))], spinMultiplicity=2))], products=[Species(label="OUUQCZGPVNCOIJ-UHFFFAOYSA-u2", conformer=Conformer(E0=(6.19549,'kJ/mol'), modes=[IdealGasTranslation(mass=(32.9977,'amu')), NonlinearRotor(inertia=([0.800947,14.5112,15.3121],'amu*angstrom^2'), symmetry=1), HarmonicOscillator(frequencies=([1245.9,1447.19,3645.15],'cm^-1'))], spinMultiplicity=2)), Species(label="HDGQICNBXPAKLR-UHFFFAOYSA", conformer=Conformer(E0=(-230.716,'kJ/mol'), modes=[IdealGasTranslation(mass=(114.141,'amu')), NonlinearRotor(inertia=([179.876,459.243,528.678],'amu*angstrom^2'), symmetry=1), HarmonicOscillator(frequencies=([72.778,95.2195,115.224,167.015,214.355,224.033,239.52,257.538,266.377,326.904,363.399,407.456,435.364,453.629,479.995,765.824,801.827,828.037,858.989,909.919,918.547,952.031,962.222,969.688,1011.36,1035.83,1052.44,1087.12,1159,1175.54,1175.84,1180.81,1245.35,1275.16,1301.92,1311.21,1336.97,1346.54,1368.67,1374.44,1380.15,1387.05,1390.47,1398.02,1455.16,1462.85,1467.04,1472,1476.23,1478.47,1482.35,1484.98,1487.29,1489.26,2961.36,2973.37,2976.14,2979.87,2980.97,2984.48,2987.96,2991.44,3012.73,3024.46,3045.35,3050.27,3051.35,3057.27,3059.12,3064.48,3065.57,3069.55],'cm^-1'))]))], kinetics=Arrhenius(A=(0.000166265,'cm^3/(mol*s)'), n=3.9509, Ea=(-1.92603,'kJ/mol'), T0=(1,'K'), Tmin=(303.03,'K'), Tmax=(2500,'K'), comment="""Fitted to 59 data points; dA = *|/ 1.12034, dn = +|- 0.0149132, dEa = +|- 0.0820377 kJ/mol"""), transitionState=TransitionState(label="TS", conformer=Conformer(E0=(-162.569,'kJ/mol'), modes=[IdealGasTranslation(mass=(147.138,'amu')), NonlinearRotor(inertia=([463.387,472.251,721.96],'amu*angstrom^2'), symmetry=1), HarmonicOscillator(frequencies=([64.4443,85.4048,90.394,112.242,133.475,157.193,179.914,206.506,213.857,233.718,244.325,256.842,290.457,332.405,359.358,385.697,417.892,438.149,461.621,528.297,563.222,793.043,815.642,835.838,876.906,913.223,919.045,961.99,970.692,987.775,1009.34,1024.47,1047.37,1062.01,1097.49,1145.86,1158.02,1173.83,1183.78,1192.77,1244.25,1283.65,1318.92,1339.1,1347.97,1360.37,1369.7,1380.68,1387.28,1392.86,1395.78,1400.27,1451.05,1452.02,1459.91,1464.77,1471.39,1475.46,1476.91,1480.15,1480.85,1489.37,2960.88,2967.96,2977.7,2982.15,2988.63,2992.79,3003.92,3019.93,3036.01,3048.07,3051.98,3056.97,3061.88,3066.33,3077.21,3077.25,3078.99,3757.05],'cm^-1'))], spinMultiplicity=2), frequency=(-1813.95,'cm^-1'), tunneling=Eckart(frequency=(-1813.95,'cm^-1'), E0_reac=(-179.885,'kJ/mol'), E0_TS=(-162.569,'kJ/mol'), E0_prod=(-224.52,'kJ/mol'))))
We have calculated kinetics Arrhenius(A=(0.000166265,'cm^3/(mol*s)'), n=3.9509, Ea=(-1.92603,'kJ/mol'), T0=(1,'K'), Tmin=(303.03,'K'), Tmax=(2500,'K'), comment="""Fitted to 59 data points; dA = *|/ 1.12034, dn = +|- 0.0149132, dEa = +|- 0.0820377 kJ/mol""")
