biofuelsTST.py:40 <module> INFO RUNNING WITH JOB NUMBER i = 62
biofuelsTST.py:44 <module> INFO Loading RMG Database ...
biofuelsTST.py:47 <module> INFO /home/harms.n/Code/RMG-database/input
thermo.py:760 loadLibraries INFO Loading thermodynamics library from thermo_DFT_CCSDTF12_BAC.py in /home/harms.n/Code/RMG-database/input/thermo/libraries...
thermo.py:760 loadLibraries INFO Loading thermodynamics library from CBS_QB3_1dHR.py in /home/harms.n/Code/RMG-database/input/thermo/libraries...
thermo.py:760 loadLibraries INFO Loading thermodynamics library from primaryThermoLibrary.py in /home/harms.n/Code/RMG-database/input/thermo/libraries...
thermo.py:760 loadLibraries INFO Loading thermodynamics library from KlippensteinH2O2.py in /home/harms.n/Code/RMG-database/input/thermo/libraries...
thermo.py:774 loadGroups INFO Loading thermodynamics group database from /home/harms.n/Code/RMG-database/input/thermo/groups...
transport.py:294 loadGroups INFO Loading transport group database from /home/harms.n/Code/RMG-database/input/transport/groups...
database.py:165 loadFamilies INFO Loading the user-specified kinetics families from /home/harms.n/Code/RMG-database/input/kinetics/families
statmech.py:526 loadGroups INFO Loading frequencies group database from /home/harms.n/Code/RMG-database/input/statmech/groups...
biofuelsTST.py:56 <module> INFO RMG Database Loaded
biofuelsTST.py:60 <module> INFO Species Dictionary loaded
biofuelsTST.py:64 <module> INFO Chemkin loaded
biofuelsTST.py:78 <module> INFO {'OO(15)+C6H13O(46)=C6H14O(6)+OOH(1)': 'H_Abstraction', 'OO(15)+C8H15O(73)=OOH(1)+C8H16O(12)': 'H_Abstraction', 'Xylene(10)+OOH(1)=OO(15)+C8H9(66)': 'H_Abstraction', 'OO(15)+C8H17(35)=C8H18(4)+OOH(1)': 'H_Abstraction', 'C9H18(7)+OOH(1)=OO(15)+C9H17(47)': 'H_Abstraction', 'OO(15)+C9H17(53)=C9H18(7)+OOH(1)': 'H_Abstraction', 'OO(15)+C6H11(55)=C6H12(8)+OOH(1)': 'H_Abstraction', 'OO(15)+C5H11O(37)=C5H12O(5)+OOH(1)': 'H_Abstraction', 'OO(15)+C8H17(25)=C8H18(3)+OOH(1)': 'H_Abstraction', 'OOH(1)+C8H16O(12)=OO(15)+C8H15O(72)': 'H_Abstraction', 'OO(15)+C8H9(67)=Xylene(10)+OOH(1)': 'H_Abstraction', 'OO(15)+C10H15(60)=Ocimene(9)+OOH(1)': 'H_Abstraction', 'OO(15)+C8H17(31)=C8H18(4)+OOH(1)': 'H_Abstraction', 'OO(15)+C6H13O(44)=C6H14O(6)+OOH(1)': 'H_Abstraction', 'OO(15)+C9H17(48)=C9H18(7)+OOH(1)': 'H_Abstraction', 'OO(15)+S(78)=OOH(1)+S(13)': 'H_Abstraction', 'OOH(1)+OOH(1)=O2(16)+OO(15)': 'H_Abstraction', 'OO(15)+C9H17O(69)=C9H18O(11)+OOH(1)': 'H_Abstraction', 'OO(15)+C9H17O(70)=C9H18O(11)+OOH(1)': 'H_Abstraction', 'OO(15)+C5H11O(39)=C5H12O(5)+OOH(1)': 'H_Abstraction', 'OO(15)+C8H15O(75)=OOH(1)+C8H16O(12)': 'H_Abstraction', 'OO(15)+S(81)=OOH(1)+S(13)': 'H_Abstraction', 'Ocimene(9)+OOH(1)=OO(15)+C10H15(58)': 'H_Abstraction', 'OO(15)+C10H15(62)=Ocimene(9)+OOH(1)': 'H_Abstraction', 'OO(15)+C8H17(34)=C8H18(4)+OOH(1)': 'H_Abstraction', 'OO(15)+S(79)=OOH(1)+S(13)': 'H_Abstraction', 'OO(15)+S(82)=OOH(1)+S(13)': 'H_Abstraction', 'C9H18O(11)+OOH(1)=OO(15)+C9H17O(68)': 'H_Abstraction', 'OO(15)+C8H17O(87)=OOH(1)+C8H18O(14)': 'H_Abstraction', 'OO(15)+C8H17(19)=C8H18(2)+OOH(1)': 'H_Abstraction', 'OO(15)+C8H17(23)=C8H18(3)+OOH(1)': 'H_Abstraction', 'OO(15)+C8H15O(76)=OOH(1)+C8H16O(12)': 'H_Abstraction', 'OO(15)+C6H13O(40)=C6H14O(6)+OOH(1)': 'H_Abstraction', 'C8H18(3)+OOH(1)=OO(15)+C8H17(22)': 'H_Abstraction', 'OO(15)+C8H17(29)=C8H18(4)+OOH(1)': 'H_Abstraction', 'OOH(1)+C8H16O(12)=OO(15)+C8H15O(71)': 'H_Abstraction', 'OO(15)+C6H11(56)=C6H12(8)+OOH(1)': 'H_Abstraction', 'OO(15)+C10H15(63)=Ocimene(9)+OOH(1)': 'H_Abstraction', 'OO(15)+C8H17(32)=C8H18(4)+OOH(1)': 'H_Abstraction', 'OO(15)+C8H17(26)=C8H18(3)+OOH(1)': 'H_Abstraction', 'OO(15)+C8H15O(74)=OOH(1)+C8H16O(12)': 'H_Abstraction', 'OO(15)+S(77)=OOH(1)+S(13)': 'H_Abstraction', 'OO(15)+C6H11(54)=C6H12(8)+OOH(1)': 'H_Abstraction', 'OO(15)+C5H11O(36)=C5H12O(5)+OOH(1)': 'H_Abstraction', 'OO(15)+C8H17(27)=C8H18(3)+OOH(1)': 'H_Abstraction', 'OO(15)+C8H17O(86)=OOH(1)+C8H18O(14)': 'H_Abstraction', 'OO(15)+C10H15(64)=Ocimene(9)+OOH(1)': 'H_Abstraction', 'OO(15)+C6H13O(45)=C6H14O(6)+OOH(1)': 'H_Abstraction', 'OO(15)+C5H11O(38)=C5H12O(5)+OOH(1)': 'H_Abstraction', 'OO(15)+C9H17(51)=C9H18(7)+OOH(1)': 'H_Abstraction', 'OO(15)+C6H13O(42)=C6H14O(6)+OOH(1)': 'H_Abstraction', 'OO(15)+C6H11(57)=C6H12(8)+OOH(1)': 'H_Abstraction', 'OO(15)+C8H17O(85)=OOH(1)+C8H18O(14)': 'H_Abstraction', 'OO(15)+C10H15(65)=Ocimene(9)+OOH(1)': 'H_Abstraction', 'OO(15)+C8H17(30)=C8H18(4)+OOH(1)': 'H_Abstraction', 'C9H18(7)+OOH(1)=OO(15)+C9H17(52)': 'H_Abstraction', 'OO(15)+C8H17(24)=C8H18(3)+OOH(1)': 'H_Abstraction', 'OO(15)+C6H13O(41)=C6H14O(6)+OOH(1)': 'H_Abstraction', 'OO(15)+C8H17(18)=C8H18(2)+OOH(1)': 'H_Abstraction', 'OO(15)+C6H13O(43)=C6H14O(6)+OOH(1)': 'H_Abstraction', 'OO(15)+C8H17(20)=C8H18(2)+OOH(1)': 'H_Abstraction', 'Ocimene(9)+OOH(1)=OO(15)+C10H15(59)': 'H_Abstraction', 'OO(15)+C8H17(33)=C8H18(4)+OOH(1)': 'H_Abstraction', 'C8H18(2)+OOH(1)=OO(15)+C8H17(17)': 'H_Abstraction', 'OO(15)+C9H17(50)=C9H18(7)+OOH(1)': 'H_Abstraction', 'OO(15)+C9H17(49)=C9H18(7)+OOH(1)': 'H_Abstraction', 'C8H18(3)+OOH(1)=OO(15)+C8H17(21)': 'H_Abstraction', 'OO(15)+C8H17O(84)=OOH(1)+C8H18O(14)': 'H_Abstraction', 'OO(15)+C8H17O(83)=OOH(1)+C8H18O(14)': 'H_Abstraction', 'Ocimene(9)+OOH(1)=OO(15)+C10H15(61)': 'H_Abstraction', 'OO(15)+S(80)=OOH(1)+S(13)': 'H_Abstraction', 'C8H18(4)+OOH(1)=OO(15)+C8H17(28)': 'H_Abstraction'}
biofuelsTST.py:79 <module> INFO <type 'dict'>
Traceback (most recent call last):
  File "/home/harms.n/Code/OOHabstraction/Biofuels/biofuelsTST.py", line 91, in <module>
    allRxns = sorted(rxnList.keys(), key=sorter_key)
  File "/home/harms.n/Code/OOHabstraction/Biofuels/biofuelsTST.py", line 87, in sorter_key
    for r in rxn.reactants:
AttributeError: 'str' object has no attribute 'reactants'
