biofuelsSymmetryReRun.py:32 <module> INFO RUNNING WITH JOB NUMBER i = 3
biofuelsSymmetryReRun.py:36 <module> INFO Previous .combined.log file loaded
biofuelsSymmetryReRun.py:49 <module> INFO A symmetry issue exists. Continuing calculations on it.
biofuelsSymmetryReRun.py:53 <module> INFO Loading RMG Database ...
biofuelsSymmetryReRun.py:56 <module> INFO /home/harms.n/Code/RMG-database/input
thermo.py:760 loadLibraries INFO Loading thermodynamics library from thermo_DFT_CCSDTF12_BAC.py in /home/harms.n/Code/RMG-database/input/thermo/libraries...
thermo.py:760 loadLibraries INFO Loading thermodynamics library from CBS_QB3_1dHR.py in /home/harms.n/Code/RMG-database/input/thermo/libraries...
thermo.py:760 loadLibraries INFO Loading thermodynamics library from primaryThermoLibrary.py in /home/harms.n/Code/RMG-database/input/thermo/libraries...
thermo.py:760 loadLibraries INFO Loading thermodynamics library from KlippensteinH2O2.py in /home/harms.n/Code/RMG-database/input/thermo/libraries...
thermo.py:774 loadGroups INFO Loading thermodynamics group database from /home/harms.n/Code/RMG-database/input/thermo/groups...
transport.py:294 loadGroups INFO Loading transport group database from /home/harms.n/Code/RMG-database/input/transport/groups...
database.py:165 loadFamilies INFO Loading the user-specified kinetics families from /home/harms.n/Code/RMG-database/input/kinetics/families
statmech.py:526 loadGroups INFO Loading frequencies group database from /home/harms.n/Code/RMG-database/input/statmech/groups...
biofuelsSymmetryReRun.py:65 <module> INFO RMG Database Loaded
biofuelsSymmetryReRun.py:70 <module> INFO Species Dictionary loaded
biofuelsSymmetryReRun.py:74 <module> INFO Chemkin loaded
biofuelsSymmetryReRun.py:88 <module> INFO [('H_Abstraction', 'OOH(1)+OOH(1)=O2(16)+OO(15)                         3.500e+10 0.000     -3.275   \n'), ('H_Abstraction', 'C8H18(2)+OOH(1)=OO(15)+C8H17(17)                    2.800e+12 0.000     16.013   \n'), ('H_Abstraction', 'OO(15)+C8H17(18)=C8H18(2)+OOH(1)                    1.660e-07 5.407     0.040    \n'), ('H_Abstraction', 'OO(15)+C8H17(19)=C8H18(2)+OOH(1)                    3.000e+00 3.280     1.050    \n'), ('H_Abstraction', 'OO(15)+C8H17(20)=C8H18(2)+OOH(1)                    3.000e+00 3.280     1.050    \n'), ('H_Abstraction', 'C8H18(3)+OOH(1)=OO(15)+C8H17(21)                    2.800e+12 0.000     16.013   \n'), ('H_Abstraction', 'C8H18(3)+OOH(1)=OO(15)+C8H17(22)                    2.800e+12 0.000     16.013   \n'), ('H_Abstraction', 'OO(15)+C8H17(23)=C8H18(3)+OOH(1)                    1.660e-07 5.407     0.040    \n'), ('H_Abstraction', 'OO(15)+C8H17(24)=C8H18(3)+OOH(1)                    1.660e-07 5.407     0.040    \n'), ('H_Abstraction', 'OO(15)+C8H17(25)=C8H18(3)+OOH(1)                    3.000e+00 3.280     1.050    \n'), ('H_Abstraction', 'OO(15)+C8H17(26)=C8H18(3)+OOH(1)                    3.000e+00 3.280     1.050    \n'), ('H_Abstraction', 'OO(15)+C8H17(27)=C8H18(3)+OOH(1)                    3.000e+00 3.280     1.050    \n'), ('H_Abstraction', 'C8H18(4)+OOH(1)=OO(15)+C8H17(28)                    2.800e+12 0.000     16.013   \n'), ('H_Abstraction', 'OO(15)+C8H17(29)=C8H18(4)+OOH(1)                    1.660e-07 5.407     0.040    \n'), ('H_Abstraction', 'OO(15)+C8H17(30)=C8H18(4)+OOH(1)                    1.660e-07 5.407     0.040    \n'), ('H_Abstraction', 'OO(15)+C8H17(31)=C8H18(4)+OOH(1)                    1.660e-07 5.407     0.040    \n'), ('H_Abstraction', 'OO(15)+C8H17(32)=C8H18(4)+OOH(1)                    1.660e-07 5.407     0.040    \n'), ('H_Abstraction', 'OO(15)+C8H17(33)=C8H18(4)+OOH(1)                    3.000e+00 3.280     1.050    \n'), ('H_Abstraction', 'OO(15)+C8H17(34)=C8H18(4)+OOH(1)                    3.000e+00 3.280     1.050    \n'), ('H_Abstraction', 'OO(15)+C8H17(35)=C8H18(4)+OOH(1)                    3.000e+00 3.280     1.050    \n'), ('H_Abstraction', 'OO(15)+C5H11O(36)=C5H12O(5)+OOH(1)                  1.660e-07 5.407     0.040    \n'), ('H_Abstraction', 'OO(15)+C5H11O(37)=C5H12O(5)+OOH(1)                  4.200e-01 3.530     1.560    \n'), ('H_Abstraction', 'OO(15)+C5H11O(38)=C5H12O(5)+OOH(1)                  1.150e+01 2.940     0.460    \n'), ('H_Abstraction', 'OO(15)+C5H11O(39)=C5H12O(5)+OOH(1)                  1.134e-01 3.855     8.760    \n'), ('H_Abstraction', 'OO(15)+C6H13O(40)=C6H14O(6)+OOH(1)                  2.910e+00 3.310     1.410    \n'), ('H_Abstraction', 'OO(15)+C6H13O(41)=C6H14O(6)+OOH(1)                  1.660e-07 5.407     0.040    \n'), ('H_Abstraction', 'OO(15)+C6H13O(42)=C6H14O(6)+OOH(1)                  1.660e-07 5.407     0.040    \n'), ('H_Abstraction', 'OO(15)+C6H13O(43)=C6H14O(6)+OOH(1)                  5.700e+01 3.040     1.210    \n'), ('H_Abstraction', 'OO(15)+C6H13O(44)=C6H14O(6)+OOH(1)                  6.110e-01 3.530     1.520    \n'), ('H_Abstraction', 'OO(15)+C6H13O(45)=C6H14O(6)+OOH(1)                  3.000e+00 3.280     1.050    \n'), ('H_Abstraction', 'OO(15)+C6H13O(46)=C6H14O(6)+OOH(1)                  1.134e-01 3.855     8.760    \n'), ('H_Abstraction', 'C9H18(7)+OOH(1)=OO(15)+C9H17(47)                    1.330e+11 0.000     11.300   \n'), ('H_Abstraction', 'OO(15)+C9H17(48)=C9H18(7)+OOH(1)                    1.660e-07 5.407     0.040    \n'), ('H_Abstraction', 'OO(15)+C9H17(49)=C9H18(7)+OOH(1)                    1.660e-07 5.407     0.040    \n'), ('H_Abstraction', 'OO(15)+C9H17(50)=C9H18(7)+OOH(1)                    3.000e+00 3.280     1.050    \n'), ('H_Abstraction', 'OO(15)+C9H17(51)=C9H18(7)+OOH(1)                    3.000e+00 3.280     1.050    \n'), ('H_Abstraction', 'C9H18(7)+OOH(1)=OO(15)+C9H17(52)                    3.470e-03 4.650     9.780    \n'), ('H_Abstraction', 'OO(15)+C9H17(53)=C9H18(7)+OOH(1)                    8.750e-01 3.590     -4.030   \n'), ('H_Abstraction', 'OO(15)+C6H11(54)=C6H12(8)+OOH(1)                    2.910e+00 3.310     1.410    \n'), ('H_Abstraction', 'OO(15)+C6H11(55)=C6H12(8)+OOH(1)                    1.660e-07 5.407     0.040    \n'), ('H_Abstraction', 'OO(15)+C6H11(56)=C6H12(8)+OOH(1)                    1.660e-07 5.407     0.040    \n'), ('H_Abstraction', 'OO(15)+C6H11(57)=C6H12(8)+OOH(1)                    3.000e+00 3.280     1.050    \n'), ('H_Abstraction', 'Ocimene(9)+OOH(1)=OO(15)+C10H15(58)                 2.744e-03 4.451     7.588    \n'), ('H_Abstraction', 'Ocimene(9)+OOH(1)=OO(15)+C10H15(59)                 2.744e-03 4.451     7.588    \n'), ('H_Abstraction', 'OO(15)+C10H15(60)=Ocimene(9)+OOH(1)                 3.510e-02 4.220     9.860    \n'), ('H_Abstraction', 'Ocimene(9)+OOH(1)=OO(15)+C10H15(61)                 1.735e-03 4.650     9.780    \n'), ('H_Abstraction', 'OO(15)+C10H15(62)=Ocimene(9)+OOH(1)                 8.750e-01 3.590     -4.030   \n'), ('H_Abstraction', 'OO(15)+C10H15(63)=Ocimene(9)+OOH(1)                 8.750e-01 3.590     -4.030   \n'), ('H_Abstraction', 'OO(15)+C10H15(64)=Ocimene(9)+OOH(1)                 2.000e+00 3.520     -7.480   \n'), ('H_Abstraction', 'OO(15)+C10H15(65)=Ocimene(9)+OOH(1)                 2.000e+00 3.520     -7.480   \n'), ('H_Abstraction', 'Xylene(10)+OOH(1)=OO(15)+C8H9(66)                   7.920e+11 0.000     14.080   \n'), ('H_Abstraction', 'OO(15)+C8H9(67)=Xylene(10)+OOH(1)                   1.381e-02 4.118     1.722    \n'), ('H_Abstraction', 'C9H18O(11)+OOH(1)=OO(15)+C9H17O(68)                 5.600e+12 0.000     16.013   \n'), ('H_Abstraction', 'OO(15)+C9H17O(69)=C9H18O(11)+OOH(1)                 3.240e-11 6.525     2.900    \n'), ('H_Abstraction', 'OO(15)+C9H17O(70)=C9H18O(11)+OOH(1)                 3.000e+00 3.280     1.050    \n'), ('H_Abstraction', 'OOH(1)+C8H16O(12)=OO(15)+C8H15O(71)                 2.800e+12 0.000     16.013   \n'), ('H_Abstraction', 'OOH(1)+C8H16O(12)=OO(15)+C8H15O(72)                 1.330e+11 0.000     11.300   \n'), ('H_Abstraction', 'OO(15)+C8H15O(73)=OOH(1)+C8H16O(12)                 1.660e-07 5.407     0.040    \n'), ('H_Abstraction', 'OO(15)+C8H15O(74)=OOH(1)+C8H16O(12)                 3.000e+00 3.280     1.050    \n'), ('H_Abstraction', 'OO(15)+C8H15O(75)=OOH(1)+C8H16O(12)                 3.000e+00 3.280     1.050    \n'), ('H_Abstraction', 'OO(15)+C8H15O(76)=OOH(1)+C8H16O(12)                 1.060e-05 5.025     1.657    \n'), ('H_Abstraction', 'OO(15)+S(77)=OOH(1)+S(13)                           3.460e+01 3.050     1.020    \n'), ('H_Abstraction', 'OO(15)+S(78)=OOH(1)+S(13)                           5.700e+01 3.040     1.210    \n'), ('H_Abstraction', 'OO(15)+S(79)=OOH(1)+S(13)                           5.700e+01 3.040     1.210    \n'), ('H_Abstraction', 'OO(15)+S(80)=OOH(1)+S(13)                           4.200e-01 3.530     1.560    \n'), ('H_Abstraction', 'OO(15)+S(81)=OOH(1)+S(13)                           4.200e-01 3.530     1.560    \n'), ('H_Abstraction', 'OO(15)+S(82)=OOH(1)+S(13)                           1.134e-01 3.855     8.760    \n'), ('H_Abstraction', 'OO(15)+C8H17O(83)=OOH(1)+C8H18O(14)                 3.460e+01 3.050     1.020    \n'), ('H_Abstraction', 'OO(15)+C8H17O(84)=OOH(1)+C8H18O(14)                 3.460e+01 3.050     1.020    \n'), ('H_Abstraction', 'OO(15)+C8H17O(85)=OOH(1)+C8H18O(14)                 1.660e-07 5.407     0.040    \n'), ('H_Abstraction', 'OO(15)+C8H17O(86)=OOH(1)+C8H18O(14)                 3.000e+00 3.280     1.050    \n'), ('H_Abstraction', 'OO(15)+C8H17O(87)=OOH(1)+C8H18O(14)                 1.150e+01 2.940     0.460    \n')]
biofuelsSymmetryReRun.py:89 <module> INFO <type 'list'>
biofuelsSymmetryReRun.py:91 <module> INFO Reaction list generated
biofuelsSymmetryReRun.py:96 <module> INFO This reaction:
biofuelsSymmetryReRun.py:97 <module> INFO OO(15)+C8H17(18)=C8H18(2)+OOH(1)
biofuelsSymmetryReRun.py:98 <module> INFO 'OO(15)+C8H17(18)=C8H18(2)+OOH(1)'
biofuelsSymmetryReRun.py:99 <module> INFO OO(15)+C8H17(18)
biofuelsSymmetryReRun.py:100 <module> INFO C8H18(2)+OOH(1)
biofuelsSymmetryReRun.py:117 <module> INFO generateReactionsFromFamilies successfuly performed
biofuelsSymmetryReRun.py:190 performCalcs INFO chemkinRxn: Reaction(reactants=[Molecule(SMILES="OO"), Molecule(SMILES="CC(C)[CH]C(C)(C)C")], products=[Molecule(SMILES="CC(C)CC(C)(C)C"), Molecule(SMILES="[O]O")], degeneracy=2, pairs=[[Molecule(SMILES="OO"), Molecule(SMILES="[O]O")], [Molecule(SMILES="CC(C)[CH]C(C)(C)C"), Molecule(SMILES="CC(C)CC(C)(C)C")]])
biofuelsSymmetryReRun.py:192 performCalcs INFO Ensuring resonance isomers have been generated
biofuelsSymmetryReRun.py:211 performCalcs INFO Generated one reaction:
biofuelsSymmetryReRun.py:212 performCalcs INFO [Reaction(reactants=[Molecule(SMILES="OO"), Molecule(SMILES="CC(C)[CH]C(C)(C)C")], products=[Molecule(SMILES="CC(C)CC(C)(C)C"), Molecule(SMILES="[O]O")], degeneracy=2, pairs=[[Molecule(SMILES="OO"), Molecule(SMILES="[O]O")], [Molecule(SMILES="CC(C)[CH]C(C)(C)C"), Molecule(SMILES="CC(C)CC(C)(C)C")]])]
biofuelsSymmetryReRun.py:221 performCalcs INFO The reaction of interest is as follows: 
biofuelsSymmetryReRun.py:222 performCalcs INFO <Molecule "OO"> + <Molecule "CC(C)[CH]C(C)(C)C"> <=> <Molecule "CC(C)CC(C)(C)C"> + <Molecule "[O]O">
biofuelsSymmetryReRun.py:224 performCalcs INFO asserting that the testReaction is Isomorphic
biofuelsSymmetryReRun.py:226 performCalcs INFO reaction: Reaction(reactants=[Molecule(SMILES="OO"), Molecule(SMILES="CC(C)[CH]C(C)(C)C")], products=[Molecule(SMILES="CC(C)CC(C)(C)C"), Molecule(SMILES="[O]O")], degeneracy=2, pairs=[[Molecule(SMILES="OO"), Molecule(SMILES="[O]O")], [Molecule(SMILES="CC(C)[CH]C(C)(C)C"), Molecule(SMILES="CC(C)CC(C)(C)C")]])
biofuelsSymmetryReRun.py:232 performCalcs INFO Labeling reactant atoms
biofuelsSymmetryReRun.py:242 performCalcs INFO Labeling product atoms
biofuelsSymmetryReRun.py:258 performCalcs INFO We have generated a H_Abstraction reaction that matches, and used it to label the atoms.
biofuelsSymmetryReRun.py:260 performCalcs INFO Calculating reaction kinetics
biofuelsSymmetryReRun.py:167 calculate INFO Calculating reaction rate for <Molecule "OO"> + <Molecule "CC(C)[CH]C(C)(C)C"> <=> <Molecule "CC(C)CC(C)(C)C"> + <Molecule "[O]O">
biofuelsSymmetryReRun.py:169 calculate INFO Selecting the appropriate TS distance database for family 'H_Abstraction'
biofuelsSymmetryReRun.py:171 calculate INFO Calculating kinetic data by calling qmCalc.getKineticData
reaction.py:619 loadKineticsData INFO Kinetics results file /gss_gpfs_scratch/harms.n/QMfiles/CC(C)[CH]C(C)(C)C+OO_CC(C)CC(C)(C)C+[O]O.kinetics does not exist or is invalid
reaction.py:520 generateTSGeometryDirectGuess INFO Generating a TS geometry via the direct guess method
reaction.py:300 generateBoundsMatrix INFO Generating bounds matrix for CC(C)[CH]C(C)(C)C.OO
reaction.py:537 generateTSGeometryDirectGuess INFO TS file /gss_gpfs_scratch/harms.n/QMfiles/CC(C)[CH]C(C)(C)C+OO_CC(C)CC(C)(C)C+[O]O.ts exists. Loading it to save time.
reaction.py:54 loadTSDataFile INFO Reading existing ts file /gss_gpfs_scratch/harms.n/QMfiles/CC(C)[CH]C(C)(C)C+OO_CC(C)CC(C)(C)C+[O]O.ts
gaussian.py:168 verifyOutputFile INFO Successful GaussianMolM062X quantum result in /gss_gpfs_scratch/harms.n/QMscratch/MHAJPDPJQMAIIY-UHFFFAOYSA.log
gaussian.py:268 generateQMData INFO Found a successful output file; using that.
symmetry.py:221 writeInputFile INFO Symmetry input file written to /gss_gpfs_scratch/harms.n/QMscratch/MHAJPDPJQMAIIY-UHFFFAOYSA.symm
symmetry.py:188 parse INFO Point group: C2
gaussian.py:111 verifyOutputFile INFO Output file /gss_gpfs_scratch/harms.n/QMscratch/YLKOHXBWQVJAIQ-UHFFFAOYSA-u6.log does not exist.
gaussian.py:189 writeInputFile INFO Writing gaussian input file None
gaussian.py:275 generateQMData INFO Trying GaussianMolM062X attempt 1 of 36 on molecule CC(C)[CH]C(C)(C)C.
gaussian.py:168 verifyOutputFile INFO Successful GaussianMolM062X quantum result in /gss_gpfs_scratch/harms.n/QMscratch/YLKOHXBWQVJAIQ-UHFFFAOYSA-u6.log
gaussian.py:278 generateQMData INFO Attempt 1 of 36 on species InChI=1S/C8H17/c1-7(2)6-8(3,4)5/h6-7H,1-5H3/u6 succeeded.
symmetry.py:221 writeInputFile INFO Symmetry input file written to /gss_gpfs_scratch/harms.n/QMscratch/YLKOHXBWQVJAIQ-UHFFFAOYSA-u6.symm
symmetry.py:188 parse INFO Point group: C1
gaussian.py:148 verifyOutputFile ERROR Not all of the required keywords for success were found in the output file!
gaussian.py:189 writeInputFile INFO Writing gaussian input file None
gaussian.py:275 generateQMData INFO Trying GaussianMolM062X attempt 1 of 36 on molecule CC(C)CC(C)(C)C.
gaussian.py:168 verifyOutputFile INFO Successful GaussianMolM062X quantum result in /gss_gpfs_scratch/harms.n/QMscratch/NHTMVDHEPJAVLT-UHFFFAOYSA.log
gaussian.py:278 generateQMData INFO Attempt 1 of 36 on species InChI=1S/C8H18/c1-7(2)6-8(3,4)5/h7H,6H2,1-5H3 succeeded.
symmetry.py:221 writeInputFile INFO Symmetry input file written to /gss_gpfs_scratch/harms.n/QMscratch/NHTMVDHEPJAVLT-UHFFFAOYSA.symm
symmetry.py:188 parse INFO Point group: C1
gaussian.py:168 verifyOutputFile INFO Successful GaussianMolM062X quantum result in /gss_gpfs_scratch/harms.n/QMscratch/OUUQCZGPVNCOIJ-UHFFFAOYSA-u2.log
gaussian.py:268 generateQMData INFO Found a successful output file; using that.
symmetry.py:221 writeInputFile INFO Symmetry input file written to /gss_gpfs_scratch/harms.n/QMscratch/OUUQCZGPVNCOIJ-UHFFFAOYSA-u2.symm
symmetry.py:188 parse INFO Point group: Cs
CanTherm execution initiated at Fri May 19 07:05:19 2017

###############################################################
#                                                             #
#                          CanTherm                           #
#                                                             #
#   Version: 0.1.0 (14 May 2009)                              #
#   Authors: RMG Developers (rmg_dev@mit.edu)                 #
#   P.I.:    William H. Green (whgreen@mit.edu)               #
#   Website: http://rmg.sourceforge.net/                      #
#                                                             #
###############################################################

Loading species MHAJPDPJQMAIIY-UHFFFAOYSA...
Loading species YLKOHXBWQVJAIQ-UHFFFAOYSA-u6...
Loading species NHTMVDHEPJAVLT-UHFFFAOYSA...
Loading species OUUQCZGPVNCOIJ-UHFFFAOYSA-u2...
Loading transition state TS...
Loading reaction CC(C)[CH]C(C)(C)C+OO_CC(C)CC(C)(C)C+[O]O...


Loading statistical mechanics parameters for MHAJPDPJQMAIIY-UHFFFAOYSA...
Warning: No bond energy correction found for model chemistry: M062X/MG3S
Saving statistical mechanics parameters for MHAJPDPJQMAIIY-UHFFFAOYSA...
Loading statistical mechanics parameters for YLKOHXBWQVJAIQ-UHFFFAOYSA-u6...
Warning: No bond energy correction found for model chemistry: M062X/MG3S
Saving statistical mechanics parameters for YLKOHXBWQVJAIQ-UHFFFAOYSA-u6...
Loading statistical mechanics parameters for NHTMVDHEPJAVLT-UHFFFAOYSA...
Warning: No bond energy correction found for model chemistry: M062X/MG3S
Saving statistical mechanics parameters for NHTMVDHEPJAVLT-UHFFFAOYSA...
Loading statistical mechanics parameters for OUUQCZGPVNCOIJ-UHFFFAOYSA-u2...
Warning: No bond energy correction found for model chemistry: M062X/MG3S
Saving statistical mechanics parameters for OUUQCZGPVNCOIJ-UHFFFAOYSA-u2...
Loading statistical mechanics parameters for TS...
Warning: No bond energy correction found for model chemistry: M062X/MG3S
Saving statistical mechanics parameters for TS...
Generating Arrhenius kinetics model for Arrhenius...
Saving kinetics for MHAJPDPJQMAIIY-UHFFFAOYSA + YLKOHXBWQVJAIQ-UHFFFAOYSA-u6 <=> NHTMVDHEPJAVLT-UHFFFAOYSA + OUUQCZGPVNCOIJ-UHFFFAOYSA-u2...

CanTherm execution terminated at Fri May 19 07:05:21 2017
Saving kinetics data file /gss_gpfs_scratch/harms.n/QMfiles/CC(C)[CH]C(C)(C)C+OO_CC(C)CC(C)(C)C+[O]O.kinetics
Removing 'core*' files
Yay, reaction kinetics calculated!!!
Reaction(label='CC(C)[CH]C(C)(C)C+OO_CC(C)CC(C)(C)C+[O]O', reactants=[Species(label="MHAJPDPJQMAIIY-UHFFFAOYSA", conformer=Conformer(E0=(-134.382,'kJ/mol'), modes=[IdealGasTranslation(mass=(34.0055,'amu')), NonlinearRotor(inertia=([1.63801,18.4022,19.029],'amu*angstrom^2'), symmetry=1), HarmonicOscillator(frequencies=([378.1,1029.14,1344.99,1458.5,3786.54,3787.27],'cm^-1'))])), Species(label="YLKOHXBWQVJAIQ-UHFFFAOYSA-u6", conformer=Conformer(E0=(-50.5725,'kJ/mol'), modes=[IdealGasTranslation(mass=(113.133,'amu')), NonlinearRotor(inertia=([170.548,410.393,457.369],'amu*angstrom^2'), symmetry=1), HarmonicOscillator(frequencies=([35.6689,69.4677,169.97,214.478,232.305,252.897,263.968,273.359,277.489,290.259,298.081,348.301,375.22,397.996,439.016,508.955,524.844,752.706,840.67,907.688,913.823,919.024,933.378,941.459,948.052,1012.93,1016.65,1030.16,1091.76,1134.03,1178.97,1199.31,1220.01,1257.8,1294.93,1318.17,1365.36,1367.94,1370.11,1384.17,1396.5,1410.77,1456.39,1458.73,1462.68,1463.9,1465.23,1477.03,1480.24,1483.1,1484.79,1495.24,2978.1,2980.3,2983.54,2984.52,2985.86,3001.56,3050.21,3051.54,3051.75,3054.07,3054.94,3057.19,3057.99,3060.96,3061.43,3070.22,3106.71],'cm^-1'))], spinMultiplicity=2))], products=[Species(label="NHTMVDHEPJAVLT-UHFFFAOYSA", conformer=Conformer(E0=(-232.027,'kJ/mol'), modes=[IdealGasTranslation(mass=(114.141,'amu')), NonlinearRotor(inertia=([171.394,410.851,457.344],'amu*angstrom^2'), symmetry=1), HarmonicOscillator(frequencies=([68.1231,98.3387,192.541,221.166,234.599,269.121,276.117,296.804,304.38,328.207,352.41,384.141,408.91,413.612,451.561,503.057,746.413,837.913,867.63,909.735,919.864,934.176,938.579,947.479,953.84,987.113,1023.57,1029.81,1104.79,1125.03,1179.41,1210.33,1223.38,1265.28,1290.68,1306.67,1345.09,1366.05,1376.56,1380.02,1380.08,1394.77,1409.67,1457.46,1460.29,1464.07,1467.5,1468.65,1473.34,1482.12,1485.61,1489.14,1491.38,1499.77,2968.46,2981.19,2983.19,2985.06,2985.77,2991.66,2996.44,3009.9,3047,3051.99,3053.9,3054.57,3055.61,3057.12,3062.35,3065.76,3067,3080.61],'cm^-1'))])), Species(label="OUUQCZGPVNCOIJ-UHFFFAOYSA-u2", conformer=Conformer(E0=(6.19549,'kJ/mol'), modes=[IdealGasTranslation(mass=(32.9977,'amu')), NonlinearRotor(inertia=([0.800947,14.5112,15.3121],'amu*angstrom^2'), symmetry=1), HarmonicOscillator(frequencies=([1245.9,1447.19,3645.15],'cm^-1'))], spinMultiplicity=2))], kinetics=Arrhenius(A=(1.44774e-06,'cm^3/(mol*s)'), n=4.48985, Ea=(5.98104,'kJ/mol'), T0=(1,'K'), Tmin=(303.03,'K'), Tmax=(2500,'K'), comment="""Fitted to 59 data points; dA = *|/ 1.52922, dn = +|- 0.0557455, dEa = +|- 0.306656 kJ/mol"""), transitionState=TransitionState(label="TS", conformer=Conformer(E0=(-153.596,'kJ/mol'), modes=[IdealGasTranslation(mass=(147.138,'amu')), NonlinearRotor(inertia=([381.349,513.884,708.121],'amu*angstrom^2'), symmetry=1), HarmonicOscillator(frequencies=([55.0596,88.6536,95.4721,121.558,152.47,209.079,215.74,236.517,254.788,269.633,279.079,290.778,312.291,341.244,351.543,372.039,392.747,397.812,421.843,425.488,584.633,604.549,735.329,807.513,878.919,903.476,927.761,928.914,943.8,949.322,956.372,994.014,1024.17,1036.97,1062.8,1097.93,1124.42,1174,1198.24,1214.09,1217.92,1273.56,1320.71,1339.74,1368.65,1372.61,1380.54,1381.61,1395.04,1402.81,1409.46,1453.25,1460.38,1461.39,1464.08,1469.14,1475.45,1481.5,1489.34,1491.93,1495.38,1504.79,2983.74,2985.27,2989,2991.21,2993.86,2996.06,3014.63,3051.22,3056.16,3059.2,3062.68,3063.88,3064.54,3070.95,3074.46,3079.75,3085.48,3725.69],'cm^-1'))], spinMultiplicity=2), frequency=(-1820.47,'cm^-1'), tunneling=Eckart(frequency=(-1820.47,'cm^-1'), E0_reac=(-184.954,'kJ/mol'), E0_TS=(-153.596,'kJ/mol'), E0_prod=(-225.832,'kJ/mol'))))
For reaction Reaction(label='CC(C)[CH]C(C)(C)C+OO_CC(C)CC(C)(C)C+[O]O', reactants=[Species(label="MHAJPDPJQMAIIY-UHFFFAOYSA", conformer=Conformer(E0=(-134.382,'kJ/mol'), modes=[IdealGasTranslation(mass=(34.0055,'amu')), NonlinearRotor(inertia=([1.63801,18.4022,19.029],'amu*angstrom^2'), symmetry=1), HarmonicOscillator(frequencies=([378.1,1029.14,1344.99,1458.5,3786.54,3787.27],'cm^-1'))])), Species(label="YLKOHXBWQVJAIQ-UHFFFAOYSA-u6", conformer=Conformer(E0=(-50.5725,'kJ/mol'), modes=[IdealGasTranslation(mass=(113.133,'amu')), NonlinearRotor(inertia=([170.548,410.393,457.369],'amu*angstrom^2'), symmetry=1), HarmonicOscillator(frequencies=([35.6689,69.4677,169.97,214.478,232.305,252.897,263.968,273.359,277.489,290.259,298.081,348.301,375.22,397.996,439.016,508.955,524.844,752.706,840.67,907.688,913.823,919.024,933.378,941.459,948.052,1012.93,1016.65,1030.16,1091.76,1134.03,1178.97,1199.31,1220.01,1257.8,1294.93,1318.17,1365.36,1367.94,1370.11,1384.17,1396.5,1410.77,1456.39,1458.73,1462.68,1463.9,1465.23,1477.03,1480.24,1483.1,1484.79,1495.24,2978.1,2980.3,2983.54,2984.52,2985.86,3001.56,3050.21,3051.54,3051.75,3054.07,3054.94,3057.19,3057.99,3060.96,3061.43,3070.22,3106.71],'cm^-1'))], spinMultiplicity=2))], products=[Species(label="NHTMVDHEPJAVLT-UHFFFAOYSA", conformer=Conformer(E0=(-232.027,'kJ/mol'), modes=[IdealGasTranslation(mass=(114.141,'amu')), NonlinearRotor(inertia=([171.394,410.851,457.344],'amu*angstrom^2'), symmetry=1), HarmonicOscillator(frequencies=([68.1231,98.3387,192.541,221.166,234.599,269.121,276.117,296.804,304.38,328.207,352.41,384.141,408.91,413.612,451.561,503.057,746.413,837.913,867.63,909.735,919.864,934.176,938.579,947.479,953.84,987.113,1023.57,1029.81,1104.79,1125.03,1179.41,1210.33,1223.38,1265.28,1290.68,1306.67,1345.09,1366.05,1376.56,1380.02,1380.08,1394.77,1409.67,1457.46,1460.29,1464.07,1467.5,1468.65,1473.34,1482.12,1485.61,1489.14,1491.38,1499.77,2968.46,2981.19,2983.19,2985.06,2985.77,2991.66,2996.44,3009.9,3047,3051.99,3053.9,3054.57,3055.61,3057.12,3062.35,3065.76,3067,3080.61],'cm^-1'))])), Species(label="OUUQCZGPVNCOIJ-UHFFFAOYSA-u2", conformer=Conformer(E0=(6.19549,'kJ/mol'), modes=[IdealGasTranslation(mass=(32.9977,'amu')), NonlinearRotor(inertia=([0.800947,14.5112,15.3121],'amu*angstrom^2'), symmetry=1), HarmonicOscillator(frequencies=([1245.9,1447.19,3645.15],'cm^-1'))], spinMultiplicity=2))], kinetics=Arrhenius(A=(1.44774e-06,'cm^3/(mol*s)'), n=4.48985, Ea=(5.98104,'kJ/mol'), T0=(1,'K'), Tmin=(303.03,'K'), Tmax=(2500,'K'), comment="""Fitted to 59 data points; dA = *|/ 1.52922, dn = +|- 0.0557455, dEa = +|- 0.306656 kJ/mol"""), transitionState=TransitionState(label="TS", conformer=Conformer(E0=(-153.596,'kJ/mol'), modes=[IdealGasTranslation(mass=(147.138,'amu')), NonlinearRotor(inertia=([381.349,513.884,708.121],'amu*angstrom^2'), symmetry=1), HarmonicOscillator(frequencies=([55.0596,88.6536,95.4721,121.558,152.47,209.079,215.74,236.517,254.788,269.633,279.079,290.778,312.291,341.244,351.543,372.039,392.747,397.812,421.843,425.488,584.633,604.549,735.329,807.513,878.919,903.476,927.761,928.914,943.8,949.322,956.372,994.014,1024.17,1036.97,1062.8,1097.93,1124.42,1174,1198.24,1214.09,1217.92,1273.56,1320.71,1339.74,1368.65,1372.61,1380.54,1381.61,1395.04,1402.81,1409.46,1453.25,1460.38,1461.39,1464.08,1469.14,1475.45,1481.5,1489.34,1491.93,1495.38,1504.79,2983.74,2985.27,2989,2991.21,2993.86,2996.06,3014.63,3051.22,3056.16,3059.2,3062.68,3063.88,3064.54,3070.95,3074.46,3079.75,3085.48,3725.69],'cm^-1'))], spinMultiplicity=2), frequency=(-1820.47,'cm^-1'), tunneling=Eckart(frequency=(-1820.47,'cm^-1'), E0_reac=(-184.954,'kJ/mol'), E0_TS=(-153.596,'kJ/mol'), E0_prod=(-225.832,'kJ/mol'))))
We have calculated kinetics Arrhenius(A=(1.44774e-06,'cm^3/(mol*s)'), n=4.48985, Ea=(5.98104,'kJ/mol'), T0=(1,'K'), Tmin=(303.03,'K'), Tmax=(2500,'K'), comment="""Fitted to 59 data points; dA = *|/ 1.52922, dn = +|- 0.0557455, dEa = +|- 0.306656 kJ/mol""")
